{"/home/bish/Downloads/sites/crm-platform/app/client-layout.tsx": {"path":"/home/bish/Downloads/sites/crm-platform/app/client-layout.tsx","statementMap":{"0":{"start":{"line":5,"column":24},"end":{"line":5,"column":37}},"1":{"start":{"line":3,"column":32},"end":{"line":3,"column":null}}},"fnMap":{"0":{"name":"ClientLayout","decl":{"start":{"line":5,"column":24},"end":{"line":5,"column":37}},"loc":{"start":{"line":9,"column":1},"end":{"line":15,"column":null}}}},"branchMap":{},"s":{"0":0,"1":0},"f":{"0":0},"b":{}}
,"/home/bish/Downloads/sites/crm-platform/app/layout.tsx": {"path":"/home/bish/Downloads/sites/crm-platform/app/layout.tsx","statementMap":{"0":{"start":{"line":15,"column":30},"end":{"line":15,"column":41}},"1":{"start":{"line":10,"column":13},"end":{"line":10,"column":21}},"2":{"start":{"line":2,"column":22},"end":{"line":2,"column":null}},"3":{"start":{"line":3,"column":7},"end":{"line":3,"column":null}},"4":{"start":{"line":4,"column":33},"end":{"line":4,"column":null}},"5":{"start":{"line":5,"column":28},"end":{"line":5,"column":null}},"6":{"start":{"line":6,"column":32},"end":{"line":6,"column":null}},"7":{"start":{"line":8,"column":14},"end":{"line":8,"column":null}},"8":{"start":{"line":10,"column":34},"end":{"line":13,"column":null}},"9":{"start":{"line":20,"column":18},"end":{"line":20,"column":null}}},"fnMap":{"0":{"name":"RootLayout","decl":{"start":{"line":15,"column":30},"end":{"line":15,"column":41}},"loc":{"start":{"line":19,"column":1},"end":{"line":31,"column":1}}}},"branchMap":{},"s":{"0":0,"1":0,"2":0,"3":0,"4":0,"5":0,"6":0,"7":0,"8":0,"9":0},"f":{"0":0},"b":{}}
,"/home/bish/Downloads/sites/crm-platform/app/not-found.tsx": {"path":"/home/bish/Downloads/sites/crm-platform/app/not-found.tsx","statementMap":{"0":{"start":{"line":3,"column":24},"end":{"line":3,"column":null}}},"fnMap":{"0":{"name":"NotFound","decl":{"start":{"line":3,"column":24},"end":{"line":3,"column":null}},"loc":{"start":{"line":3,"column":24},"end":{"line":25,"column":null}}}},"branchMap":{},"s":{"0":0},"f":{"0":0},"b":{}}
,"/home/bish/Downloads/sites/crm-platform/app/page.tsx": {"path":"/home/bish/Downloads/sites/crm-platform/app/page.tsx","statementMap":{"0":{"start":{"line":31,"column":0},"end":{"line":31,"column":15}},"1":{"start":{"line":2,"column":18},"end":{"line":2,"column":null}},"2":{"start":{"line":3,"column":32},"end":{"line":3,"column":null}},"3":{"start":{"line":4,"column":21},"end":{"line":4,"column":null}},"4":{"start":{"line":5,"column":25},"end":{"line":5,"column":null}},"5":{"start":{"line":6,"column":27},"end":{"line":6,"column":null}},"6":{"start":{"line":7,"column":26},"end":{"line":7,"column":null}},"7":{"start":{"line":9,"column":13},"end":{"line":29,"column":null}},"8":{"start":{"line":10,"column":36},"end":{"line":10,"column":null}},"9":{"start":{"line":11,"column":17},"end":{"line":11,"column":null}},"10":{"start":{"line":13,"column":2},"end":{"line":15,"column":null}},"11":{"start":{"line":14,"column":4},"end":{"line":14,"column":null}},"12":{"start":{"line":17,"column":2},"end":{"line":20,"column":null}},"13":{"start":{"line":18,"column":4},"end":{"line":18,"column":null}},"14":{"start":{"line":19,"column":4},"end":{"line":19,"column":null}},"15":{"start":{"line":31,"column":15},"end":{"line":31,"column":null}}},"fnMap":{"0":{"name":"(anonymous_2)","decl":{"start":{"line":9,"column":13},"end":{"line":9,"column":null}},"loc":{"start":{"line":9,"column":13},"end":{"line":29,"column":null}}}},"branchMap":{"0":{"loc":{"start":{"line":13,"column":2},"end":{"line":15,"column":null}},"type":"if","locations":[{"start":{"line":13,"column":2},"end":{"line":15,"column":null}}]},"1":{"loc":{"start":{"line":17,"column":2},"end":{"line":20,"column":null}},"type":"if","locations":[{"start":{"line":17,"column":2},"end":{"line":20,"column":null}}]}},"s":{"0":0,"1":0,"2":0,"3":0,"4":0,"5":0,"6":0,"7":0,"8":0,"9":0,"10":0,"11":0,"12":0,"13":0,"14":0,"15":0},"f":{"0":0},"b":{"0":[0],"1":[0]}}
,"/home/bish/Downloads/sites/crm-platform/app/providers.tsx": {"path":"/home/bish/Downloads/sites/crm-platform/app/providers.tsx","statementMap":{"0":{"start":{"line":6,"column":16},"end":{"line":6,"column":32}},"1":{"start":{"line":4,"column":59},"end":{"line":4,"column":null}}},"fnMap":{"0":{"name":"SessionProvider","decl":{"start":{"line":6,"column":16},"end":{"line":6,"column":32}},"loc":{"start":{"line":12,"column":1},"end":{"line":18,"column":null}}}},"branchMap":{},"s":{"0":0,"1":0},"f":{"0":0},"b":{}}
,"/home/bish/Downloads/sites/crm-platform/app/api/auth/[...nextauth]/config.ts": {"path":"/home/bish/Downloads/sites/crm-platform/app/api/auth/[...nextauth]/config.ts","statementMap":{"0":{"start":{"line":6,"column":13},"end":{"line":6,"column":40}},"1":{"start":{"line":2,"column":32},"end":{"line":2,"column":null}},"2":{"start":{"line":3,"column":23},"end":{"line":3,"column":null}},"3":{"start":{"line":4,"column":19},"end":{"line":4,"column":null}},"4":{"start":{"line":6,"column":40},"end":{"line":101,"column":null}},"5":{"start":{"line":10,"column":29},"end":{"line":10,"column":null}},"6":{"start":{"line":11,"column":6},"end":{"line":16,"column":null}},"7":{"start":{"line":12,"column":8},"end":{"line":12,"column":null}},"8":{"start":{"line":14,"column":11},"end":{"line":16,"column":null}},"9":{"start":{"line":15,"column":8},"end":{"line":15,"column":null}},"10":{"start":{"line":17,"column":6},"end":{"line":17,"column":null}},"11":{"start":{"line":20,"column":6},"end":{"line":22,"column":null}},"12":{"start":{"line":21,"column":8},"end":{"line":21,"column":null}},"13":{"start":{"line":23,"column":6},"end":{"line":23,"column":null}},"14":{"start":{"line":26,"column":6},"end":{"line":28,"column":null}},"15":{"start":{"line":27,"column":8},"end":{"line":27,"column":null}},"16":{"start":{"line":29,"column":6},"end":{"line":29,"column":null}},"17":{"start":{"line":40,"column":8},"end":{"line":42,"column":null}},"18":{"start":{"line":41,"column":10},"end":{"line":41,"column":null}},"19":{"start":{"line":44,"column":21},"end":{"line":46,"column":null}},"20":{"start":{"line":48,"column":8},"end":{"line":50,"column":null}},"21":{"start":{"line":49,"column":10},"end":{"line":49,"column":null}},"22":{"start":{"line":52,"column":8},"end":{"line":56,"column":null}}},"fnMap":{"0":{"name":"(anonymous_2)","decl":{"start":{"line":8,"column":4},"end":{"line":8,"column":10}},"loc":{"start":{"line":8,"column":35},"end":{"line":18,"column":null}}},"1":{"name":"(anonymous_3)","decl":{"start":{"line":19,"column":4},"end":{"line":19,"column":10}},"loc":{"start":{"line":19,"column":29},"end":{"line":24,"column":null}}},"2":{"name":"(anonymous_4)","decl":{"start":{"line":25,"column":4},"end":{"line":25,"column":10}},"loc":{"start":{"line":25,"column":36},"end":{"line":30,"column":null}}},"3":{"name":"(anonymous_5)","decl":{"start":{"line":39,"column":6},"end":{"line":39,"column":12}},"loc":{"start":{"line":39,"column":33},"end":{"line":57,"column":null}}}},"branchMap":{"0":{"loc":{"start":{"line":10,"column":29},"end":{"line":10,"column":null}},"type":"binary-expr","locations":[{"start":{"line":10,"column":29},"end":{"line":10,"column":53}},{"start":{"line":10,"column":57},"end":{"line":10,"column":null}}]},"1":{"loc":{"start":{"line":11,"column":6},"end":{"line":16,"column":null}},"type":"if","locations":[{"start":{"line":11,"column":6},"end":{"line":16,"column":null}},{"start":{"line":14,"column":11},"end":{"line":16,"column":null}}]},"2":{"loc":{"start":{"line":14,"column":11},"end":{"line":16,"column":null}},"type":"if","locations":[{"start":{"line":14,"column":11},"end":{"line":16,"column":null}}]},"3":{"loc":{"start":{"line":20,"column":6},"end":{"line":22,"column":null}},"type":"if","locations":[{"start":{"line":20,"column":6},"end":{"line":22,"column":null}}]},"4":{"loc":{"start":{"line":26,"column":6},"end":{"line":28,"column":null}},"type":"if","locations":[{"start":{"line":26,"column":6},"end":{"line":28,"column":null}}]},"5":{"loc":{"start":{"line":26,"column":10},"end":{"line":26,"column":31}},"type":"binary-expr","locations":[{"start":{"line":26,"column":10},"end":{"line":26,"column":19}},{"start":{"line":26,"column":19},"end":{"line":26,"column":31}}]},"6":{"loc":{"start":{"line":40,"column":8},"end":{"line":42,"column":null}},"type":"if","locations":[{"start":{"line":40,"column":8},"end":{"line":42,"column":null}}]},"7":{"loc":{"start":{"line":40,"column":12},"end":{"line":40,"column":59}},"type":"binary-expr","locations":[{"start":{"line":40,"column":12},"end":{"line":40,"column":35}},{"start":{"line":40,"column":35},"end":{"line":40,"column":59}}]},"8":{"loc":{"start":{"line":48,"column":8},"end":{"line":50,"column":null}},"type":"if","locations":[{"start":{"line":48,"column":8},"end":{"line":50,"column":null}}]},"9":{"loc":{"start":{"line":48,"column":12},"end":{"line":48,"column":97}},"type":"binary-expr","locations":[{"start":{"line":48,"column":12},"end":{"line":48,"column":21}},{"start":{"line":48,"column":21},"end":{"line":48,"column":35}},{"start":{"line":48,"column":39},"end":{"line":48,"column":97}}]},"10":{"loc":{"start":{"line":66,"column":12},"end":{"line":66,"column":null}},"type":"cond-expr","locations":[{"start":{"line":66,"column":52},"end":{"line":66,"column":89}},{"start":{"line":66,"column":89},"end":{"line":66,"column":null}}]},"11":{"loc":{"start":{"line":72,"column":16},"end":{"line":72,"column":null}},"type":"cond-expr","locations":[{"start":{"line":72,"column":56},"end":{"line":72,"column":78}},{"start":{"line":72,"column":78},"end":{"line":72,"column":null}}]},"12":{"loc":{"start":{"line":76,"column":12},"end":{"line":76,"column":null}},"type":"cond-expr","locations":[{"start":{"line":76,"column":52},"end":{"line":76,"column":88}},{"start":{"line":76,"column":88},"end":{"line":76,"column":null}}]},"13":{"loc":{"start":{"line":81,"column":16},"end":{"line":81,"column":null}},"type":"cond-expr","locations":[{"start":{"line":81,"column":56},"end":{"line":81,"column":78}},{"start":{"line":81,"column":78},"end":{"line":81,"column":null}}]},"14":{"loc":{"start":{"line":85,"column":12},"end":{"line":85,"column":null}},"type":"cond-expr","locations":[{"start":{"line":85,"column":52},"end":{"line":85,"column":84}},{"start":{"line":85,"column":84},"end":{"line":85,"column":null}}]}},"s":{"0":5,"1":1,"2":1,"3":1,"4":1,"5":0,"6":0,"7":0,"8":0,"9":0,"10":0,"11":0,"12":0,"13":0,"14":0,"15":0,"16":0,"17":0,"18":0,"19":0,"20":0,"21":0,"22":0},"f":{"0":0,"1":0,"2":0,"3":0},"b":{"0":[0,0],"1":[0,0],"2":[0],"3":[0],"4":[0],"5":[0,0],"6":[0],"7":[0,0],"8":[0],"9":[0,0,0],"10":[0,1],"11":[0,1],"12":[0,1],"13":[0,1],"14":[0,1]}}
,"/home/bish/Downloads/sites/crm-platform/app/api/auth/[...nextauth]/route.ts": {"path":"/home/bish/Downloads/sites/crm-platform/app/api/auth/[...nextauth]/route.ts","statementMap":{"0":{"start":{"line":6,"column":9},"end":{"line":6,"column":20}},"1":{"start":{"line":6,"column":25},"end":{"line":6,"column":36}},"2":{"start":{"line":1,"column":21},"end":{"line":1,"column":null}},"3":{"start":{"line":2,"column":28},"end":{"line":2,"column":null}},"4":{"start":{"line":4,"column":16},"end":{"line":4,"column":null}}},"fnMap":{},"branchMap":{},"s":{"0":0,"1":0,"2":0,"3":0,"4":0},"f":{},"b":{}}
,"/home/bish/Downloads/sites/crm-platform/app/api/facilities/route.ts": {"path":"/home/bish/Downloads/sites/crm-platform/app/api/facilities/route.ts","statementMap":{"0":{"start":{"line":5,"column":22},"end":{"line":5,"column":25}},"1":{"start":{"line":62,"column":22},"end":{"line":62,"column":26}},"2":{"start":{"line":2,"column":23},"end":{"line":2,"column":null}},"3":{"start":{"line":3,"column":70},"end":{"line":3,"column":null}},"4":{"start":{"line":6,"column":2},"end":{"line":59,"column":null}},"5":{"start":{"line":7,"column":29},"end":{"line":7,"column":null}},"6":{"start":{"line":8,"column":17},"end":{"line":8,"column":null}},"7":{"start":{"line":9,"column":18},"end":{"line":9,"column":null}},"8":{"start":{"line":10,"column":19},"end":{"line":10,"column":null}},"9":{"start":{"line":11,"column":19},"end":{"line":11,"column":null}},"10":{"start":{"line":12,"column":23},"end":{"line":12,"column":null}},"11":{"start":{"line":15,"column":17},"end":{"line":15,"column":null}},"12":{"start":{"line":18,"column":18},"end":{"line":27,"column":null}},"13":{"start":{"line":30,"column":18},"end":{"line":30,"column":null}},"14":{"start":{"line":32,"column":23},"end":{"line":48,"column":null}},"15":{"start":{"line":50,"column":4},"end":{"line":58,"column":null}},"16":{"start":{"line":63,"column":2},"end":{"line":83,"column":null}},"17":{"start":{"line":64,"column":17},"end":{"line":64,"column":null}},"18":{"start":{"line":66,"column":21},"end":{"line":80,"column":null}},"19":{"start":{"line":82,"column":4},"end":{"line":82,"column":null}}},"fnMap":{"0":{"name":"GET","decl":{"start":{"line":5,"column":22},"end":{"line":5,"column":25}},"loc":{"start":{"line":5,"column":46},"end":{"line":60,"column":null}}},"1":{"name":"(anonymous_4)","decl":{"start":{"line":6,"column":27},"end":{"line":6,"column":34}},"loc":{"start":{"line":6,"column":39},"end":{"line":59,"column":null}}},"2":{"name":"POST","decl":{"start":{"line":62,"column":22},"end":{"line":62,"column":26}},"loc":{"start":{"line":62,"column":47},"end":{"line":84,"column":null}}},"3":{"name":"(anonymous_6)","decl":{"start":{"line":63,"column":27},"end":{"line":63,"column":34}},"loc":{"start":{"line":63,"column":39},"end":{"line":83,"column":null}}}},"branchMap":{"0":{"loc":{"start":{"line":8,"column":26},"end":{"line":8,"column":null}},"type":"binary-expr","locations":[{"start":{"line":8,"column":26},"end":{"line":8,"column":54}},{"start":{"line":8,"column":54},"end":{"line":8,"column":null}}]},"1":{"loc":{"start":{"line":9,"column":27},"end":{"line":9,"column":null}},"type":"binary-expr","locations":[{"start":{"line":9,"column":27},"end":{"line":9,"column":56}},{"start":{"line":9,"column":56},"end":{"line":9,"column":null}}]},"2":{"loc":{"start":{"line":10,"column":19},"end":{"line":10,"column":null}},"type":"binary-expr","locations":[{"start":{"line":10,"column":19},"end":{"line":10,"column":49}},{"start":{"line":10,"column":49},"end":{"line":10,"column":null}}]},"3":{"loc":{"start":{"line":11,"column":19},"end":{"line":11,"column":null}},"type":"binary-expr","locations":[{"start":{"line":11,"column":19},"end":{"line":11,"column":49}},{"start":{"line":11,"column":49},"end":{"line":11,"column":null}}]},"4":{"loc":{"start":{"line":12,"column":23},"end":{"line":12,"column":null}},"type":"binary-expr","locations":[{"start":{"line":12,"column":23},"end":{"line":12,"column":56}},{"start":{"line":12,"column":56},"end":{"line":12,"column":null}}]},"5":{"loc":{"start":{"line":18,"column":18},"end":{"line":27,"column":null}},"type":"cond-expr","locations":[{"start":{"line":19,"column":8},"end":{"line":26,"column":null}},{"start":{"line":27,"column":8},"end":{"line":27,"column":null}}]}},"s":{"0":0,"1":0,"2":0,"3":0,"4":0,"5":0,"6":0,"7":0,"8":0,"9":0,"10":0,"11":0,"12":0,"13":0,"14":0,"15":0,"16":0,"17":0,"18":0,"19":0},"f":{"0":0,"1":0,"2":0,"3":0},"b":{"0":[0,0],"1":[0,0],"2":[0,0],"3":[0,0],"4":[0,0],"5":[0,0]}}
,"/home/bish/Downloads/sites/crm-platform/app/api/facilities/[id]/route.ts": {"path":"/home/bish/Downloads/sites/crm-platform/app/api/facilities/[id]/route.ts","statementMap":{"0":{"start":{"line":45,"column":22},"end":{"line":45,"column":28}},"1":{"start":{"line":5,"column":22},"end":{"line":5,"column":25}},"2":{"start":{"line":24,"column":22},"end":{"line":24,"column":25}},"3":{"start":{"line":2,"column":23},"end":{"line":2,"column":null}},"4":{"start":{"line":3,"column":70},"end":{"line":3,"column":null}},"5":{"start":{"line":9,"column":2},"end":{"line":21,"column":null}},"6":{"start":{"line":10,"column":21},"end":{"line":14,"column":null}},"7":{"start":{"line":16,"column":4},"end":{"line":18,"column":null}},"8":{"start":{"line":17,"column":6},"end":{"line":17,"column":null}},"9":{"start":{"line":20,"column":4},"end":{"line":20,"column":null}},"10":{"start":{"line":28,"column":2},"end":{"line":42,"column":null}},"11":{"start":{"line":29,"column":17},"end":{"line":29,"column":null}},"12":{"start":{"line":31,"column":28},"end":{"line":39,"column":null}},"13":{"start":{"line":41,"column":4},"end":{"line":41,"column":null}},"14":{"start":{"line":49,"column":2},"end":{"line":57,"column":null}},"15":{"start":{"line":50,"column":4},"end":{"line":54,"column":null}},"16":{"start":{"line":56,"column":4},"end":{"line":56,"column":null}}},"fnMap":{"0":{"name":"GET","decl":{"start":{"line":5,"column":22},"end":{"line":5,"column":25}},"loc":{"start":{"line":7,"column":36},"end":{"line":22,"column":null}}},"1":{"name":"(anonymous_5)","decl":{"start":{"line":9,"column":27},"end":{"line":9,"column":34}},"loc":{"start":{"line":9,"column":39},"end":{"line":21,"column":null}}},"2":{"name":"PUT","decl":{"start":{"line":24,"column":22},"end":{"line":24,"column":25}},"loc":{"start":{"line":26,"column":37},"end":{"line":43,"column":null}}},"3":{"name":"(anonymous_7)","decl":{"start":{"line":28,"column":27},"end":{"line":28,"column":34}},"loc":{"start":{"line":28,"column":39},"end":{"line":42,"column":null}}},"4":{"name":"DELETE","decl":{"start":{"line":45,"column":22},"end":{"line":45,"column":28}},"loc":{"start":{"line":47,"column":37},"end":{"line":58,"column":null}}},"5":{"name":"(anonymous_9)","decl":{"start":{"line":49,"column":27},"end":{"line":49,"column":34}},"loc":{"start":{"line":49,"column":39},"end":{"line":57,"column":null}}}},"branchMap":{"0":{"loc":{"start":{"line":16,"column":4},"end":{"line":18,"column":null}},"type":"if","locations":[{"start":{"line":16,"column":4},"end":{"line":18,"column":null}}]}},"s":{"0":0,"1":0,"2":0,"3":0,"4":0,"5":0,"6":0,"7":0,"8":0,"9":0,"10":0,"11":0,"12":0,"13":0,"14":0,"15":0,"16":0},"f":{"0":0,"1":0,"2":0,"3":0,"4":0,"5":0},"b":{"0":[0]}}
,"/home/bish/Downloads/sites/crm-platform/app/api/health/route.ts": {"path":"/home/bish/Downloads/sites/crm-platform/app/api/health/route.ts","statementMap":{"0":{"start":{"line":7,"column":22},"end":{"line":7,"column":26}},"1":{"start":{"line":1,"column":42},"end":{"line":1,"column":null}},"2":{"start":{"line":2,"column":29},"end":{"line":2,"column":null}},"3":{"start":{"line":5,"column":15},"end":{"line":5,"column":null}},"4":{"start":{"line":8,"column":2},"end":{"line":34,"column":null}},"5":{"start":{"line":10,"column":4},"end":{"line":10,"column":null}},"6":{"start":{"line":12,"column":4},"end":{"line":21,"column":null}},"7":{"start":{"line":23,"column":4},"end":{"line":23,"column":null}},"8":{"start":{"line":24,"column":4},"end":{"line":30,"column":null}},"9":{"start":{"line":33,"column":4},"end":{"line":33,"column":null}}},"fnMap":{"0":{"name":"GET","decl":{"start":{"line":7,"column":22},"end":{"line":7,"column":26}},"loc":{"start":{"line":7,"column":46},"end":{"line":35,"column":null}}}},"branchMap":{"0":{"loc":{"start":{"line":17,"column":41},"end":{"line":17,"column":66}},"type":"binary-expr","locations":[{"start":{"line":17,"column":41},"end":{"line":17,"column":57}},{"start":{"line":17,"column":61},"end":{"line":17,"column":66}}]},"1":{"loc":{"start":{"line":19,"column":14},"end":{"line":19,"column":null}},"type":"binary-expr","locations":[{"start":{"line":19,"column":14},"end":{"line":19,"column":30}},{"start":{"line":19,"column":34},"end":{"line":19,"column":null}}]},"2":{"loc":{"start":{"line":28,"column":15},"end":{"line":28,"column":null}},"type":"cond-expr","locations":[{"start":{"line":28,"column":40},"end":{"line":28,"column":53}},{"start":{"line":28,"column":56},"end":{"line":28,"column":null}}]}},"s":{"0":0,"1":0,"2":0,"3":0,"4":0,"5":0,"6":0,"7":0,"8":0,"9":0},"f":{"0":0},"b":{"0":[0,0],"1":[0,0],"2":[0,0]}}
,"/home/bish/Downloads/sites/crm-platform/app/api/indigenous-communities/route.ts": {"path":"/home/bish/Downloads/sites/crm-platform/app/api/indigenous-communities/route.ts","statementMap":{"0":{"start":{"line":4,"column":22},"end":{"line":4,"column":25}},"1":{"start":{"line":56,"column":22},"end":{"line":56,"column":26}},"2":{"start":{"line":1,"column":23},"end":{"line":1,"column":null}},"3":{"start":{"line":2,"column":42},"end":{"line":2,"column":null}},"4":{"start":{"line":5,"column":2},"end":{"line":53,"column":null}},"5":{"start":{"line":6,"column":29},"end":{"line":6,"column":null}},"6":{"start":{"line":7,"column":17},"end":{"line":7,"column":null}},"7":{"start":{"line":8,"column":18},"end":{"line":8,"column":null}},"8":{"start":{"line":9,"column":19},"end":{"line":9,"column":null}},"9":{"start":{"line":10,"column":19},"end":{"line":10,"column":null}},"10":{"start":{"line":11,"column":23},"end":{"line":11,"column":null}},"11":{"start":{"line":14,"column":17},"end":{"line":14,"column":null}},"12":{"start":{"line":17,"column":18},"end":{"line":24,"column":null}},"13":{"start":{"line":27,"column":18},"end":{"line":27,"column":null}},"14":{"start":{"line":29,"column":24},"end":{"line":36,"column":null}},"15":{"start":{"line":38,"column":4},"end":{"line":46,"column":null}},"16":{"start":{"line":48,"column":4},"end":{"line":48,"column":null}},"17":{"start":{"line":49,"column":4},"end":{"line":51,"column":null}},"18":{"start":{"line":57,"column":2},"end":{"line":70,"column":null}},"19":{"start":{"line":58,"column":17},"end":{"line":58,"column":null}},"20":{"start":{"line":59,"column":22},"end":{"line":61,"column":null}},"21":{"start":{"line":63,"column":4},"end":{"line":63,"column":null}},"22":{"start":{"line":65,"column":4},"end":{"line":65,"column":null}},"23":{"start":{"line":66,"column":4},"end":{"line":68,"column":null}}},"fnMap":{"0":{"name":"GET","decl":{"start":{"line":4,"column":22},"end":{"line":4,"column":25}},"loc":{"start":{"line":4,"column":46},"end":{"line":54,"column":null}}},"1":{"name":"POST","decl":{"start":{"line":56,"column":22},"end":{"line":56,"column":26}},"loc":{"start":{"line":56,"column":47},"end":{"line":71,"column":null}}}},"branchMap":{"0":{"loc":{"start":{"line":7,"column":26},"end":{"line":7,"column":null}},"type":"binary-expr","locations":[{"start":{"line":7,"column":26},"end":{"line":7,"column":54}},{"start":{"line":7,"column":54},"end":{"line":7,"column":null}}]},"1":{"loc":{"start":{"line":8,"column":27},"end":{"line":8,"column":null}},"type":"binary-expr","locations":[{"start":{"line":8,"column":27},"end":{"line":8,"column":56}},{"start":{"line":8,"column":56},"end":{"line":8,"column":null}}]},"2":{"loc":{"start":{"line":9,"column":19},"end":{"line":9,"column":null}},"type":"binary-expr","locations":[{"start":{"line":9,"column":19},"end":{"line":9,"column":49}},{"start":{"line":9,"column":49},"end":{"line":9,"column":null}}]},"3":{"loc":{"start":{"line":10,"column":19},"end":{"line":10,"column":null}},"type":"binary-expr","locations":[{"start":{"line":10,"column":19},"end":{"line":10,"column":49}},{"start":{"line":10,"column":49},"end":{"line":10,"column":null}}]},"4":{"loc":{"start":{"line":11,"column":23},"end":{"line":11,"column":null}},"type":"binary-expr","locations":[{"start":{"line":11,"column":23},"end":{"line":11,"column":56}},{"start":{"line":11,"column":56},"end":{"line":11,"column":null}}]},"5":{"loc":{"start":{"line":17,"column":18},"end":{"line":24,"column":null}},"type":"cond-expr","locations":[{"start":{"line":18,"column":8},"end":{"line":23,"column":null}},{"start":{"line":24,"column":8},"end":{"line":24,"column":null}}]}},"s":{"0":0,"1":0,"2":0,"3":0,"4":0,"5":0,"6":0,"7":0,"8":0,"9":0,"10":0,"11":0,"12":0,"13":0,"14":0,"15":0,"16":0,"17":0,"18":0,"19":0,"20":0,"21":0,"22":0,"23":0},"f":{"0":0,"1":0},"b":{"0":[0,0],"1":[0,0],"2":[0,0],"3":[0,0],"4":[0,0],"5":[0,0]}}
,"/home/bish/Downloads/sites/crm-platform/app/api/indigenous-communities/[id]/route.ts": {"path":"/home/bish/Downloads/sites/crm-platform/app/api/indigenous-communities/[id]/route.ts","statementMap":{"0":{"start":{"line":10,"column":22},"end":{"line":10,"column":25}},"1":{"start":{"line":30,"column":22},"end":{"line":30,"column":25}},"2":{"start":{"line":2,"column":20},"end":{"line":2,"column":null}},"3":{"start":{"line":3,"column":70},"end":{"line":3,"column":null}},"4":{"start":{"line":6,"column":2},"end":{"line":6,"column":null}},"5":{"start":{"line":6,"column":11},"end":{"line":6,"column":null}},"6":{"start":{"line":7,"column":2},"end":{"line":7,"column":null}},"7":{"start":{"line":14,"column":2},"end":{"line":27,"column":null}},"8":{"start":{"line":15,"column":15},"end":{"line":15,"column":null}},"9":{"start":{"line":16,"column":4},"end":{"line":18,"column":null}},"10":{"start":{"line":17,"column":6},"end":{"line":17,"column":null}},"11":{"start":{"line":20,"column":22},"end":{"line":20,"column":null}},"12":{"start":{"line":22,"column":4},"end":{"line":24,"column":null}},"13":{"start":{"line":23,"column":6},"end":{"line":23,"column":null}},"14":{"start":{"line":26,"column":4},"end":{"line":26,"column":null}},"15":{"start":{"line":34,"column":2},"end":{"line":48,"column":null}},"16":{"start":{"line":35,"column":15},"end":{"line":35,"column":null}},"17":{"start":{"line":36,"column":4},"end":{"line":38,"column":null}},"18":{"start":{"line":37,"column":6},"end":{"line":37,"column":null}},"19":{"start":{"line":40,"column":17},"end":{"line":40,"column":null}},"20":{"start":{"line":41,"column":29},"end":{"line":41,"column":null}},"21":{"start":{"line":43,"column":4},"end":{"line":45,"column":null}},"22":{"start":{"line":44,"column":6},"end":{"line":44,"column":null}},"23":{"start":{"line":47,"column":4},"end":{"line":47,"column":null}}},"fnMap":{"0":{"name":"getSingleId","decl":{"start":{"line":5,"column":9},"end":{"line":5,"column":21}},"loc":{"start":{"line":5,"column":54},"end":{"line":8,"column":null}}},"1":{"name":"GET","decl":{"start":{"line":10,"column":22},"end":{"line":10,"column":25}},"loc":{"start":{"line":12,"column":62},"end":{"line":28,"column":null}}},"2":{"name":"(anonymous_8)","decl":{"start":{"line":14,"column":27},"end":{"line":14,"column":34}},"loc":{"start":{"line":14,"column":39},"end":{"line":27,"column":null}}},"3":{"name":"PUT","decl":{"start":{"line":30,"column":22},"end":{"line":30,"column":25}},"loc":{"start":{"line":32,"column":62},"end":{"line":49,"column":null}}},"4":{"name":"(anonymous_10)","decl":{"start":{"line":34,"column":27},"end":{"line":34,"column":34}},"loc":{"start":{"line":34,"column":39},"end":{"line":48,"column":null}}}},"branchMap":{"0":{"loc":{"start":{"line":6,"column":2},"end":{"line":6,"column":null}},"type":"if","locations":[{"start":{"line":6,"column":2},"end":{"line":6,"column":null}}]},"1":{"loc":{"start":{"line":7,"column":9},"end":{"line":7,"column":null}},"type":"cond-expr","locations":[{"start":{"line":7,"column":29},"end":{"line":7,"column":34}},{"start":{"line":7,"column":37},"end":{"line":7,"column":null}}]},"2":{"loc":{"start":{"line":16,"column":4},"end":{"line":18,"column":null}},"type":"if","locations":[{"start":{"line":16,"column":4},"end":{"line":18,"column":null}}]},"3":{"loc":{"start":{"line":22,"column":4},"end":{"line":24,"column":null}},"type":"if","locations":[{"start":{"line":22,"column":4},"end":{"line":24,"column":null}}]},"4":{"loc":{"start":{"line":36,"column":4},"end":{"line":38,"column":null}},"type":"if","locations":[{"start":{"line":36,"column":4},"end":{"line":38,"column":null}}]},"5":{"loc":{"start":{"line":43,"column":4},"end":{"line":45,"column":null}},"type":"if","locations":[{"start":{"line":43,"column":4},"end":{"line":45,"column":null}}]}},"s":{"0":0,"1":0,"2":0,"3":0,"4":0,"5":0,"6":0,"7":0,"8":0,"9":0,"10":0,"11":0,"12":0,"13":0,"14":0,"15":0,"16":0,"17":0,"18":0,"19":0,"20":0,"21":0,"22":0,"23":0},"f":{"0":0,"1":0,"2":0,"3":0,"4":0},"b":{"0":[0],"1":[0,0],"2":[0],"3":[0],"4":[0],"5":[0]}}
,"/home/bish/Downloads/sites/crm-platform/app/api/marketing/lists/route.ts": {"path":"/home/bish/Downloads/sites/crm-platform/app/api/marketing/lists/route.ts","statementMap":{"0":{"start":{"line":29,"column":22},"end":{"line":29,"column":25}},"1":{"start":{"line":6,"column":22},"end":{"line":6,"column":26}},"2":{"start":{"line":1,"column":42},"end":{"line":1,"column":null}},"3":{"start":{"line":2,"column":23},"end":{"line":2,"column":null}},"4":{"start":{"line":3,"column":33},"end":{"line":3,"column":null}},"5":{"start":{"line":4,"column":28},"end":{"line":4,"column":null}},"6":{"start":{"line":7,"column":18},"end":{"line":7,"column":null}},"7":{"start":{"line":8,"column":2},"end":{"line":10,"column":null}},"8":{"start":{"line":9,"column":4},"end":{"line":9,"column":null}},"9":{"start":{"line":12,"column":2},"end":{"line":26,"column":null}},"10":{"start":{"line":13,"column":21},"end":{"line":13,"column":null}},"11":{"start":{"line":15,"column":20},"end":{"line":20,"column":null}},"12":{"start":{"line":22,"column":4},"end":{"line":22,"column":null}},"13":{"start":{"line":24,"column":4},"end":{"line":24,"column":null}},"14":{"start":{"line":25,"column":4},"end":{"line":25,"column":null}},"15":{"start":{"line":30,"column":2},"end":{"line":36,"column":null}},"16":{"start":{"line":31,"column":18},"end":{"line":31,"column":null}},"17":{"start":{"line":32,"column":4},"end":{"line":32,"column":null}},"18":{"start":{"line":34,"column":4},"end":{"line":34,"column":null}},"19":{"start":{"line":35,"column":4},"end":{"line":35,"column":null}}},"fnMap":{"0":{"name":"POST","decl":{"start":{"line":6,"column":22},"end":{"line":6,"column":26}},"loc":{"start":{"line":6,"column":47},"end":{"line":27,"column":null}}},"1":{"name":"GET","decl":{"start":{"line":29,"column":22},"end":{"line":29,"column":25}},"loc":{"start":{"line":29,"column":46},"end":{"line":37,"column":null}}}},"branchMap":{"0":{"loc":{"start":{"line":8,"column":2},"end":{"line":10,"column":null}},"type":"if","locations":[{"start":{"line":8,"column":2},"end":{"line":10,"column":null}}]}},"s":{"0":0,"1":0,"2":0,"3":0,"4":0,"5":0,"6":0,"7":0,"8":0,"9":0,"10":0,"11":0,"12":0,"13":0,"14":0,"15":0,"16":0,"17":0,"18":0,"19":0},"f":{"0":0,"1":0},"b":{"0":[0]}}
,"/home/bish/Downloads/sites/crm-platform/app/api/marketing/lists/[id]/route.ts": {"path":"/home/bish/Downloads/sites/crm-platform/app/api/marketing/lists/[id]/route.ts","statementMap":{"0":{"start":{"line":10,"column":22},"end":{"line":10,"column":25}},"1":{"start":{"line":30,"column":22},"end":{"line":30,"column":25}},"2":{"start":{"line":2,"column":20},"end":{"line":2,"column":null}},"3":{"start":{"line":3,"column":70},"end":{"line":3,"column":null}},"4":{"start":{"line":6,"column":2},"end":{"line":6,"column":null}},"5":{"start":{"line":6,"column":11},"end":{"line":6,"column":null}},"6":{"start":{"line":7,"column":2},"end":{"line":7,"column":null}},"7":{"start":{"line":14,"column":2},"end":{"line":27,"column":null}},"8":{"start":{"line":15,"column":15},"end":{"line":15,"column":null}},"9":{"start":{"line":16,"column":4},"end":{"line":18,"column":null}},"10":{"start":{"line":17,"column":6},"end":{"line":17,"column":null}},"11":{"start":{"line":20,"column":17},"end":{"line":20,"column":null}},"12":{"start":{"line":22,"column":4},"end":{"line":24,"column":null}},"13":{"start":{"line":23,"column":6},"end":{"line":23,"column":null}},"14":{"start":{"line":26,"column":4},"end":{"line":26,"column":null}},"15":{"start":{"line":34,"column":2},"end":{"line":48,"column":null}},"16":{"start":{"line":35,"column":15},"end":{"line":35,"column":null}},"17":{"start":{"line":36,"column":4},"end":{"line":38,"column":null}},"18":{"start":{"line":37,"column":6},"end":{"line":37,"column":null}},"19":{"start":{"line":40,"column":17},"end":{"line":40,"column":null}},"20":{"start":{"line":41,"column":24},"end":{"line":41,"column":null}},"21":{"start":{"line":43,"column":4},"end":{"line":45,"column":null}},"22":{"start":{"line":44,"column":6},"end":{"line":44,"column":null}},"23":{"start":{"line":47,"column":4},"end":{"line":47,"column":null}}},"fnMap":{"0":{"name":"getSingleId","decl":{"start":{"line":5,"column":9},"end":{"line":5,"column":21}},"loc":{"start":{"line":5,"column":54},"end":{"line":8,"column":null}}},"1":{"name":"GET","decl":{"start":{"line":10,"column":22},"end":{"line":10,"column":25}},"loc":{"start":{"line":12,"column":62},"end":{"line":28,"column":null}}},"2":{"name":"(anonymous_8)","decl":{"start":{"line":14,"column":27},"end":{"line":14,"column":34}},"loc":{"start":{"line":14,"column":39},"end":{"line":27,"column":null}}},"3":{"name":"PUT","decl":{"start":{"line":30,"column":22},"end":{"line":30,"column":25}},"loc":{"start":{"line":32,"column":62},"end":{"line":49,"column":null}}},"4":{"name":"(anonymous_10)","decl":{"start":{"line":34,"column":27},"end":{"line":34,"column":34}},"loc":{"start":{"line":34,"column":39},"end":{"line":48,"column":null}}}},"branchMap":{"0":{"loc":{"start":{"line":6,"column":2},"end":{"line":6,"column":null}},"type":"if","locations":[{"start":{"line":6,"column":2},"end":{"line":6,"column":null}}]},"1":{"loc":{"start":{"line":7,"column":9},"end":{"line":7,"column":null}},"type":"cond-expr","locations":[{"start":{"line":7,"column":29},"end":{"line":7,"column":34}},{"start":{"line":7,"column":37},"end":{"line":7,"column":null}}]},"2":{"loc":{"start":{"line":16,"column":4},"end":{"line":18,"column":null}},"type":"if","locations":[{"start":{"line":16,"column":4},"end":{"line":18,"column":null}}]},"3":{"loc":{"start":{"line":22,"column":4},"end":{"line":24,"column":null}},"type":"if","locations":[{"start":{"line":22,"column":4},"end":{"line":24,"column":null}}]},"4":{"loc":{"start":{"line":36,"column":4},"end":{"line":38,"column":null}},"type":"if","locations":[{"start":{"line":36,"column":4},"end":{"line":38,"column":null}}]},"5":{"loc":{"start":{"line":43,"column":4},"end":{"line":45,"column":null}},"type":"if","locations":[{"start":{"line":43,"column":4},"end":{"line":45,"column":null}}]}},"s":{"0":0,"1":0,"2":0,"3":0,"4":0,"5":0,"6":0,"7":0,"8":0,"9":0,"10":0,"11":0,"12":0,"13":0,"14":0,"15":0,"16":0,"17":0,"18":0,"19":0,"20":0,"21":0,"22":0,"23":0},"f":{"0":0,"1":0,"2":0,"3":0,"4":0},"b":{"0":[0],"1":[0,0],"2":[0],"3":[0],"4":[0],"5":[0]}}
,"/home/bish/Downloads/sites/crm-platform/app/api/observations/route.ts": {"path":"/home/bish/Downloads/sites/crm-platform/app/api/observations/route.ts","statementMap":{"0":{"start":{"line":5,"column":22},"end":{"line":5,"column":25}},"1":{"start":{"line":23,"column":22},"end":{"line":23,"column":26}},"2":{"start":{"line":1,"column":42},"end":{"line":1,"column":null}},"3":{"start":{"line":2,"column":23},"end":{"line":2,"column":null}},"4":{"start":{"line":6,"column":2},"end":{"line":20,"column":null}},"5":{"start":{"line":7,"column":25},"end":{"line":11,"column":null}},"6":{"start":{"line":13,"column":4},"end":{"line":13,"column":null}},"7":{"start":{"line":15,"column":4},"end":{"line":15,"column":null}},"8":{"start":{"line":16,"column":4},"end":{"line":18,"column":null}},"9":{"start":{"line":24,"column":2},"end":{"line":37,"column":null}},"10":{"start":{"line":25,"column":17},"end":{"line":25,"column":null}},"11":{"start":{"line":26,"column":24},"end":{"line":28,"column":null}},"12":{"start":{"line":30,"column":4},"end":{"line":30,"column":null}},"13":{"start":{"line":32,"column":4},"end":{"line":32,"column":null}},"14":{"start":{"line":33,"column":4},"end":{"line":35,"column":null}}},"fnMap":{"0":{"name":"GET","decl":{"start":{"line":5,"column":22},"end":{"line":5,"column":25}},"loc":{"start":{"line":5,"column":46},"end":{"line":21,"column":null}}},"1":{"name":"POST","decl":{"start":{"line":23,"column":22},"end":{"line":23,"column":26}},"loc":{"start":{"line":23,"column":47},"end":{"line":38,"column":null}}}},"branchMap":{},"s":{"0":0,"1":0,"2":0,"3":0,"4":0,"5":0,"6":0,"7":0,"8":0,"9":0,"10":0,"11":0,"12":0,"13":0,"14":0},"f":{"0":0,"1":0},"b":{}}
,"/home/bish/Downloads/sites/crm-platform/app/api/observations/[id]/route.ts": {"path":"/home/bish/Downloads/sites/crm-platform/app/api/observations/[id]/route.ts","statementMap":{"0":{"start":{"line":10,"column":22},"end":{"line":10,"column":25}},"1":{"start":{"line":30,"column":22},"end":{"line":30,"column":25}},"2":{"start":{"line":2,"column":20},"end":{"line":2,"column":null}},"3":{"start":{"line":3,"column":70},"end":{"line":3,"column":null}},"4":{"start":{"line":6,"column":2},"end":{"line":6,"column":null}},"5":{"start":{"line":6,"column":11},"end":{"line":6,"column":null}},"6":{"start":{"line":7,"column":2},"end":{"line":7,"column":null}},"7":{"start":{"line":14,"column":2},"end":{"line":27,"column":null}},"8":{"start":{"line":15,"column":15},"end":{"line":15,"column":null}},"9":{"start":{"line":16,"column":4},"end":{"line":18,"column":null}},"10":{"start":{"line":17,"column":6},"end":{"line":17,"column":null}},"11":{"start":{"line":20,"column":24},"end":{"line":20,"column":null}},"12":{"start":{"line":22,"column":4},"end":{"line":24,"column":null}},"13":{"start":{"line":23,"column":6},"end":{"line":23,"column":null}},"14":{"start":{"line":26,"column":4},"end":{"line":26,"column":null}},"15":{"start":{"line":34,"column":2},"end":{"line":48,"column":null}},"16":{"start":{"line":35,"column":15},"end":{"line":35,"column":null}},"17":{"start":{"line":36,"column":4},"end":{"line":38,"column":null}},"18":{"start":{"line":37,"column":6},"end":{"line":37,"column":null}},"19":{"start":{"line":40,"column":17},"end":{"line":40,"column":null}},"20":{"start":{"line":41,"column":31},"end":{"line":41,"column":null}},"21":{"start":{"line":43,"column":4},"end":{"line":45,"column":null}},"22":{"start":{"line":44,"column":6},"end":{"line":44,"column":null}},"23":{"start":{"line":47,"column":4},"end":{"line":47,"column":null}}},"fnMap":{"0":{"name":"getSingleId","decl":{"start":{"line":5,"column":9},"end":{"line":5,"column":21}},"loc":{"start":{"line":5,"column":54},"end":{"line":8,"column":null}}},"1":{"name":"GET","decl":{"start":{"line":10,"column":22},"end":{"line":10,"column":25}},"loc":{"start":{"line":12,"column":62},"end":{"line":28,"column":null}}},"2":{"name":"(anonymous_8)","decl":{"start":{"line":14,"column":27},"end":{"line":14,"column":34}},"loc":{"start":{"line":14,"column":39},"end":{"line":27,"column":null}}},"3":{"name":"PUT","decl":{"start":{"line":30,"column":22},"end":{"line":30,"column":25}},"loc":{"start":{"line":32,"column":62},"end":{"line":49,"column":null}}},"4":{"name":"(anonymous_10)","decl":{"start":{"line":34,"column":27},"end":{"line":34,"column":34}},"loc":{"start":{"line":34,"column":39},"end":{"line":48,"column":null}}}},"branchMap":{"0":{"loc":{"start":{"line":6,"column":2},"end":{"line":6,"column":null}},"type":"if","locations":[{"start":{"line":6,"column":2},"end":{"line":6,"column":null}}]},"1":{"loc":{"start":{"line":7,"column":9},"end":{"line":7,"column":null}},"type":"cond-expr","locations":[{"start":{"line":7,"column":29},"end":{"line":7,"column":34}},{"start":{"line":7,"column":37},"end":{"line":7,"column":null}}]},"2":{"loc":{"start":{"line":16,"column":4},"end":{"line":18,"column":null}},"type":"if","locations":[{"start":{"line":16,"column":4},"end":{"line":18,"column":null}}]},"3":{"loc":{"start":{"line":22,"column":4},"end":{"line":24,"column":null}},"type":"if","locations":[{"start":{"line":22,"column":4},"end":{"line":24,"column":null}}]},"4":{"loc":{"start":{"line":36,"column":4},"end":{"line":38,"column":null}},"type":"if","locations":[{"start":{"line":36,"column":4},"end":{"line":38,"column":null}}]},"5":{"loc":{"start":{"line":43,"column":4},"end":{"line":45,"column":null}},"type":"if","locations":[{"start":{"line":43,"column":4},"end":{"line":45,"column":null}}]}},"s":{"0":0,"1":0,"2":0,"3":0,"4":0,"5":0,"6":0,"7":0,"8":0,"9":0,"10":0,"11":0,"12":0,"13":0,"14":0,"15":0,"16":0,"17":0,"18":0,"19":0,"20":0,"21":0,"22":0,"23":0},"f":{"0":0,"1":0,"2":0,"3":0,"4":0},"b":{"0":[0],"1":[0,0],"2":[0],"3":[0],"4":[0],"5":[0]}}
,"/home/bish/Downloads/sites/crm-platform/app/api/outfall-types/route.ts": {"path":"/home/bish/Downloads/sites/crm-platform/app/api/outfall-types/route.ts","statementMap":{"0":{"start":{"line":4,"column":22},"end":{"line":4,"column":26}},"1":{"start":{"line":1,"column":42},"end":{"line":1,"column":null}},"2":{"start":{"line":2,"column":23},"end":{"line":2,"column":null}},"3":{"start":{"line":5,"column":2},"end":{"line":37,"column":null}},"4":{"start":{"line":6,"column":18},"end":{"line":10,"column":null}},"5":{"start":{"line":12,"column":25},"end":{"line":21,"column":null}},"6":{"start":{"line":23,"column":18},"end":{"line":26,"column":null}},"7":{"start":{"line":23,"column":41},"end":{"line":26,"column":null}},"8":{"start":{"line":28,"column":4},"end":{"line":30,"column":null}},"9":{"start":{"line":32,"column":4},"end":{"line":32,"column":null}},"10":{"start":{"line":33,"column":4},"end":{"line":35,"column":null}}},"fnMap":{"0":{"name":"GET","decl":{"start":{"line":4,"column":22},"end":{"line":4,"column":26}},"loc":{"start":{"line":4,"column":46},"end":{"line":38,"column":null}}},"1":{"name":"(anonymous_2)","decl":{"start":{"line":23,"column":35},"end":{"line":23,"column":41}},"loc":{"start":{"line":23,"column":41},"end":{"line":26,"column":null}}}},"branchMap":{},"s":{"0":0,"1":0,"2":0,"3":0,"4":0,"5":0,"6":0,"7":0,"8":0,"9":0,"10":0},"f":{"0":0,"1":0},"b":{}}
,"/home/bish/Downloads/sites/crm-platform/app/api/outfall-types/[id]/route.ts": {"path":"/home/bish/Downloads/sites/crm-platform/app/api/outfall-types/[id]/route.ts","statementMap":{"0":{"start":{"line":10,"column":22},"end":{"line":10,"column":25}},"1":{"start":{"line":30,"column":22},"end":{"line":30,"column":25}},"2":{"start":{"line":2,"column":20},"end":{"line":2,"column":null}},"3":{"start":{"line":3,"column":70},"end":{"line":3,"column":null}},"4":{"start":{"line":6,"column":2},"end":{"line":6,"column":null}},"5":{"start":{"line":6,"column":11},"end":{"line":6,"column":null}},"6":{"start":{"line":7,"column":2},"end":{"line":7,"column":null}},"7":{"start":{"line":14,"column":2},"end":{"line":27,"column":null}},"8":{"start":{"line":15,"column":15},"end":{"line":15,"column":null}},"9":{"start":{"line":16,"column":4},"end":{"line":18,"column":null}},"10":{"start":{"line":17,"column":6},"end":{"line":17,"column":null}},"11":{"start":{"line":20,"column":24},"end":{"line":20,"column":null}},"12":{"start":{"line":22,"column":4},"end":{"line":24,"column":null}},"13":{"start":{"line":23,"column":6},"end":{"line":23,"column":null}},"14":{"start":{"line":26,"column":4},"end":{"line":26,"column":null}},"15":{"start":{"line":34,"column":2},"end":{"line":48,"column":null}},"16":{"start":{"line":35,"column":15},"end":{"line":35,"column":null}},"17":{"start":{"line":36,"column":4},"end":{"line":38,"column":null}},"18":{"start":{"line":37,"column":6},"end":{"line":37,"column":null}},"19":{"start":{"line":40,"column":17},"end":{"line":40,"column":null}},"20":{"start":{"line":41,"column":31},"end":{"line":41,"column":null}},"21":{"start":{"line":43,"column":4},"end":{"line":45,"column":null}},"22":{"start":{"line":44,"column":6},"end":{"line":44,"column":null}},"23":{"start":{"line":47,"column":4},"end":{"line":47,"column":null}}},"fnMap":{"0":{"name":"getSingleId","decl":{"start":{"line":5,"column":9},"end":{"line":5,"column":21}},"loc":{"start":{"line":5,"column":54},"end":{"line":8,"column":null}}},"1":{"name":"GET","decl":{"start":{"line":10,"column":22},"end":{"line":10,"column":25}},"loc":{"start":{"line":12,"column":62},"end":{"line":28,"column":null}}},"2":{"name":"(anonymous_8)","decl":{"start":{"line":14,"column":27},"end":{"line":14,"column":34}},"loc":{"start":{"line":14,"column":39},"end":{"line":27,"column":null}}},"3":{"name":"PUT","decl":{"start":{"line":30,"column":22},"end":{"line":30,"column":25}},"loc":{"start":{"line":32,"column":62},"end":{"line":49,"column":null}}},"4":{"name":"(anonymous_10)","decl":{"start":{"line":34,"column":27},"end":{"line":34,"column":34}},"loc":{"start":{"line":34,"column":39},"end":{"line":48,"column":null}}}},"branchMap":{"0":{"loc":{"start":{"line":6,"column":2},"end":{"line":6,"column":null}},"type":"if","locations":[{"start":{"line":6,"column":2},"end":{"line":6,"column":null}}]},"1":{"loc":{"start":{"line":7,"column":9},"end":{"line":7,"column":null}},"type":"cond-expr","locations":[{"start":{"line":7,"column":29},"end":{"line":7,"column":34}},{"start":{"line":7,"column":37},"end":{"line":7,"column":null}}]},"2":{"loc":{"start":{"line":16,"column":4},"end":{"line":18,"column":null}},"type":"if","locations":[{"start":{"line":16,"column":4},"end":{"line":18,"column":null}}]},"3":{"loc":{"start":{"line":22,"column":4},"end":{"line":24,"column":null}},"type":"if","locations":[{"start":{"line":22,"column":4},"end":{"line":24,"column":null}}]},"4":{"loc":{"start":{"line":36,"column":4},"end":{"line":38,"column":null}},"type":"if","locations":[{"start":{"line":36,"column":4},"end":{"line":38,"column":null}}]},"5":{"loc":{"start":{"line":43,"column":4},"end":{"line":45,"column":null}},"type":"if","locations":[{"start":{"line":43,"column":4},"end":{"line":45,"column":null}}]}},"s":{"0":0,"1":0,"2":0,"3":0,"4":0,"5":0,"6":0,"7":0,"8":0,"9":0,"10":0,"11":0,"12":0,"13":0,"14":0,"15":0,"16":0,"17":0,"18":0,"19":0,"20":0,"21":0,"22":0,"23":0},"f":{"0":0,"1":0,"2":0,"3":0,"4":0},"b":{"0":[0],"1":[0,0],"2":[0],"3":[0],"4":[0],"5":[0]}}
,"/home/bish/Downloads/sites/crm-platform/app/api/outfalls/route.ts": {"path":"/home/bish/Downloads/sites/crm-platform/app/api/outfalls/route.ts","statementMap":{"0":{"start":{"line":147,"column":22},"end":{"line":147,"column":28}},"1":{"start":{"line":5,"column":22},"end":{"line":5,"column":25}},"2":{"start":{"line":94,"column":22},"end":{"line":94,"column":26}},"3":{"start":{"line":120,"column":22},"end":{"line":120,"column":25}},"4":{"start":{"line":1,"column":42},"end":{"line":1,"column":null}},"5":{"start":{"line":2,"column":23},"end":{"line":2,"column":null}},"6":{"start":{"line":6,"column":2},"end":{"line":91,"column":null}},"7":{"start":{"line":7,"column":29},"end":{"line":7,"column":null}},"8":{"start":{"line":8,"column":17},"end":{"line":8,"column":null}},"9":{"start":{"line":9,"column":18},"end":{"line":9,"column":null}},"10":{"start":{"line":10,"column":19},"end":{"line":10,"column":null}},"11":{"start":{"line":11,"column":19},"end":{"line":11,"column":null}},"12":{"start":{"line":12,"column":23},"end":{"line":12,"column":null}},"13":{"start":{"line":15,"column":17},"end":{"line":15,"column":null}},"14":{"start":{"line":18,"column":18},"end":{"line":27,"column":null}},"15":{"start":{"line":30,"column":53},"end":{"line":37,"column":null}},"16":{"start":{"line":40,"column":21},"end":{"line":40,"column":null}},"17":{"start":{"line":43,"column":18},"end":{"line":43,"column":null}},"18":{"start":{"line":45,"column":21},"end":{"line":68,"column":null}},"19":{"start":{"line":71,"column":27},"end":{"line":74,"column":null}},"20":{"start":{"line":71,"column":52},"end":{"line":74,"column":null}},"21":{"start":{"line":76,"column":4},"end":{"line":84,"column":null}},"22":{"start":{"line":86,"column":4},"end":{"line":86,"column":null}},"23":{"start":{"line":87,"column":4},"end":{"line":89,"column":null}},"24":{"start":{"line":95,"column":2},"end":{"line":117,"column":null}},"25":{"start":{"line":96,"column":17},"end":{"line":96,"column":null}},"26":{"start":{"line":98,"column":30},"end":{"line":98,"column":null}},"27":{"start":{"line":99,"column":20},"end":{"line":104,"column":null}},"28":{"start":{"line":107,"column":4},"end":{"line":110,"column":null}},"29":{"start":{"line":112,"column":4},"end":{"line":112,"column":null}},"30":{"start":{"line":113,"column":4},"end":{"line":115,"column":null}},"31":{"start":{"line":121,"column":2},"end":{"line":144,"column":null}},"32":{"start":{"line":122,"column":17},"end":{"line":122,"column":null}},"33":{"start":{"line":123,"column":40},"end":{"line":123,"column":null}},"34":{"start":{"line":125,"column":20},"end":{"line":131,"column":null}},"35":{"start":{"line":134,"column":4},"end":{"line":137,"column":null}},"36":{"start":{"line":139,"column":4},"end":{"line":139,"column":null}},"37":{"start":{"line":140,"column":4},"end":{"line":142,"column":null}},"38":{"start":{"line":148,"column":2},"end":{"line":170,"column":null}},"39":{"start":{"line":149,"column":29},"end":{"line":149,"column":null}},"40":{"start":{"line":150,"column":15},"end":{"line":150,"column":null}},"41":{"start":{"line":152,"column":4},"end":{"line":157,"column":null}},"42":{"start":{"line":153,"column":6},"end":{"line":155,"column":null}},"43":{"start":{"line":159,"column":4},"end":{"line":161,"column":null}},"44":{"start":{"line":163,"column":4},"end":{"line":163,"column":null}},"45":{"start":{"line":165,"column":4},"end":{"line":165,"column":null}},"46":{"start":{"line":166,"column":4},"end":{"line":168,"column":null}}},"fnMap":{"0":{"name":"GET","decl":{"start":{"line":5,"column":22},"end":{"line":5,"column":25}},"loc":{"start":{"line":5,"column":46},"end":{"line":92,"column":null}}},"1":{"name":"(anonymous_6)","decl":{"start":{"line":71,"column":40},"end":{"line":71,"column":52}},"loc":{"start":{"line":71,"column":52},"end":{"line":74,"column":null}}},"2":{"name":"POST","decl":{"start":{"line":94,"column":22},"end":{"line":94,"column":26}},"loc":{"start":{"line":94,"column":47},"end":{"line":118,"column":null}}},"3":{"name":"PUT","decl":{"start":{"line":120,"column":22},"end":{"line":120,"column":25}},"loc":{"start":{"line":120,"column":46},"end":{"line":145,"column":null}}},"4":{"name":"DELETE","decl":{"start":{"line":147,"column":22},"end":{"line":147,"column":28}},"loc":{"start":{"line":147,"column":49},"end":{"line":171,"column":null}}}},"branchMap":{"0":{"loc":{"start":{"line":8,"column":26},"end":{"line":8,"column":null}},"type":"binary-expr","locations":[{"start":{"line":8,"column":26},"end":{"line":8,"column":54}},{"start":{"line":8,"column":54},"end":{"line":8,"column":null}}]},"1":{"loc":{"start":{"line":9,"column":27},"end":{"line":9,"column":null}},"type":"binary-expr","locations":[{"start":{"line":9,"column":27},"end":{"line":9,"column":56}},{"start":{"line":9,"column":56},"end":{"line":9,"column":null}}]},"2":{"loc":{"start":{"line":10,"column":19},"end":{"line":10,"column":null}},"type":"binary-expr","locations":[{"start":{"line":10,"column":19},"end":{"line":10,"column":49}},{"start":{"line":10,"column":49},"end":{"line":10,"column":null}}]},"3":{"loc":{"start":{"line":11,"column":19},"end":{"line":11,"column":null}},"type":"binary-expr","locations":[{"start":{"line":11,"column":19},"end":{"line":11,"column":49}},{"start":{"line":11,"column":49},"end":{"line":11,"column":null}}]},"4":{"loc":{"start":{"line":12,"column":23},"end":{"line":12,"column":null}},"type":"binary-expr","locations":[{"start":{"line":12,"column":23},"end":{"line":12,"column":56}},{"start":{"line":12,"column":56},"end":{"line":12,"column":null}}]},"5":{"loc":{"start":{"line":18,"column":18},"end":{"line":27,"column":null}},"type":"cond-expr","locations":[{"start":{"line":19,"column":8},"end":{"line":26,"column":null}},{"start":{"line":27,"column":8},"end":{"line":27,"column":null}}]},"6":{"loc":{"start":{"line":40,"column":21},"end":{"line":40,"column":null}},"type":"binary-expr","locations":[{"start":{"line":40,"column":21},"end":{"line":40,"column":45}},{"start":{"line":40,"column":49},"end":{"line":40,"column":null}}]},"7":{"loc":{"start":{"line":152,"column":4},"end":{"line":157,"column":null}},"type":"if","locations":[{"start":{"line":152,"column":4},"end":{"line":157,"column":null}}]}},"s":{"0":0,"1":0,"2":0,"3":0,"4":0,"5":0,"6":0,"7":0,"8":0,"9":0,"10":0,"11":0,"12":0,"13":0,"14":0,"15":0,"16":0,"17":0,"18":0,"19":0,"20":0,"21":0,"22":0,"23":0,"24":0,"25":0,"26":0,"27":0,"28":0,"29":0,"30":0,"31":0,"32":0,"33":0,"34":0,"35":0,"36":0,"37":0,"38":0,"39":0,"40":0,"41":0,"42":0,"43":0,"44":0,"45":0,"46":0},"f":{"0":0,"1":0,"2":0,"3":0,"4":0},"b":{"0":[0,0],"1":[0,0],"2":[0,0],"3":[0,0],"4":[0,0],"5":[0,0],"6":[0,0],"7":[0]}}
,"/home/bish/Downloads/sites/crm-platform/app/api/outfalls/[id]/route.ts": {"path":"/home/bish/Downloads/sites/crm-platform/app/api/outfalls/[id]/route.ts","statementMap":{"0":{"start":{"line":57,"column":22},"end":{"line":57,"column":28}},"1":{"start":{"line":5,"column":22},"end":{"line":5,"column":25}},"2":{"start":{"line":28,"column":22},"end":{"line":28,"column":25}},"3":{"start":{"line":2,"column":23},"end":{"line":2,"column":null}},"4":{"start":{"line":3,"column":70},"end":{"line":3,"column":null}},"5":{"start":{"line":9,"column":2},"end":{"line":25,"column":null}},"6":{"start":{"line":10,"column":20},"end":{"line":18,"column":null}},"7":{"start":{"line":20,"column":4},"end":{"line":22,"column":null}},"8":{"start":{"line":21,"column":6},"end":{"line":21,"column":null}},"9":{"start":{"line":24,"column":4},"end":{"line":24,"column":null}},"10":{"start":{"line":32,"column":2},"end":{"line":54,"column":null}},"11":{"start":{"line":33,"column":17},"end":{"line":33,"column":null}},"12":{"start":{"line":34,"column":30},"end":{"line":34,"column":null}},"13":{"start":{"line":36,"column":20},"end":{"line":48,"column":null}},"14":{"start":{"line":50,"column":4},"end":{"line":53,"column":null}},"15":{"start":{"line":61,"column":2},"end":{"line":69,"column":null}},"16":{"start":{"line":62,"column":4},"end":{"line":66,"column":null}},"17":{"start":{"line":68,"column":4},"end":{"line":68,"column":null}}},"fnMap":{"0":{"name":"GET","decl":{"start":{"line":5,"column":22},"end":{"line":5,"column":25}},"loc":{"start":{"line":7,"column":40},"end":{"line":26,"column":null}}},"1":{"name":"(anonymous_5)","decl":{"start":{"line":9,"column":27},"end":{"line":9,"column":34}},"loc":{"start":{"line":9,"column":39},"end":{"line":25,"column":null}}},"2":{"name":"PUT","decl":{"start":{"line":28,"column":22},"end":{"line":28,"column":25}},"loc":{"start":{"line":30,"column":40},"end":{"line":55,"column":null}}},"3":{"name":"(anonymous_7)","decl":{"start":{"line":32,"column":27},"end":{"line":32,"column":34}},"loc":{"start":{"line":32,"column":39},"end":{"line":54,"column":null}}},"4":{"name":"DELETE","decl":{"start":{"line":57,"column":22},"end":{"line":57,"column":28}},"loc":{"start":{"line":59,"column":40},"end":{"line":70,"column":null}}},"5":{"name":"(anonymous_9)","decl":{"start":{"line":61,"column":27},"end":{"line":61,"column":34}},"loc":{"start":{"line":61,"column":39},"end":{"line":69,"column":null}}}},"branchMap":{"0":{"loc":{"start":{"line":20,"column":4},"end":{"line":22,"column":null}},"type":"if","locations":[{"start":{"line":20,"column":4},"end":{"line":22,"column":null}}]}},"s":{"0":0,"1":0,"2":0,"3":0,"4":0,"5":0,"6":0,"7":0,"8":0,"9":0,"10":0,"11":0,"12":0,"13":0,"14":0,"15":0,"16":0,"17":0},"f":{"0":0,"1":0,"2":0,"3":0,"4":0,"5":0},"b":{"0":[0]}}
,"/home/bish/Downloads/sites/crm-platform/app/api/people/route.ts": {"path":"/home/bish/Downloads/sites/crm-platform/app/api/people/route.ts","statementMap":{"0":{"start":{"line":5,"column":22},"end":{"line":5,"column":25}},"1":{"start":{"line":65,"column":22},"end":{"line":65,"column":26}},"2":{"start":{"line":1,"column":29},"end":{"line":1,"column":null}},"3":{"start":{"line":2,"column":23},"end":{"line":2,"column":null}},"4":{"start":{"line":3,"column":23},"end":{"line":3,"column":null}},"5":{"start":{"line":6,"column":2},"end":{"line":62,"column":null}},"6":{"start":{"line":7,"column":29},"end":{"line":7,"column":null}},"7":{"start":{"line":8,"column":17},"end":{"line":8,"column":null}},"8":{"start":{"line":9,"column":18},"end":{"line":9,"column":null}},"9":{"start":{"line":10,"column":19},"end":{"line":10,"column":null}},"10":{"start":{"line":11,"column":19},"end":{"line":11,"column":null}},"11":{"start":{"line":12,"column":23},"end":{"line":12,"column":null}},"12":{"start":{"line":15,"column":17},"end":{"line":15,"column":null}},"13":{"start":{"line":18,"column":18},"end":{"line":25,"column":null}},"14":{"start":{"line":28,"column":18},"end":{"line":28,"column":null}},"15":{"start":{"line":30,"column":18},"end":{"line":45,"column":null}},"16":{"start":{"line":47,"column":4},"end":{"line":55,"column":null}},"17":{"start":{"line":57,"column":4},"end":{"line":57,"column":null}},"18":{"start":{"line":58,"column":4},"end":{"line":60,"column":null}},"19":{"start":{"line":66,"column":2},"end":{"line":95,"column":null}},"20":{"start":{"line":67,"column":17},"end":{"line":67,"column":null}},"21":{"start":{"line":68,"column":17},"end":{"line":78,"column":null}},"22":{"start":{"line":80,"column":4},"end":{"line":80,"column":null}},"23":{"start":{"line":82,"column":4},"end":{"line":89,"column":null}},"24":{"start":{"line":83,"column":6},"end":{"line":88,"column":null}},"25":{"start":{"line":84,"column":8},"end":{"line":86,"column":null}},"26":{"start":{"line":90,"column":4},"end":{"line":90,"column":null}},"27":{"start":{"line":91,"column":4},"end":{"line":93,"column":null}}},"fnMap":{"0":{"name":"GET","decl":{"start":{"line":5,"column":22},"end":{"line":5,"column":25}},"loc":{"start":{"line":5,"column":42},"end":{"line":63,"column":null}}},"1":{"name":"POST","decl":{"start":{"line":65,"column":22},"end":{"line":65,"column":26}},"loc":{"start":{"line":65,"column":43},"end":{"line":96,"column":null}}}},"branchMap":{"0":{"loc":{"start":{"line":8,"column":26},"end":{"line":8,"column":null}},"type":"binary-expr","locations":[{"start":{"line":8,"column":26},"end":{"line":8,"column":54}},{"start":{"line":8,"column":54},"end":{"line":8,"column":null}}]},"1":{"loc":{"start":{"line":9,"column":27},"end":{"line":9,"column":null}},"type":"binary-expr","locations":[{"start":{"line":9,"column":27},"end":{"line":9,"column":56}},{"start":{"line":9,"column":56},"end":{"line":9,"column":null}}]},"2":{"loc":{"start":{"line":10,"column":19},"end":{"line":10,"column":null}},"type":"binary-expr","locations":[{"start":{"line":10,"column":19},"end":{"line":10,"column":49}},{"start":{"line":10,"column":49},"end":{"line":10,"column":null}}]},"3":{"loc":{"start":{"line":11,"column":19},"end":{"line":11,"column":null}},"type":"binary-expr","locations":[{"start":{"line":11,"column":19},"end":{"line":11,"column":49}},{"start":{"line":11,"column":49},"end":{"line":11,"column":null}}]},"4":{"loc":{"start":{"line":12,"column":23},"end":{"line":12,"column":null}},"type":"binary-expr","locations":[{"start":{"line":12,"column":23},"end":{"line":12,"column":56}},{"start":{"line":12,"column":56},"end":{"line":12,"column":null}}]},"5":{"loc":{"start":{"line":18,"column":18},"end":{"line":25,"column":null}},"type":"cond-expr","locations":[{"start":{"line":19,"column":8},"end":{"line":24,"column":null}},{"start":{"line":25,"column":8},"end":{"line":25,"column":null}}]},"6":{"loc":{"start":{"line":82,"column":4},"end":{"line":89,"column":null}},"type":"if","locations":[{"start":{"line":82,"column":4},"end":{"line":89,"column":null}}]},"7":{"loc":{"start":{"line":83,"column":6},"end":{"line":88,"column":null}},"type":"if","locations":[{"start":{"line":83,"column":6},"end":{"line":88,"column":null}}]}},"s":{"0":0,"1":0,"2":0,"3":0,"4":0,"5":0,"6":0,"7":0,"8":0,"9":0,"10":0,"11":0,"12":0,"13":0,"14":0,"15":0,"16":0,"17":0,"18":0,"19":0,"20":0,"21":0,"22":0,"23":0,"24":0,"25":0,"26":0,"27":0},"f":{"0":0,"1":0},"b":{"0":[0,0],"1":[0,0],"2":[0,0],"3":[0,0],"4":[0,0],"5":[0,0],"6":[0],"7":[0]}}
,"/home/bish/Downloads/sites/crm-platform/app/api/people/[id]/route.ts": {"path":"/home/bish/Downloads/sites/crm-platform/app/api/people/[id]/route.ts","statementMap":{"0":{"start":{"line":10,"column":22},"end":{"line":10,"column":25}},"1":{"start":{"line":30,"column":22},"end":{"line":30,"column":25}},"2":{"start":{"line":2,"column":20},"end":{"line":2,"column":null}},"3":{"start":{"line":3,"column":70},"end":{"line":3,"column":null}},"4":{"start":{"line":6,"column":2},"end":{"line":6,"column":null}},"5":{"start":{"line":6,"column":11},"end":{"line":6,"column":null}},"6":{"start":{"line":7,"column":2},"end":{"line":7,"column":null}},"7":{"start":{"line":14,"column":2},"end":{"line":27,"column":null}},"8":{"start":{"line":15,"column":15},"end":{"line":15,"column":null}},"9":{"start":{"line":16,"column":4},"end":{"line":18,"column":null}},"10":{"start":{"line":17,"column":6},"end":{"line":17,"column":null}},"11":{"start":{"line":20,"column":19},"end":{"line":20,"column":null}},"12":{"start":{"line":22,"column":4},"end":{"line":24,"column":null}},"13":{"start":{"line":23,"column":6},"end":{"line":23,"column":null}},"14":{"start":{"line":26,"column":4},"end":{"line":26,"column":null}},"15":{"start":{"line":34,"column":2},"end":{"line":48,"column":null}},"16":{"start":{"line":35,"column":15},"end":{"line":35,"column":null}},"17":{"start":{"line":36,"column":4},"end":{"line":38,"column":null}},"18":{"start":{"line":37,"column":6},"end":{"line":37,"column":null}},"19":{"start":{"line":40,"column":17},"end":{"line":40,"column":null}},"20":{"start":{"line":41,"column":26},"end":{"line":41,"column":null}},"21":{"start":{"line":43,"column":4},"end":{"line":45,"column":null}},"22":{"start":{"line":44,"column":6},"end":{"line":44,"column":null}},"23":{"start":{"line":47,"column":4},"end":{"line":47,"column":null}}},"fnMap":{"0":{"name":"getSingleId","decl":{"start":{"line":5,"column":9},"end":{"line":5,"column":21}},"loc":{"start":{"line":5,"column":54},"end":{"line":8,"column":null}}},"1":{"name":"GET","decl":{"start":{"line":10,"column":22},"end":{"line":10,"column":25}},"loc":{"start":{"line":12,"column":62},"end":{"line":28,"column":null}}},"2":{"name":"(anonymous_8)","decl":{"start":{"line":14,"column":27},"end":{"line":14,"column":34}},"loc":{"start":{"line":14,"column":39},"end":{"line":27,"column":null}}},"3":{"name":"PUT","decl":{"start":{"line":30,"column":22},"end":{"line":30,"column":25}},"loc":{"start":{"line":32,"column":62},"end":{"line":49,"column":null}}},"4":{"name":"(anonymous_10)","decl":{"start":{"line":34,"column":27},"end":{"line":34,"column":34}},"loc":{"start":{"line":34,"column":39},"end":{"line":48,"column":null}}}},"branchMap":{"0":{"loc":{"start":{"line":6,"column":2},"end":{"line":6,"column":null}},"type":"if","locations":[{"start":{"line":6,"column":2},"end":{"line":6,"column":null}}]},"1":{"loc":{"start":{"line":7,"column":9},"end":{"line":7,"column":null}},"type":"cond-expr","locations":[{"start":{"line":7,"column":29},"end":{"line":7,"column":34}},{"start":{"line":7,"column":37},"end":{"line":7,"column":null}}]},"2":{"loc":{"start":{"line":16,"column":4},"end":{"line":18,"column":null}},"type":"if","locations":[{"start":{"line":16,"column":4},"end":{"line":18,"column":null}}]},"3":{"loc":{"start":{"line":22,"column":4},"end":{"line":24,"column":null}},"type":"if","locations":[{"start":{"line":22,"column":4},"end":{"line":24,"column":null}}]},"4":{"loc":{"start":{"line":36,"column":4},"end":{"line":38,"column":null}},"type":"if","locations":[{"start":{"line":36,"column":4},"end":{"line":38,"column":null}}]},"5":{"loc":{"start":{"line":43,"column":4},"end":{"line":45,"column":null}},"type":"if","locations":[{"start":{"line":43,"column":4},"end":{"line":45,"column":null}}]}},"s":{"0":0,"1":0,"2":0,"3":0,"4":0,"5":0,"6":0,"7":0,"8":0,"9":0,"10":0,"11":0,"12":0,"13":0,"14":0,"15":0,"16":0,"17":0,"18":0,"19":0,"20":0,"21":0,"22":0,"23":0},"f":{"0":0,"1":0,"2":0,"3":0,"4":0},"b":{"0":[0],"1":[0,0],"2":[0],"3":[0],"4":[0],"5":[0]}}
,"/home/bish/Downloads/sites/crm-platform/app/api/politicians/route.ts": {"path":"/home/bish/Downloads/sites/crm-platform/app/api/politicians/route.ts","statementMap":{"0":{"start":{"line":4,"column":22},"end":{"line":4,"column":25}},"1":{"start":{"line":58,"column":22},"end":{"line":58,"column":26}},"2":{"start":{"line":1,"column":42},"end":{"line":1,"column":null}},"3":{"start":{"line":2,"column":23},"end":{"line":2,"column":null}},"4":{"start":{"line":5,"column":2},"end":{"line":55,"column":null}},"5":{"start":{"line":6,"column":29},"end":{"line":6,"column":null}},"6":{"start":{"line":7,"column":17},"end":{"line":7,"column":null}},"7":{"start":{"line":8,"column":18},"end":{"line":8,"column":null}},"8":{"start":{"line":9,"column":19},"end":{"line":9,"column":null}},"9":{"start":{"line":10,"column":19},"end":{"line":10,"column":null}},"10":{"start":{"line":11,"column":23},"end":{"line":11,"column":null}},"11":{"start":{"line":14,"column":17},"end":{"line":14,"column":null}},"12":{"start":{"line":17,"column":18},"end":{"line":26,"column":null}},"13":{"start":{"line":29,"column":18},"end":{"line":29,"column":null}},"14":{"start":{"line":31,"column":24},"end":{"line":38,"column":null}},"15":{"start":{"line":40,"column":4},"end":{"line":48,"column":null}},"16":{"start":{"line":50,"column":4},"end":{"line":50,"column":null}},"17":{"start":{"line":51,"column":4},"end":{"line":53,"column":null}},"18":{"start":{"line":59,"column":2},"end":{"line":72,"column":null}},"19":{"start":{"line":60,"column":17},"end":{"line":60,"column":null}},"20":{"start":{"line":61,"column":23},"end":{"line":63,"column":null}},"21":{"start":{"line":65,"column":4},"end":{"line":65,"column":null}},"22":{"start":{"line":67,"column":4},"end":{"line":67,"column":null}},"23":{"start":{"line":68,"column":4},"end":{"line":70,"column":null}}},"fnMap":{"0":{"name":"GET","decl":{"start":{"line":4,"column":22},"end":{"line":4,"column":25}},"loc":{"start":{"line":4,"column":46},"end":{"line":56,"column":null}}},"1":{"name":"POST","decl":{"start":{"line":58,"column":22},"end":{"line":58,"column":26}},"loc":{"start":{"line":58,"column":47},"end":{"line":73,"column":null}}}},"branchMap":{"0":{"loc":{"start":{"line":7,"column":26},"end":{"line":7,"column":null}},"type":"binary-expr","locations":[{"start":{"line":7,"column":26},"end":{"line":7,"column":54}},{"start":{"line":7,"column":54},"end":{"line":7,"column":null}}]},"1":{"loc":{"start":{"line":8,"column":27},"end":{"line":8,"column":null}},"type":"binary-expr","locations":[{"start":{"line":8,"column":27},"end":{"line":8,"column":56}},{"start":{"line":8,"column":56},"end":{"line":8,"column":null}}]},"2":{"loc":{"start":{"line":9,"column":19},"end":{"line":9,"column":null}},"type":"binary-expr","locations":[{"start":{"line":9,"column":19},"end":{"line":9,"column":49}},{"start":{"line":9,"column":49},"end":{"line":9,"column":null}}]},"3":{"loc":{"start":{"line":10,"column":19},"end":{"line":10,"column":null}},"type":"binary-expr","locations":[{"start":{"line":10,"column":19},"end":{"line":10,"column":49}},{"start":{"line":10,"column":49},"end":{"line":10,"column":null}}]},"4":{"loc":{"start":{"line":11,"column":23},"end":{"line":11,"column":null}},"type":"binary-expr","locations":[{"start":{"line":11,"column":23},"end":{"line":11,"column":56}},{"start":{"line":11,"column":56},"end":{"line":11,"column":null}}]},"5":{"loc":{"start":{"line":17,"column":18},"end":{"line":26,"column":null}},"type":"cond-expr","locations":[{"start":{"line":18,"column":8},"end":{"line":25,"column":null}},{"start":{"line":26,"column":8},"end":{"line":26,"column":null}}]}},"s":{"0":0,"1":0,"2":0,"3":0,"4":0,"5":0,"6":0,"7":0,"8":0,"9":0,"10":0,"11":0,"12":0,"13":0,"14":0,"15":0,"16":0,"17":0,"18":0,"19":0,"20":0,"21":0,"22":0,"23":0},"f":{"0":0,"1":0},"b":{"0":[0,0],"1":[0,0],"2":[0,0],"3":[0,0],"4":[0,0],"5":[0,0]}}
,"/home/bish/Downloads/sites/crm-platform/app/api/politicians/[id]/route.ts": {"path":"/home/bish/Downloads/sites/crm-platform/app/api/politicians/[id]/route.ts","statementMap":{"0":{"start":{"line":57,"column":22},"end":{"line":57,"column":28}},"1":{"start":{"line":10,"column":22},"end":{"line":10,"column":25}},"2":{"start":{"line":34,"column":22},"end":{"line":34,"column":25}},"3":{"start":{"line":2,"column":23},"end":{"line":2,"column":null}},"4":{"start":{"line":3,"column":70},"end":{"line":3,"column":null}},"5":{"start":{"line":6,"column":2},"end":{"line":6,"column":null}},"6":{"start":{"line":6,"column":11},"end":{"line":6,"column":null}},"7":{"start":{"line":7,"column":2},"end":{"line":7,"column":null}},"8":{"start":{"line":14,"column":2},"end":{"line":31,"column":null}},"9":{"start":{"line":15,"column":15},"end":{"line":15,"column":null}},"10":{"start":{"line":16,"column":4},"end":{"line":18,"column":null}},"11":{"start":{"line":17,"column":6},"end":{"line":17,"column":null}},"12":{"start":{"line":20,"column":23},"end":{"line":24,"column":null}},"13":{"start":{"line":26,"column":4},"end":{"line":28,"column":null}},"14":{"start":{"line":27,"column":6},"end":{"line":27,"column":null}},"15":{"start":{"line":30,"column":4},"end":{"line":30,"column":null}},"16":{"start":{"line":38,"column":2},"end":{"line":54,"column":null}},"17":{"start":{"line":39,"column":15},"end":{"line":39,"column":null}},"18":{"start":{"line":40,"column":4},"end":{"line":42,"column":null}},"19":{"start":{"line":41,"column":6},"end":{"line":41,"column":null}},"20":{"start":{"line":44,"column":17},"end":{"line":44,"column":null}},"21":{"start":{"line":46,"column":30},"end":{"line":51,"column":null}},"22":{"start":{"line":53,"column":4},"end":{"line":53,"column":null}},"23":{"start":{"line":61,"column":2},"end":{"line":74,"column":null}},"24":{"start":{"line":62,"column":15},"end":{"line":62,"column":null}},"25":{"start":{"line":63,"column":4},"end":{"line":65,"column":null}},"26":{"start":{"line":64,"column":6},"end":{"line":64,"column":null}},"27":{"start":{"line":67,"column":4},"end":{"line":71,"column":null}},"28":{"start":{"line":73,"column":4},"end":{"line":73,"column":null}}},"fnMap":{"0":{"name":"getSingleId","decl":{"start":{"line":5,"column":9},"end":{"line":5,"column":21}},"loc":{"start":{"line":5,"column":54},"end":{"line":8,"column":null}}},"1":{"name":"GET","decl":{"start":{"line":10,"column":22},"end":{"line":10,"column":25}},"loc":{"start":{"line":12,"column":40},"end":{"line":32,"column":null}}},"2":{"name":"(anonymous_6)","decl":{"start":{"line":14,"column":27},"end":{"line":14,"column":34}},"loc":{"start":{"line":14,"column":39},"end":{"line":31,"column":null}}},"3":{"name":"PUT","decl":{"start":{"line":34,"column":22},"end":{"line":34,"column":25}},"loc":{"start":{"line":36,"column":40},"end":{"line":55,"column":null}}},"4":{"name":"(anonymous_8)","decl":{"start":{"line":38,"column":27},"end":{"line":38,"column":34}},"loc":{"start":{"line":38,"column":39},"end":{"line":54,"column":null}}},"5":{"name":"DELETE","decl":{"start":{"line":57,"column":22},"end":{"line":57,"column":28}},"loc":{"start":{"line":59,"column":40},"end":{"line":75,"column":null}}},"6":{"name":"(anonymous_10)","decl":{"start":{"line":61,"column":27},"end":{"line":61,"column":34}},"loc":{"start":{"line":61,"column":39},"end":{"line":74,"column":null}}}},"branchMap":{"0":{"loc":{"start":{"line":6,"column":2},"end":{"line":6,"column":null}},"type":"if","locations":[{"start":{"line":6,"column":2},"end":{"line":6,"column":null}}]},"1":{"loc":{"start":{"line":7,"column":9},"end":{"line":7,"column":null}},"type":"cond-expr","locations":[{"start":{"line":7,"column":29},"end":{"line":7,"column":34}},{"start":{"line":7,"column":37},"end":{"line":7,"column":null}}]},"2":{"loc":{"start":{"line":16,"column":4},"end":{"line":18,"column":null}},"type":"if","locations":[{"start":{"line":16,"column":4},"end":{"line":18,"column":null}}]},"3":{"loc":{"start":{"line":26,"column":4},"end":{"line":28,"column":null}},"type":"if","locations":[{"start":{"line":26,"column":4},"end":{"line":28,"column":null}}]},"4":{"loc":{"start":{"line":40,"column":4},"end":{"line":42,"column":null}},"type":"if","locations":[{"start":{"line":40,"column":4},"end":{"line":42,"column":null}}]},"5":{"loc":{"start":{"line":63,"column":4},"end":{"line":65,"column":null}},"type":"if","locations":[{"start":{"line":63,"column":4},"end":{"line":65,"column":null}}]}},"s":{"0":0,"1":0,"2":0,"3":0,"4":0,"5":0,"6":0,"7":0,"8":0,"9":0,"10":0,"11":0,"12":0,"13":0,"14":0,"15":0,"16":0,"17":0,"18":0,"19":0,"20":0,"21":0,"22":0,"23":0,"24":0,"25":0,"26":0,"27":0,"28":0},"f":{"0":0,"1":0,"2":0,"3":0,"4":0,"5":0,"6":0},"b":{"0":[0],"1":[0,0],"2":[0],"3":[0],"4":[0],"5":[0]}}
,"/home/bish/Downloads/sites/crm-platform/app/api/ready/route.ts": {"path":"/home/bish/Downloads/sites/crm-platform/app/api/ready/route.ts","statementMap":{"0":{"start":{"line":4,"column":22},"end":{"line":4,"column":null}},"1":{"start":{"line":1,"column":29},"end":{"line":1,"column":null}},"2":{"start":{"line":2,"column":29},"end":{"line":2,"column":null}},"3":{"start":{"line":5,"column":2},"end":{"line":23,"column":null}},"4":{"start":{"line":7,"column":19},"end":{"line":7,"column":null}},"5":{"start":{"line":8,"column":4},"end":{"line":8,"column":null}},"6":{"start":{"line":9,"column":4},"end":{"line":9,"column":null}},"7":{"start":{"line":11,"column":4},"end":{"line":15,"column":null}},"8":{"start":{"line":17,"column":4},"end":{"line":22,"column":null}}},"fnMap":{"0":{"name":"GET","decl":{"start":{"line":4,"column":22},"end":{"line":4,"column":null}},"loc":{"start":{"line":4,"column":22},"end":{"line":24,"column":null}}}},"branchMap":{"0":{"loc":{"start":{"line":20,"column":13},"end":{"line":20,"column":null}},"type":"cond-expr","locations":[{"start":{"line":20,"column":38},"end":{"line":20,"column":51}},{"start":{"line":20,"column":54},"end":{"line":20,"column":null}}]}},"s":{"0":0,"1":0,"2":0,"3":0,"4":0,"5":0,"6":0,"7":0,"8":0},"f":{"0":0},"b":{"0":[0,0]}}
,"/home/bish/Downloads/sites/crm-platform/app/api/saved-views/route.ts": {"path":"/home/bish/Downloads/sites/crm-platform/app/api/saved-views/route.ts","statementMap":{"0":{"start":{"line":7,"column":22},"end":{"line":7,"column":25}},"1":{"start":{"line":27,"column":22},"end":{"line":27,"column":26}},"2":{"start":{"line":1,"column":42},"end":{"line":1,"column":null}},"3":{"start":{"line":2,"column":40},"end":{"line":2,"column":null}},"4":{"start":{"line":5,"column":24},"end":{"line":5,"column":null}},"5":{"start":{"line":8,"column":2},"end":{"line":24,"column":null}},"6":{"start":{"line":9,"column":25},"end":{"line":9,"column":53}},"7":{"start":{"line":10,"column":23},"end":{"line":10,"column":null}},"8":{"start":{"line":12,"column":4},"end":{"line":14,"column":null}},"9":{"start":{"line":13,"column":6},"end":{"line":13,"column":null}},"10":{"start":{"line":16,"column":18},"end":{"line":16,"column":null}},"11":{"start":{"line":17,"column":4},"end":{"line":17,"column":null}},"12":{"start":{"line":19,"column":4},"end":{"line":19,"column":null}},"13":{"start":{"line":20,"column":4},"end":{"line":22,"column":null}},"14":{"start":{"line":28,"column":2},"end":{"line":42,"column":null}},"15":{"start":{"line":29,"column":17},"end":{"line":29,"column":null}},"16":{"start":{"line":30,"column":17},"end":{"line":33,"column":null}},"17":{"start":{"line":35,"column":4},"end":{"line":35,"column":null}},"18":{"start":{"line":37,"column":4},"end":{"line":37,"column":null}},"19":{"start":{"line":38,"column":4},"end":{"line":40,"column":null}}},"fnMap":{"0":{"name":"GET","decl":{"start":{"line":7,"column":22},"end":{"line":7,"column":25}},"loc":{"start":{"line":7,"column":46},"end":{"line":25,"column":null}}},"1":{"name":"POST","decl":{"start":{"line":27,"column":22},"end":{"line":27,"column":26}},"loc":{"start":{"line":27,"column":47},"end":{"line":43,"column":null}}}},"branchMap":{"0":{"loc":{"start":{"line":12,"column":4},"end":{"line":14,"column":null}},"type":"if","locations":[{"start":{"line":12,"column":4},"end":{"line":14,"column":null}}]}},"s":{"0":0,"1":0,"2":0,"3":0,"4":0,"5":0,"6":0,"7":0,"8":0,"9":0,"10":0,"11":0,"12":0,"13":0,"14":0,"15":0,"16":0,"17":0,"18":0,"19":0},"f":{"0":0,"1":0},"b":{"0":[0]}}
,"/home/bish/Downloads/sites/crm-platform/app/api/support-tickets/[id]/route.ts": {"path":"/home/bish/Downloads/sites/crm-platform/app/api/support-tickets/[id]/route.ts","statementMap":{"0":{"start":{"line":48,"column":22},"end":{"line":48,"column":28}},"1":{"start":{"line":5,"column":22},"end":{"line":5,"column":25}},"2":{"start":{"line":27,"column":22},"end":{"line":27,"column":25}},"3":{"start":{"line":2,"column":23},"end":{"line":2,"column":null}},"4":{"start":{"line":3,"column":70},"end":{"line":3,"column":null}},"5":{"start":{"line":9,"column":2},"end":{"line":24,"column":null}},"6":{"start":{"line":10,"column":19},"end":{"line":17,"column":null}},"7":{"start":{"line":19,"column":4},"end":{"line":21,"column":null}},"8":{"start":{"line":20,"column":6},"end":{"line":20,"column":null}},"9":{"start":{"line":23,"column":4},"end":{"line":23,"column":null}},"10":{"start":{"line":31,"column":2},"end":{"line":45,"column":null}},"11":{"start":{"line":32,"column":17},"end":{"line":32,"column":null}},"12":{"start":{"line":34,"column":26},"end":{"line":42,"column":null}},"13":{"start":{"line":44,"column":4},"end":{"line":44,"column":null}},"14":{"start":{"line":52,"column":2},"end":{"line":60,"column":null}},"15":{"start":{"line":53,"column":4},"end":{"line":57,"column":null}},"16":{"start":{"line":59,"column":4},"end":{"line":59,"column":null}}},"fnMap":{"0":{"name":"GET","decl":{"start":{"line":5,"column":22},"end":{"line":5,"column":25}},"loc":{"start":{"line":7,"column":40},"end":{"line":25,"column":null}}},"1":{"name":"(anonymous_5)","decl":{"start":{"line":9,"column":27},"end":{"line":9,"column":34}},"loc":{"start":{"line":9,"column":39},"end":{"line":24,"column":null}}},"2":{"name":"PUT","decl":{"start":{"line":27,"column":22},"end":{"line":27,"column":25}},"loc":{"start":{"line":29,"column":40},"end":{"line":46,"column":null}}},"3":{"name":"(anonymous_7)","decl":{"start":{"line":31,"column":27},"end":{"line":31,"column":34}},"loc":{"start":{"line":31,"column":39},"end":{"line":45,"column":null}}},"4":{"name":"DELETE","decl":{"start":{"line":48,"column":22},"end":{"line":48,"column":28}},"loc":{"start":{"line":50,"column":40},"end":{"line":61,"column":null}}},"5":{"name":"(anonymous_9)","decl":{"start":{"line":52,"column":27},"end":{"line":52,"column":34}},"loc":{"start":{"line":52,"column":39},"end":{"line":60,"column":null}}}},"branchMap":{"0":{"loc":{"start":{"line":19,"column":4},"end":{"line":21,"column":null}},"type":"if","locations":[{"start":{"line":19,"column":4},"end":{"line":21,"column":null}}]}},"s":{"0":0,"1":0,"2":0,"3":0,"4":0,"5":0,"6":0,"7":0,"8":0,"9":0,"10":0,"11":0,"12":0,"13":0,"14":0,"15":0,"16":0},"f":{"0":0,"1":0,"2":0,"3":0,"4":0,"5":0},"b":{"0":[0]}}
,"/home/bish/Downloads/sites/crm-platform/app/api/temp/route_temp.ts": {"path":"/home/bish/Downloads/sites/crm-platform/app/api/temp/route_temp.ts","statementMap":{"0":{"start":{"line":6,"column":22},"end":{"line":6,"column":26}},"1":{"start":{"line":1,"column":42},"end":{"line":1,"column":null}},"2":{"start":{"line":7,"column":2},"end":{"line":7,"column":null}}},"fnMap":{"0":{"name":"GET","decl":{"start":{"line":6,"column":22},"end":{"line":6,"column":26}},"loc":{"start":{"line":6,"column":46},"end":{"line":8,"column":null}}}},"branchMap":{},"s":{"0":0,"1":0,"2":0},"f":{"0":0},"b":{}}
[...]
loc":{"start":{"line":42,"column":28},"end":{"line":64,"column":null}}},"4":{"name":"(anonymous_6)","decl":{"start":{"line":66,"column":31},"end":{"line":66,"column":38}},"loc":{"start":{"line":66,"column":54},"end":{"line":83,"column":null}}},"5":{"name":"(anonymous_7)","decl":{"start":{"line":95,"column":65},"end":{"line":95,"column":72}},"loc":{"start":{"line":95,"column":72},"end":{"line":95,"column":81}}},"6":{"name":"(anonymous_8)","decl":{"start":{"line":99,"column":9},"end":{"line":99,"column":18}},"loc":{"start":{"line":99,"column":18},"end":{"line":99,"column":null}}},"7":{"name":"(anonymous_9)","decl":{"start":{"line":99,"column":38},"end":{"line":99,"column":45}},"loc":{"start":{"line":99,"column":45},"end":{"line":99,"column":null}}},"8":{"name":"(anonymous_10)","decl":{"start":{"line":100,"column":12},"end":{"line":100,"column":13}},"loc":{"start":{"line":100,"column":54},"end":{"line":100,"column":null}}},"9":{"name":"(anonymous_11)","decl":{"start":{"line":123,"column":22},"end":{"line":123,"column":23}},"loc":{"start":{"line":123,"column":23},"end":{"line":128,"column":null}}}},"branchMap":{"0":{"loc":{"start":{"line":31,"column":17},"end":{"line":31,"column":32}},"type":"binary-expr","locations":[{"start":{"line":31,"column":17},"end":{"line":31,"column":26}},{"start":{"line":31,"column":30},"end":{"line":31,"column":32}}]},"1":{"loc":{"start":{"line":52,"column":6},"end":{"line":54,"column":null}},"type":"if","locations":[{"start":{"line":52,"column":6},"end":{"line":54,"column":null}}]},"2":{"loc":{"start":{"line":59,"column":15},"end":{"line":59,"column":37}},"type":"binary-expr","locations":[{"start":{"line":59,"column":15},"end":{"line":59,"column":31}},{"start":{"line":59,"column":35},"end":{"line":59,"column":37}}]},"3":{"loc":{"start":{"line":76,"column":6},"end":{"line":78,"column":null}},"type":"if","locations":[{"start":{"line":76,"column":6},"end":{"line":78,"column":null}}]},"4":{"loc":{"start":{"line":102,"column":2},"end":{"line":108,"column":null}},"type":"if","locations":[{"start":{"line":102,"column":2},"end":{"line":108,"column":null}}]},"5":{"loc":{"start":{"line":125,"column":16},"end":{"line":127,"column":null}},"type":"if","locations":[{"start":{"line":125,"column":16},"end":{"line":127,"column":null}}]}},"s":{"0":0,"1":0,"2":0,"3":0,"4":0,"5":0,"6":0,"7":0,"8":0,"9":0,"10":0,"11":0,"12":0,"13":0,"14":0,"15":0,"16":0,"17":0,"18":0,"19":0,"20":0,"21":0,"22":0,"23":0,"24":0,"25":0,"26":0,"27":0,"28":0,"29":0,"30":0,"31":0,"32":0,"33":0,"34":0,"35":0,"36":0,"37":0,"38":0,"39":0,"40":0,"41":0,"42":0,"43":0},"f":{"0":0,"1":0,"2":0,"3":0,"4":0,"5":0,"6":0,"7":0,"8":0,"9":0},"b":{"0":[0,0],"1":[0],"2":[0,0],"3":[0],"4":[0],"5":[0]}}
,"/home/bish/Downloads/sites/crm-platform/app/users/[id]/page.tsx": {"path":"/home/bish/Downloads/sites/crm-platform/app/users/[id]/page.tsx","statementMap":{"0":{"start":{"line":8,"column":24},"end":{"line":8,"column":null}},"1":{"start":{"line":3,"column":36},"end":{"line":3,"column":null}},"2":{"start":{"line":4,"column":23},"end":{"line":4,"column":null}},"3":{"start":{"line":5,"column":26},"end":{"line":5,"column":null}},"4":{"start":{"line":6,"column":32},"end":{"line":6,"column":null}},"5":{"start":{"line":9,"column":26},"end":{"line":9,"column":null}},"6":{"start":{"line":10,"column":32},"end":{"line":10,"column":null}},"7":{"start":{"line":11,"column":17},"end":{"line":11,"column":null}},"8":{"start":{"line":13,"column":2},"end":{"line":32,"column":null}},"9":{"start":{"line":14,"column":22},"end":{"line":27,"column":null}},"10":{"start":{"line":15,"column":6},"end":{"line":26,"column":null}},"11":{"start":{"line":16,"column":25},"end":{"line":16,"column":null}},"12":{"start":{"line":17,"column":8},"end":{"line":19,"column":null}},"13":{"start":{"line":18,"column":10},"end":{"line":18,"column":null}},"14":{"start":{"line":20,"column":21},"end":{"line":20,"column":null}},"15":{"start":{"line":21,"column":8},"end":{"line":21,"column":null}},"16":{"start":{"line":23,"column":8},"end":{"line":23,"column":null}},"17":{"start":{"line":25,"column":8},"end":{"line":25,"column":null}},"18":{"start":{"line":29,"column":4},"end":{"line":31,"column":null}},"19":{"start":{"line":30,"column":6},"end":{"line":30,"column":null}},"20":{"start":{"line":34,"column":2},"end":{"line":40,"column":null}},"21":{"start":{"line":42,"column":2},"end":{"line":48,"column":null}},"22":{"start":{"line":50,"column":21},"end":{"line":71,"column":null}},"23":{"start":{"line":51,"column":4},"end":{"line":70,"column":null}},"24":{"start":{"line":52,"column":23},"end":{"line":58,"column":null}},"25":{"start":{"line":60,"column":6},"end":{"line":63,"column":null}},"26":{"start":{"line":61,"column":22},"end":{"line":61,"column":null}},"27":{"start":{"line":62,"column":8},"end":{"line":62,"column":null}},"28":{"start":{"line":65,"column":19},"end":{"line":65,"column":null}},"29":{"start":{"line":66,"column":6},"end":{"line":66,"column":null}},"30":{"start":{"line":68,"column":6},"end":{"line":68,"column":null}},"31":{"start":{"line":69,"column":6},"end":{"line":69,"column":null}}},"fnMap":{"0":{"name":"UserDetailPage","decl":{"start":{"line":8,"column":24},"end":{"line":8,"column":null}},"loc":{"start":{"line":8,"column":24},"end":{"line":84,"column":null}}},"1":{"name":"(anonymous_3)","decl":{"start":{"line":13,"column":12},"end":{"line":13,"column":null}},"loc":{"start":{"line":13,"column":12},"end":{"line":32,"column":5}}},"2":{"name":"(anonymous_4)","decl":{"start":{"line":14,"column":22},"end":{"line":14,"column":null}},"loc":{"start":{"line":14,"column":22},"end":{"line":27,"column":null}}},"3":{"name":"(anonymous_5)","decl":{"start":{"line":50,"column":21},"end":{"line":50,"column":28}},"loc":{"start":{"line":50,"column":28},"end":{"line":71,"column":null}}}},"branchMap":{"0":{"loc":{"start":{"line":17,"column":8},"end":{"line":19,"column":null}},"type":"if","locations":[{"start":{"line":17,"column":8},"end":{"line":19,"column":null}}]},"1":{"loc":{"start":{"line":29,"column":4},"end":{"line":31,"column":null}},"type":"if","locations":[{"start":{"line":29,"column":4},"end":{"line":31,"column":null}}]},"2":{"loc":{"start":{"line":34,"column":2},"end":{"line":40,"column":null}},"type":"if","locations":[{"start":{"line":34,"column":2},"end":{"line":40,"column":null}}]},"3":{"loc":{"start":{"line":42,"column":2},"end":{"line":48,"column":null}},"type":"if","locations":[{"start":{"line":42,"column":2},"end":{"line":48,"column":null}}]},"4":{"loc":{"start":{"line":60,"column":6},"end":{"line":63,"column":null}},"type":"if","locations":[{"start":{"line":60,"column":6},"end":{"line":63,"column":null}}]},"5":{"loc":{"start":{"line":62,"column":24},"end":{"line":62,"column":null}},"type":"binary-expr","locations":[{"start":{"line":62,"column":24},"end":{"line":62,"column":33}},{"start":{"line":62,"column":33},"end":{"line":62,"column":null}}]}},"s":{"0":0,"1":0,"2":0,"3":0,"4":0,"5":0,"6":0,"7":0,"8":0,"9":0,"10":0,"11":0,"12":0,"13":0,"14":0,"15":0,"16":0,"17":0,"18":0,"19":0,"20":0,"21":0,"22":0,"23":0,"24":0,"25":0,"26":0,"27":0,"28":0,"29":0,"30":0,"31":0},"f":{"0":0,"1":0,"2":0,"3":0},"b":{"0":[0],"1":[0],"2":[0],"3":[0],"4":[0],"5":[0,0]}}
,"/home/bish/Downloads/sites/crm-platform/app/water-authorities/page.tsx": {"path":"/home/bish/Downloads/sites/crm-platform/app/water-authorities/page.tsx","statementMap":{"0":{"start":{"line":25,"column":24},"end":{"line":25,"column":null}},"1":{"start":{"line":3,"column":36},"end":{"line":3,"column":null}},"2":{"start":{"line":4,"column":21},"end":{"line":4,"column":null}},"3":{"start":{"line":5,"column":32},"end":{"line":5,"column":null}},"4":{"start":{"line":6,"column":30},"end":{"line":6,"column":null}},"5":{"start":{"line":26,"column":50},"end":{"line":26,"column":null}},"6":{"start":{"line":27,"column":32},"end":{"line":27,"column":null}},"7":{"start":{"line":28,"column":38},"end":{"line":33,"column":null}},"8":{"start":{"line":34,"column":38},"end":{"line":34,"column":null}},"9":{"start":{"line":35,"column":30},"end":{"line":35,"column":null}},"10":{"start":{"line":36,"column":36},"end":{"line":36,"column":null}},"11":{"start":{"line":38,"column":32},"end":{"line":67,"column":null}},"12":{"start":{"line":45,"column":4},"end":{"line":66,"column":null}},"13":{"start":{"line":46,"column":6},"end":{"line":46,"column":null}},"14":{"start":{"line":47,"column":26},"end":{"line":53,"column":null}},"15":{"start":{"line":55,"column":23},"end":{"line":55,"column":null}},"16":{"start":{"line":56,"column":19},"end":{"line":56,"column":null}},"17":{"start":{"line":57,"column":6},"end":{"line":57,"column":null}},"18":{"start":{"line":58,"column":6},"end":{"line":61,"column":null}},"19":{"start":{"line":58,"column":29},"end":{"line":61,"column":null}},"20":{"start":{"line":63,"column":6},"end":{"line":63,"column":null}},"21":{"start":{"line":65,"column":6},"end":{"line":65,"column":null}},"22":{"start":{"line":69,"column":2},"end":{"line":77,"column":null}},"23":{"start":{"line":70,"column":4},"end":{"line":76,"column":null}},"24":{"start":{"line":79,"column":21},"end":{"line":105,"column":null}},"25":{"start":{"line":80,"column":4},"end":{"line":104,"column":null}},"26":{"start":{"line":81,"column":23},"end":{"line":87,"column":null}},"27":{"start":{"line":89,"column":6},"end":{"line":91,"column":null}},"28":{"start":{"line":90,"column":8},"end":{"line":90,"column":null}},"29":{"start":{"line":94,"column":6},"end":{"line":100,"column":null}},"30":{"start":{"line":102,"column":6},"end":{"line":102,"column":null}},"31":{"start":{"line":103,"column":6},"end":{"line":103,"column":null}},"32":{"start":{"line":107,"column":27},"end":{"line":112,"column":null}},"33":{"start":{"line":108,"column":4},"end":{"line":111,"column":null}},"34":{"start":{"line":108,"column":27},"end":{"line":111,"column":null}},"35":{"start":{"line":114,"column":23},"end":{"line":120,"column":null}},"36":{"start":{"line":115,"column":4},"end":{"line":115,"column":null}},"37":{"start":{"line":116,"column":4},"end":{"line":119,"column":null}},"38":{"start":{"line":116,"column":27},"end":{"line":119,"column":null}},"39":{"start":{"line":122,"column":21},"end":{"line":125,"column":null}},"40":{"start":{"line":123,"column":4},"end":{"line":123,"column":null}},"41":{"start":{"line":124,"column":4},"end":{"line":124,"column":null}},"42":{"start":{"line":127,"column":25},"end":{"line":134,"column":null}},"43":{"start":{"line":137,"column":24},"end":{"line":137,"column":null}},"44":{"start":{"line":137,"column":82},"end":{"line":137,"column":91}},"45":{"start":{"line":140,"column":18},"end":{"line":142,"column":null}},"46":{"start":{"line":141,"column":18},"end":{"line":141,"column":null}},"47":{"start":{"line":141,"column":45},"end":{"line":141,"column":null}},"48":{"start":{"line":142,"column":54},"end":{"line":142,"column":null}},"49":{"start":{"line":144,"column":2},"end":{"line":150,"column":null}}},"fnMap":{"0":{"name":"WaterAuthoritiesPage","decl":{"start":{"line":25,"column":24},"end":{"line":25,"column":null}},"loc":{"start":{"line":25,"column":24},"end":{"line":175,"column":null}}},"1":{"name":"(anonymous_3)","decl":{"start":{"line":38,"column":32},"end":{"line":38,"column":39}},"loc":{"start":{"line":38,"column":39},"end":{"line":67,"column":null}}},"2":{"name":"(anonymous_4)","decl":{"start":{"line":58,"column":20},"end":{"line":58,"column":29}},"loc":{"start":{"line":58,"column":29},"end":{"line":61,"column":null}}},"3":{"name":"(anonymous_5)","decl":{"start":{"line":69,"column":12},"end":{"line":69,"column":null}},"loc":{"start":{"line":69,"column":12},"end":{"line":77,"column":5}}},"4":{"name":"(anonymous_6)","decl":{"start":{"line":79,"column":21},"end":{"line":79,"column":28}},"loc":{"start":{"line":79,"column":28},"end":{"line":105,"column":null}}},"5":{"name":"(anonymous_7)","decl":{"start":{"line":107,"column":27},"end":{"line":107,"column":28}},"loc":{"start":{"line":107,"column":28},"end":{"line":112,"column":null}}},"6":{"name":"(anonymous_8)","decl":{"start":{"line":108,"column":18},"end":{"line":108,"column":27}},"loc":{"start":{"line":108,"column":27},"end":{"line":111,"column":null}}},"7":{"name":"(anonymous_9)","decl":{"start":{"line":114,"column":23},"end":{"line":114,"column":24}},"loc":{"start":{"line":114,"column":24},"end":{"line":120,"column":null}}},"8":{"name":"(anonymous_10)","decl":{"start":{"line":116,"column":18},"end":{"line":116,"column":27}},"loc":{"start":{"line":116,"column":27},"end":{"line":119,"column":null}}},"9":{"name":"(anonymous_11)","decl":{"start":{"line":122,"column":21},"end":{"line":122,"column":22}},"loc":{"start":{"line":122,"column":37},"end":{"line":125,"column":null}}},"10":{"name":"(anonymous_12)","decl":{"start":{"line":137,"column":75},"end":{"line":137,"column":82}},"loc":{"start":{"line":137,"column":82},"end":{"line":137,"column":91}}},"11":{"name":"(anonymous_13)","decl":{"start":{"line":141,"column":9},"end":{"line":141,"column":18}},"loc":{"start":{"line":141,"column":18},"end":{"line":141,"column":null}}},"12":{"name":"(anonymous_14)","decl":{"start":{"line":141,"column":38},"end":{"line":141,"column":45}},"loc":{"start":{"line":141,"column":45},"end":{"line":141,"column":null}}},"13":{"name":"(anonymous_15)","decl":{"start":{"line":142,"column":12},"end":{"line":142,"column":13}},"loc":{"start":{"line":142,"column":54},"end":{"line":142,"column":null}}}},"branchMap":{"0":{"loc":{"start":{"line":50,"column":12},"end":{"line":50,"column":54}},"type":"binary-expr","locations":[{"start":{"line":50,"column":12},"end":{"line":50,"column":25}},{"start":{"line":50,"column":29},"end":{"line":50,"column":54}}]},"1":{"loc":{"start":{"line":51,"column":12},"end":{"line":51,"column":54}},"type":"binary-expr","locations":[{"start":{"line":51,"column":12},"end":{"line":51,"column":25}},{"start":{"line":51,"column":29},"end":{"line":51,"column":54}}]},"2":{"loc":{"start":{"line":52,"column":12},"end":{"line":52,"column":63}},"type":"binary-expr","locations":[{"start":{"line":52,"column":12},"end":{"line":52,"column":28}},{"start":{"line":52,"column":32},"end":{"line":52,"column":63}}]},"3":{"loc":{"start":{"line":57,"column":26},"end":{"line":57,"column":41}},"type":"binary-expr","locations":[{"start":{"line":57,"column":26},"end":{"line":57,"column":35}},{"start":{"line":57,"column":39},"end":{"line":57,"column":41}}]},"4":{"loc":{"start":{"line":89,"column":6},"end":{"line":91,"column":null}},"type":"if","locations":[{"start":{"line":89,"column":6},"end":{"line":91,"column":null}}]},"5":{"loc":{"start":{"line":144,"column":2},"end":{"line":150,"column":null}},"type":"if","locations":[{"start":{"line":144,"column":2},"end":{"line":150,"column":null}}]},"6":{"loc":{"start":{"line":144,"column":6},"end":{"line":144,"column":41}},"type":"binary-expr","locations":[{"start":{"line":144,"column":6},"end":{"line":144,"column":17}},{"start":{"line":144,"column":17},"end":{"line":144,"column":41}}]}},"s":{"0":0,"1":0,"2":0,"3":0,"4":0,"5":0,"6":0,"7":0,"8":0,"9":0,"10":0,"11":0,"12":0,"13":0,"14":0,"15":0,"16":0,"17":0,"18":0,"19":0,"20":0,"21":0,"22":0,"23":0,"24":0,"25":0,"26":0,"27":0,"28":0,"29":0,"30":0,"31":0,"32":0,"33":0,"34":0,"35":0,"36":0,"37":0,"38":0,"39":0,"40":0,"41":0,"42":0,"43":0,"44":0,"45":0,"46":0,"47":0,"48":0,"49":0},"f":{"0":0,"1":0,"2":0,"3":0,"4":0,"5":0,"6":0,"7":0,"8":0,"9":0,"10":0,"11":0,"12":0,"13":0},"b":{"0":[0,0],"1":[0,0],"2":[0,0],"3":[0,0],"4":[0],"5":[0],"6":[0,0]}}
,"/home/bish/Downloads/sites/crm-platform/app/water-authorities/[id]/page.tsx": {"path":"/home/bish/Downloads/sites/crm-platform/app/water-authorities/[id]/page.tsx","statementMap":{"0":{"start":{"line":8,"column":24},"end":{"line":8,"column":null}},"1":{"start":{"line":3,"column":36},"end":{"line":3,"column":null}},"2":{"start":{"line":4,"column":23},"end":{"line":4,"column":null}},"3":{"start":{"line":5,"column":26},"end":{"line":5,"column":null}},"4":{"start":{"line":6,"column":32},"end":{"line":6,"column":null}},"5":{"start":{"line":9,"column":46},"end":{"line":9,"column":null}},"6":{"start":{"line":10,"column":32},"end":{"line":10,"column":null}},"7":{"start":{"line":11,"column":17},"end":{"line":11,"column":null}},"8":{"start":{"line":13,"column":2},"end":{"line":32,"column":null}},"9":{"start":{"line":14,"column":32},"end":{"line":27,"column":null}},"10":{"start":{"line":15,"column":6},"end":{"line":26,"column":null}},"11":{"start":{"line":16,"column":25},"end":{"line":16,"column":null}},"12":{"start":{"line":17,"column":8},"end":{"line":19,"column":null}},"13":{"start":{"line":18,"column":10},"end":{"line":18,"column":null}},"14":{"start":{"line":20,"column":21},"end":{"line":20,"column":null}},"15":{"start":{"line":21,"column":8},"end":{"line":21,"column":null}},"16":{"start":{"line":23,"column":8},"end":{"line":23,"column":null}},"17":{"start":{"line":25,"column":8},"end":{"line":25,"column":null}},"18":{"start":{"line":29,"column":4},"end":{"line":31,"column":null}},"19":{"start":{"line":30,"column":6},"end":{"line":30,"column":null}},"20":{"start":{"line":34,"column":2},"end":{"line":40,"column":null}},"21":{"start":{"line":42,"column":2},"end":{"line":48,"column":null}},"22":{"start":{"line":50,"column":21},"end":{"line":71,"column":null}},"23":{"start":{"line":51,"column":4},"end":{"line":70,"column":null}},"24":{"start":{"line":52,"column":23},"end":{"line":58,"column":null}},"25":{"start":{"line":60,"column":6},"end":{"line":63,"column":null}},"26":{"start":{"line":61,"column":22},"end":{"line":61,"column":null}},"27":{"start":{"line":62,"column":8},"end":{"line":62,"column":null}},"28":{"start":{"line":65,"column":19},"end":{"line":65,"column":null}},"29":{"start":{"line":66,"column":6},"end":{"line":66,"column":null}},"30":{"start":{"line":68,"column":6},"end":{"line":68,"column":null}},"31":{"start":{"line":69,"column":6},"end":{"line":69,"column":null}}},"fnMap":{"0":{"name":"WaterAuthorityPage","decl":{"start":{"line":8,"column":24},"end":{"line":8,"column":null}},"loc":{"start":{"line":8,"column":24},"end":{"line":84,"column":null}}},"1":{"name":"(anonymous_3)","decl":{"start":{"line":13,"column":12},"end":{"line":13,"column":null}},"loc":{"start":{"line":13,"column":12},"end":{"line":32,"column":5}}},"2":{"name":"(anonymous_4)","decl":{"start":{"line":14,"column":32},"end":{"line":14,"column":null}},"loc":{"start":{"line":14,"column":32},"end":{"line":27,"column":null}}},"3":{"name":"(anonymous_5)","decl":{"start":{"line":50,"column":21},"end":{"line":50,"column":28}},"loc":{"start":{"line":50,"column":28},"end":{"line":71,"column":null}}}},"branchMap":{"0":{"loc":{"start":{"line":17,"column":8},"end":{"line":19,"column":null}},"type":"if","locations":[{"start":{"line":17,"column":8},"end":{"line":19,"column":null}}]},"1":{"loc":{"start":{"line":29,"column":4},"end":{"line":31,"column":null}},"type":"if","locations":[{"start":{"line":29,"column":4},"end":{"line":31,"column":null}}]},"2":{"loc":{"start":{"line":34,"column":2},"end":{"line":40,"column":null}},"type":"if","locations":[{"start":{"line":34,"column":2},"end":{"line":40,"column":null}}]},"3":{"loc":{"start":{"line":42,"column":2},"end":{"line":48,"column":null}},"type":"if","locations":[{"start":{"line":42,"column":2},"end":{"line":48,"column":null}}]},"4":{"loc":{"start":{"line":60,"column":6},"end":{"line":63,"column":null}},"type":"if","locations":[{"start":{"line":60,"column":6},"end":{"line":63,"column":null}}]},"5":{"loc":{"start":{"line":62,"column":24},"end":{"line":62,"column":null}},"type":"binary-expr","locations":[{"start":{"line":62,"column":24},"end":{"line":62,"column":33}},{"start":{"line":62,"column":33},"end":{"line":62,"column":null}}]}},"s":{"0":0,"1":0,"2":0,"3":0,"4":0,"5":0,"6":0,"7":0,"8":0,"9":0,"10":0,"11":0,"12":0,"13":0,"14":0,"15":0,"16":0,"17":0,"18":0,"19":0,"20":0,"21":0,"22":0,"23":0,"24":0,"25":0,"26":0,"27":0,"28":0,"29":0,"30":0,"31":0},"f":{"0":0,"1":0,"2":0,"3":0},"b":{"0":[0],"1":[0],"2":[0],"3":[0],"4":[0],"5":[0,0]}}
}
