TN:
SF:app/client-layout.tsx
FN:5,ClientLayout
FNF:1
FNH:0
FNDA:0,ClientLayout
DA:3,0
DA:5,0
LF:2
LH:0
BRF:0
BRH:0
end_of_record
TN:
SF:app/layout.tsx
FN:15,RootLayout
FNF:1
FNH:0
FNDA:0,RootLayout
DA:2,0
DA:3,0
DA:4,0
DA:5,0
DA:6,0
DA:8,0
DA:10,0
DA:15,0
DA:20,0
LF:9
LH:0
BRF:0
BRH:0
end_of_record
TN:
SF:app/not-found.tsx
FN:3,NotFound
FNF:1
FNH:0
FNDA:0,NotFound
DA:3,0
LF:1
LH:0
BRF:0
BRH:0
end_of_record
TN:
SF:app/page.tsx
FN:9,(anonymous_2)
FNF:1
FNH:0
FNDA:0,(anonymous_2)
DA:2,0
DA:3,0
DA:4,0
DA:5,0
DA:6,0
DA:7,0
DA:9,0
DA:10,0
DA:11,0
DA:13,0
DA:14,0
DA:17,0
DA:18,0
DA:19,0
DA:31,0
LF:15
LH:0
BRDA:13,0,0,0
BRDA:17,1,0,0
BRF:2
BRH:0
end_of_record
TN:
SF:app/providers.tsx
FN:6,SessionProvider
FNF:1
FNH:0
FNDA:0,SessionProvider
DA:4,0
DA:6,0
LF:2
LH:0
BRF:0
BRH:0
end_of_record
TN:
SF:app/api/auth/[...nextauth]/config.ts
FN:8,(anonymous_2)
FN:19,(anonymous_3)
FN:25,(anonymous_4)
FN:39,(anonymous_5)
FNF:4
FNH:0
FNDA:0,(anonymous_2)
FNDA:0,(anonymous_3)
FNDA:0,(anonymous_4)
FNDA:0,(anonymous_5)
DA:2,1
DA:3,1
DA:4,1
DA:6,5
DA:10,0
DA:11,0
DA:12,0
DA:14,0
DA:15,0
DA:17,0
DA:20,0
DA:21,0
DA:23,0
DA:26,0
DA:27,0
DA:29,0
DA:40,0
DA:41,0
DA:44,0
DA:48,0
DA:49,0
DA:52,0
LF:22
LH:4
BRDA:10,0,0,0
BRDA:10,0,1,0
BRDA:11,1,0,0
BRDA:11,1,1,0
BRDA:14,2,0,0
BRDA:20,3,0,0
BRDA:26,4,0,0
BRDA:26,5,0,0
BRDA:26,5,1,0
BRDA:40,6,0,0
BRDA:40,7,0,0
BRDA:40,7,1,0
BRDA:48,8,0,0
BRDA:48,9,0,0
BRDA:48,9,1,0
BRDA:48,9,2,0
BRDA:66,10,0,0
BRDA:66,10,1,1
BRDA:72,11,0,0
BRDA:72,11,1,1
BRDA:76,12,0,0
BRDA:76,12,1,1
BRDA:81,13,0,0
BRDA:81,13,1,1
BRDA:85,14,0,0
BRDA:85,14,1,1
BRF:26
BRH:5
end_of_record
TN:
SF:app/api/auth/[...nextauth]/route.ts
FNF:0
FNH:0
DA:1,0
DA:2,0
DA:4,0
DA:6,0
LF:4
LH:0
BRF:0
BRH:0
end_of_record
TN:
SF:app/api/facilities/route.ts
FN:5,GET
FN:6,(anonymous_4)
FN:62,POST
FN:63,(anonymous_6)
FNF:4
FNH:0
FNDA:0,GET
FNDA:0,(anonymous_4)
FNDA:0,POST
FNDA:0,(anonymous_6)
DA:2,0
DA:3,0
DA:5,0
DA:6,0
DA:7,0
DA:8,0
DA:9,0
DA:10,0
DA:11,0
DA:12,0
DA:15,0
DA:18,0
DA:30,0
DA:32,0
DA:50,0
DA:62,0
DA:63,0
DA:64,0
DA:66,0
DA:82,0
LF:20
LH:0
BRDA:8,0,0,0
BRDA:8,0,1,0
BRDA:9,1,0,0
BRDA:9,1,1,0
BRDA:10,2,0,0
BRDA:10,2,1,0
BRDA:11,3,0,0
BRDA:11,3,1,0
BRDA:12,4,0,0
BRDA:12,4,1,0
BRDA:18,5,0,0
BRDA:18,5,1,0
BRF:12
BRH:0
end_of_record
TN:
SF:app/api/facilities/[id]/route.ts
FN:5,GET
FN:9,(anonymous_5)
FN:24,PUT
FN:28,(anonymous_7)
FN:45,DELETE
FN:49,(anonymous_9)
FNF:6
FNH:0
FNDA:0,GET
FNDA:0,(anonymous_5)
FNDA:0,PUT
FNDA:0,(anonymous_7)
FNDA:0,DELETE
FNDA:0,(anonymous_9)
DA:2,0
DA:3,0
DA:5,0
DA:9,0
DA:10,0
DA:16,0
DA:17,0
DA:20,0
DA:24,0
DA:28,0
DA:29,0
DA:31,0
DA:41,0
DA:45,0
DA:49,0
DA:50,0
DA:56,0
LF:17
LH:0
BRDA:16,0,0,0
BRF:1
BRH:0
end_of_record
TN:
SF:app/api/health/route.ts
FN:7,GET
FNF:1
FNH:0
FNDA:0,GET
DA:1,0
DA:2,0
DA:5,0
DA:7,0
DA:8,0
DA:10,0
DA:12,0
DA:23,0
DA:24,0
DA:33,0
LF:10
LH:0
BRDA:17,0,0,0
BRDA:17,0,1,0
BRDA:19,1,0,0
BRDA:19,1,1,0
BRDA:28,2,0,0
BRDA:28,2,1,0
BRF:6
BRH:0
end_of_record
TN:
SF:app/api/indigenous-communities/route.ts
FN:4,GET
FN:56,POST
FNF:2
FNH:0
FNDA:0,GET
FNDA:0,POST
DA:1,0
DA:2,0
DA:4,0
DA:5,0
DA:6,0
DA:7,0
DA:8,0
DA:9,0
DA:10,0
DA:11,0
DA:14,0
DA:17,0
DA:27,0
DA:29,0
DA:38,0
DA:48,0
DA:49,0
DA:56,0
DA:57,0
DA:58,0
DA:59,0
DA:63,0
DA:65,0
DA:66,0
LF:24
LH:0
BRDA:7,0,0,0
BRDA:7,0,1,0
BRDA:8,1,0,0
BRDA:8,1,1,0
BRDA:9,2,0,0
BRDA:9,2,1,0
BRDA:10,3,0,0
BRDA:10,3,1,0
BRDA:11,4,0,0
BRDA:11,4,1,0
BRDA:17,5,0,0
BRDA:17,5,1,0
BRF:12
BRH:0
end_of_record
TN:
SF:app/api/indigenous-communities/[id]/route.ts
FN:5,getSingleId
FN:10,GET
FN:14,(anonymous_8)
FN:30,PUT
FN:34,(anonymous_10)
FNF:5
FNH:0
FNDA:0,getSingleId
FNDA:0,GET
FNDA:0,(anonymous_8)
FNDA:0,PUT
FNDA:0,(anonymous_10)
DA:2,0
DA:3,0
DA:6,0
DA:7,0
DA:10,0
DA:14,0
DA:15,0
DA:16,0
DA:17,0
DA:20,0
DA:22,0
DA:23,0
DA:26,0
DA:30,0
DA:34,0
DA:35,0
DA:36,0
DA:37,0
DA:40,0
DA:41,0
DA:43,0
DA:44,0
DA:47,0
LF:23
LH:0
BRDA:6,0,0,0
BRDA:7,1,0,0
BRDA:7,1,1,0
BRDA:16,2,0,0
BRDA:22,3,0,0
BRDA:36,4,0,0
BRDA:43,5,0,0
BRF:7
BRH:0
end_of_record
TN:
SF:app/api/marketing/lists/route.ts
FN:6,POST
FN:29,GET
FNF:2
FNH:0
FNDA:0,POST
FNDA:0,GET
DA:1,0
DA:2,0
DA:3,0
DA:4,0
DA:6,0
DA:7,0
DA:8,0
DA:9,0
DA:12,0
DA:13,0
DA:15,0
DA:22,0
DA:24,0
DA:25,0
DA:29,0
DA:30,0
DA:31,0
DA:32,0
DA:34,0
DA:35,0
LF:20
LH:0
BRDA:8,0,0,0
BRF:1
BRH:0
end_of_record
TN:
SF:app/api/marketing/lists/[id]/route.ts
FN:5,getSingleId
FN:10,GET
FN:14,(anonymous_8)
FN:30,PUT
FN:34,(anonymous_10)
FNF:5
FNH:0
FNDA:0,getSingleId
FNDA:0,GET
FNDA:0,(anonymous_8)
FNDA:0,PUT
FNDA:0,(anonymous_10)
DA:2,0
DA:3,0
DA:6,0
DA:7,0
DA:10,0
DA:14,0
DA:15,0
DA:16,0
DA:17,0
DA:20,0
DA:22,0
DA:23,0
DA:26,0
DA:30,0
DA:34,0
DA:35,0
DA:36,0
DA:37,0
DA:40,0
DA:41,0
DA:43,0
DA:44,0
DA:47,0
LF:23
LH:0
BRDA:6,0,0,0
BRDA:7,1,0,0
BRDA:7,1,1,0
BRDA:16,2,0,0
BRDA:22,3,0,0
BRDA:36,4,0,0
BRDA:43,5,0,0
BRF:7
BRH:0
end_of_record
TN:
SF:app/api/observations/route.ts
FN:5,GET
FN:23,POST
FNF:2
FNH:0
FNDA:0,GET
FNDA:0,POST
DA:1,0
DA:2,0
DA:5,0
DA:6,0
DA:7,0
DA:13,0
DA:15,0
DA:16,0
DA:23,0
DA:24,0
DA:25,0
DA:26,0
DA:30,0
DA:32,0
DA:33,0
LF:15
LH:0
BRF:0
BRH:0
end_of_record
TN:
SF:app/api/observations/[id]/route.ts
FN:5,getSingleId
FN:10,GET
FN:14,(anonymous_8)
FN:30,PUT
FN:34,(anonymous_10)
FNF:5
FNH:0
FNDA:0,getSingleId
FNDA:0,GET
FNDA:0,(anonymous_8)
FNDA:0,PUT
FNDA:0,(anonymous_10)
DA:2,0
DA:3,0
DA:6,0
DA:7,0
DA:10,0
DA:14,0
DA:15,0
DA:16,0
DA:17,0
DA:20,0
DA:22,0
DA:23,0
DA:26,0
DA:30,0
DA:34,0
DA:35,0
DA:36,0
DA:37,0
DA:40,0
DA:41,0
DA:43,0
DA:44,0
DA:47,0
LF:23
LH:0
BRDA:6,0,0,0
BRDA:7,1,0,0
BRDA:7,1,1,0
BRDA:16,2,0,0
BRDA:22,3,0,0
BRDA:36,4,0,0
BRDA:43,5,0,0
BRF:7
BRH:0
end_of_record
TN:
SF:app/api/outfall-types/route.ts
FN:4,GET
FN:23,(anonymous_2)
FNF:2
FNH:0
FNDA:0,GET
FNDA:0,(anonymous_2)
DA:1,0
DA:2,0
DA:4,0
DA:5,0
DA:6,0
DA:12,0
DA:23,0
DA:28,0
DA:32,0
DA:33,0
LF:10
LH:0
BRF:0
BRH:0
end_of_record
TN:
SF:app/api/outfall-types/[id]/route.ts
FN:5,getSingleId
FN:10,GET
FN:14,(anonymous_8)
FN:30,PUT
FN:34,(anonymous_10)
FNF:5
FNH:0
FNDA:0,getSingleId
FNDA:0,GET
FNDA:0,(anonymous_8)
FNDA:0,PUT
FNDA:0,(anonymous_10)
DA:2,0
DA:3,0
DA:6,0
DA:7,0
DA:10,0
DA:14,0
DA:15,0
DA:16,0
DA:17,0
DA:20,0
DA:22,0
DA:23,0
DA:26,0
DA:30,0
DA:34,0
DA:35,0
DA:36,0
DA:37,0
DA:40,0
DA:41,0
DA:43,0
DA:44,0
DA:47,0
LF:23
LH:0
BRDA:6,0,0,0
BRDA:7,1,0,0
BRDA:7,1,1,0
BRDA:16,2,0,0
BRDA:22,3,0,0
BRDA:36,4,0,0
BRDA:43,5,0,0
BRF:7
BRH:0
end_of_record
TN:
SF:app/api/outfalls/route.ts
FN:5,GET
FN:71,(anonymous_6)
FN:94,POST
FN:120,PUT
FN:147,DELETE
FNF:5
FNH:0
FNDA:0,GET
FNDA:0,(anonymous_6)
FNDA:0,POST
FNDA:0,PUT
FNDA:0,DELETE
DA:1,0
DA:2,0
DA:5,0
DA:6,0
DA:7,0
DA:8,0
DA:9,0
DA:10,0
DA:11,0
DA:12,0
DA:15,0
DA:18,0
DA:30,0
DA:40,0
DA:43,0
DA:45,0
DA:71,0
DA:76,0
DA:86,0
DA:87,0
DA:94,0
DA:95,0
DA:96,0
DA:98,0
DA:99,0
DA:107,0
DA:112,0
DA:113,0
DA:120,0
DA:121,0
DA:122,0
DA:123,0
DA:125,0
DA:134,0
DA:139,0
DA:140,0
DA:147,0
DA:148,0
DA:149,0
DA:150,0
DA:152,0
DA:153,0
DA:159,0
DA:163,0
DA:165,0
DA:166,0
LF:46
LH:0
BRDA:8,0,0,0
BRDA:8,0,1,0
BRDA:9,1,0,0
BRDA:9,1,1,0
BRDA:10,2,0,0
BRDA:10,2,1,0
BRDA:11,3,0,0
BRDA:11,3,1,0
BRDA:12,4,0,0
BRDA:12,4,1,0
BRDA:18,5,0,0
BRDA:18,5,1,0
BRDA:40,6,0,0
BRDA:40,6,1,0
BRDA:152,7,0,0
BRF:15
BRH:0
end_of_record
TN:
SF:app/api/outfalls/[id]/route.ts
FN:5,GET
FN:9,(anonymous_5)
FN:28,PUT
FN:32,(anonymous_7)
FN:57,DELETE
FN:61,(anonymous_9)
FNF:6
FNH:0
FNDA:0,GET
FNDA:0,(anonymous_5)
FNDA:0,PUT
FNDA:0,(anonymous_7)
FNDA:0,DELETE
FNDA:0,(anonymous_9)
DA:2,0
DA:3,0
DA:5,0
DA:9,0
DA:10,0
DA:20,0
DA:21,0
DA:24,0
DA:28,0
DA:32,0
DA:33,0
DA:34,0
DA:36,0
DA:50,0
DA:57,0
DA:61,0
DA:62,0
DA:68,0
LF:18
LH:0
BRDA:20,0,0,0
BRF:1
BRH:0
end_of_record
TN:
SF:app/api/people/route.ts
FN:5,GET
FN:65,POST
FNF:2
FNH:0
FNDA:0,GET
FNDA:0,POST
DA:1,0
DA:2,0
DA:3,0
DA:5,0
DA:6,0
DA:7,0
DA:8,0
DA:9,0
DA:10,0
DA:11,0
DA:12,0
DA:15,0
DA:18,0
DA:28,0
DA:30,0
DA:47,0
DA:57,0
DA:58,0
DA:65,0
DA:66,0
DA:67,0
DA:68,0
DA:80,0
DA:82,0
DA:83,0
DA:84,0
DA:90,0
DA:91,0
LF:28
LH:0
BRDA:8,0,0,0
BRDA:8,0,1,0
BRDA:9,1,0,0
BRDA:9,1,1,0
BRDA:10,2,0,0
BRDA:10,2,1,0
BRDA:11,3,0,0
BRDA:11,3,1,0
BRDA:12,4,0,0
BRDA:12,4,1,0
BRDA:18,5,0,0
BRDA:18,5,1,0
BRDA:82,6,0,0
BRDA:83,7,0,0
BRF:14
BRH:0
end_of_record
TN:
SF:app/api/people/[id]/route.ts
FN:5,getSingleId
FN:10,GET
FN:14,(anonymous_8)
FN:30,PUT
FN:34,(anonymous_10)
FNF:5
FNH:0
FNDA:0,getSingleId
FNDA:0,GET
FNDA:0,(anonymous_8)
FNDA:0,PUT
FNDA:0,(anonymous_10)
DA:2,0
DA:3,0
DA:6,0
DA:7,0
DA:10,0
DA:14,0
DA:15,0
DA:16,0
DA:17,0
DA:20,0
DA:22,0
DA:23,0
DA:26,0
DA:30,0
DA:34,0
DA:35,0
DA:36,0
DA:37,0
DA:40,0
DA:41,0
DA:43,0
DA:44,0
DA:47,0
LF:23
LH:0
BRDA:6,0,0,0
BRDA:7,1,0,0
BRDA:7,1,1,0
BRDA:16,2,0,0
BRDA:22,3,0,0
BRDA:36,4,0,0
BRDA:43,5,0,0
BRF:7
BRH:0
end_of_record
TN:
SF:app/api/politicians/route.ts
FN:4,GET
FN:58,POST
FNF:2
FNH:0
FNDA:0,GET
FNDA:0,POST
DA:1,0
DA:2,0
DA:4,0
DA:5,0
DA:6,0
DA:7,0
DA:8,0
DA:9,0
DA:10,0
DA:11,0
DA:14,0
DA:17,0
DA:29,0
DA:31,0
DA:40,0
DA:50,0
DA:51,0
DA:58,0
DA:59,0
DA:60,0
DA:61,0
DA:65,0
DA:67,0
DA:68,0
LF:24
LH:0
BRDA:7,0,0,0
BRDA:7,0,1,0
BRDA:8,1,0,0
BRDA:8,1,1,0
BRDA:9,2,0,0
BRDA:9,2,1,0
BRDA:10,3,0,0
BRDA:10,3,1,0
BRDA:11,4,0,0
BRDA:11,4,1,0
BRDA:17,5,0,0
BRDA:17,5,1,0
BRF:12
BRH:0
end_of_record
TN:
SF:app/api/politicians/[id]/route.ts
FN:5,getSingleId
FN:10,GET
FN:14,(anonymous_6)
FN:34,PUT
FN:38,(anonymous_8)
FN:57,DELETE
FN:61,(anonymous_10)
FNF:7
FNH:0
FNDA:0,getSingleId
FNDA:0,GET
FNDA:0,(anonymous_6)
FNDA:0,PUT
FNDA:0,(anonymous_8)
FNDA:0,DELETE
FNDA:0,(anonymous_10)
DA:2,0
DA:3,0
DA:6,0
DA:7,0
DA:10,0
DA:14,0
DA:15,0
DA:16,0
DA:17,0
DA:20,0
DA:26,0
DA:27,0
DA:30,0
DA:34,0
DA:38,0
DA:39,0
DA:40,0
DA:41,0
DA:44,0
DA:46,0
DA:53,0
DA:57,0
DA:61,0
DA:62,0
DA:63,0
DA:64,0
DA:67,0
DA:73,0
LF:28
LH:0
BRDA:6,0,0,0
BRDA:7,1,0,0
BRDA:7,1,1,0
BRDA:16,2,0,0
BRDA:26,3,0,0
BRDA:40,4,0,0
BRDA:63,5,0,0
BRF:7
BRH:0
end_of_record
TN:
SF:app/api/ready/route.ts
FN:4,GET
FNF:1
FNH:0
FNDA:0,GET
DA:1,0
DA:2,0
DA:4,0
DA:5,0
DA:7,0
DA:8,0
DA:9,0
DA:11,0
DA:17,0
LF:9
LH:0
BRDA:20,0,0,0
BRDA:20,0,1,0
BRF:2
BRH:0
end_of_record
TN:
SF:app/api/saved-views/route.ts
FN:7,GET
FN:27,POST
FNF:2
FNH:0
FNDA:0,GET
FNDA:0,POST
DA:1,0
DA:2,0
DA:5,0
DA:7,0
DA:8,0
DA:9,0
DA:10,0
DA:12,0
DA:13,0
DA:16,0
DA:17,0
DA:19,0
DA:20,0
DA:27,0
DA:28,0
DA:29,0
DA:30,0
DA:35,0
DA:37,0
DA:38,0
LF:20
LH:0
BRDA:12,0,0,0
BRF:1
BRH:0
end_of_record
TN:
SF:app/api/support-tickets/[id]/route.ts
FN:5,GET
FN:9,(anonymous_5)
FN:27,PUT
FN:31,(anonymous_7)
FN:48,DELETE
FN:52,(anonymous_9)
FNF:6
FNH:0
FNDA:0,GET
FNDA:0,(anonymous_5)
FNDA:0,PUT
FNDA:0,(anonymous_7)
FNDA:0,DELETE
FNDA:0,(anonymous_9)
DA:2,0
DA:3,0
DA:5,0
DA:9,0
DA:10,0
DA:19,0
DA:20,0
DA:23,0
DA:27,0
DA:31,0
DA:32,0
DA:34,0
DA:44,0
DA:48,0
DA:52,0
DA:53,0
DA:59,0
LF:17
LH:0
BRDA:19,0,0,0
BRF:1
BRH:0
end_of_record
TN:
SF:app/api/temp/route_temp.ts
FN:6,GET
FNF:1
FNH:0
FNDA:0,GET
DA:1,0
DA:6,0
DA:7,0
LF:3
LH:0
BRF:0
BRH:0
end_of_record
TN:
SF:app/api/users/route.ts
FN:5,GET
FN:26,PUT
FNF:2
FNH:0
FNDA:0,GET
FNDA:0,PUT
DA:1,0
DA:2,0
DA:3,0
DA:5,0
DA:6,0
DA:8,0
DA:9,0
DA:15,0
DA:16,0
DA:17,0
DA:21,0
DA:22,0
DA:26,0
DA:27,0
DA:29,0
DA:30,0
DA:37,0
LF:17
LH:0
BRDA:8,0,0,0
BRDA:29,1,0,0
BRF:2
BRH:0
end_of_record
TN:
SF:app/api/users/[id]/route.ts
FN:5,GET
FN:9,(anonymous_5)
FN:32,PUT
FN:36,(anonymous_7)
FN:58,DELETE
FN:62,(anonymous_9)
FNF:6
FNH:4
FNDA:2,GET
FNDA:2,(anonymous_5)
FNDA:3,PUT
FNDA:3,(anonymous_7)
FNDA:0,DELETE
FNDA:0,(anonymous_9)
DA:2,1
DA:3,1
DA:5,2
DA:9,2
DA:10,2
DA:24,2
DA:25,1
DA:28,1
DA:32,3
DA:36,3
DA:37,3
DA:39,3
DA:54,3
DA:58,0
DA:62,0
DA:63,0
DA:69,0
LF:17
LH:13
BRDA:24,0,0,1
BRF:1
BRH:1
end_of_record
TN:
SF:app/api/users/[id]/password/route.ts
FN:5,PUT
FNF:1
FNH:0
FNDA:0,PUT
DA:1,0
DA:2,0
DA:3,0
DA:5,0
DA:9,0
DA:11,0
DA:12,0
DA:19,0
LF:8
LH:0
BRDA:11,0,0,0
BRF:1
BRH:0
end_of_record
TN:
SF:app/api/water-authorities/route.ts
FN:5,GET
FN:53,(anonymous_4)
FN:79,POST
FNF:3
FNH:0
FNDA:0,GET
FNDA:0,(anonymous_4)
FNDA:0,POST
DA:1,0
DA:2,0
DA:5,0
DA:6,0
DA:7,0
DA:8,0
DA:9,0
DA:10,0
DA:11,0
DA:12,0
DA:15,0
DA:18,0
DA:28,0
DA:36,0
DA:39,0
DA:52,0
DA:53,0
DA:71,0
DA:72,0
DA:79,0
DA:80,0
DA:81,0
DA:82,0
DA:102,0
DA:104,0
DA:105,0
LF:26
LH:0
BRDA:8,0,0,0
BRDA:8,0,1,0
BRDA:9,1,0,0
BRDA:9,1,1,0
BRDA:10,2,0,0
BRDA:10,2,1,0
BRDA:11,3,0,0
BRDA:11,3,1,0
BRDA:12,4,0,0
BRDA:12,4,1,0
BRDA:18,5,0,0
BRDA:18,5,1,0
BRF:12
BRH:0
end_of_record
TN:
SF:app/api/water-authorities/[id]/route.ts
FN:5,getSingleId
FN:10,GET
FN:14,(anonymous_5)
FN:44,PUT
FN:48,(anonymous_7)
FNF:5
FNH:0
FNDA:0,getSingleId
FNDA:0,GET
FNDA:0,(anonymous_5)
FNDA:0,PUT
FNDA:0,(anonymous_7)
DA:2,0
DA:3,0
DA:6,0
DA:7,0
DA:10,0
DA:14,0
DA:15,0
DA:16,0
DA:17,0
DA:20,0
DA:36,0
DA:37,0
DA:40,0
DA:44,0
DA:48,0
DA:49,0
DA:50,0
DA:51,0
DA:54,0
DA:56,0
DA:79,0
LF:21
LH:0
BRDA:6,0,0,0
BRDA:7,1,0,0
BRDA:7,1,1,0
BRDA:16,2,0,0
BRDA:36,3,0,0
BRDA:50,4,0,0
BRF:6
BRH:0
end_of_record
TN:
SF:app/components/AuthenticatedLayout.tsx
FN:71,AuthenticatedLayout
FN:83,(anonymous_3)
FNF:2
FNH:0
FNDA:0,AuthenticatedLayout
FNDA:0,(anonymous_3)
DA:3,1
DA:5,1
DA:67,1
DA:68,1
DA:69,1
DA:71,5
DA:79,0
DA:80,0
DA:81,0
DA:83,0
DA:84,0
DA:85,0
DA:86,0
DA:87,0
DA:91,0
DA:99,0
DA:100,0
LF:17
LH:6
BRDA:84,0,0,0
BRDA:84,0,1,0
BRDA:86,1,0,0
BRDA:86,2,0,0
BRDA:86,2,1,0
BRDA:91,3,0,0
BRDA:99,4,0,0
BRF:7
BRH:0
end_of_record
TN:
SF:app/components/DataCard.tsx
FN:9,DataCard
FNF:1
FNH:0
FNDA:0,DataCard
DA:2,0
DA:9,0
LF:2
LH:0
BRF:0
BRH:0
end_of_record
TN:
SF:app/components/DataGrid.tsx
FN:12,DataGrid
FN:29,(anonymous_6)
FN:30,(anonymous_7)
FN:34,(anonymous_8)
FN:35,(anonymous_9)
FN:35,(anonymous_10)
FN:38,(anonymous_11)
FN:42,(anonymous_12)
FN:50,(anonymous_13)
FN:56,(anonymous_14)
FN:65,(anonymous_15)
FN:72,(anonymous_16)
FN:78,(anonymous_17)
FN:89,toKebabCase
FN:106,(anonymous_19)
FN:122,(anonymous_20)
FN:132,(anonymous_21)
FN:149,(anonymous_22)
FN:158,(anonymous_23)
FN:173,(anonymous_24)
FN:181,(anonymous_25)
FN:182,(anonymous_26)
FN:210,(anonymous_28)
FN:219,(anonymous_30)
FN:239,(anonymous_31)
FN:243,(anonymous_32)
FN:247,(anonymous_33)
FN:282,(anonymous_34)
FN:293,(anonymous_35)
FNF:29
FNH:0
FNDA:0,DataGrid
FNDA:0,(anonymous_6)
FNDA:0,(anonymous_7)
FNDA:0,(anonymous_8)
FNDA:0,(anonymous_9)
FNDA:0,(anonymous_10)
FNDA:0,(anonymous_11)
FNDA:0,(anonymous_12)
FNDA:0,(anonymous_13)
FNDA:0,(anonymous_14)
FNDA:0,(anonymous_15)
FNDA:0,(anonymous_16)
FNDA:0,(anonymous_17)
FNDA:0,toKebabCase
FNDA:0,(anonymous_19)
FNDA:0,(anonymous_20)
FNDA:0,(anonymous_21)
FNDA:0,(anonymous_22)
FNDA:0,(anonymous_23)
FNDA:0,(anonymous_24)
FNDA:0,(anonymous_25)
FNDA:0,(anonymous_26)
FNDA:0,(anonymous_28)
FNDA:0,(anonymous_30)
FNDA:0,(anonymous_31)
FNDA:0,(anonymous_32)
FNDA:0,(anonymous_33)
FNDA:0,(anonymous_34)
FNDA:0,(anonymous_35)
DA:3,0
DA:4,0
DA:5,0
DA:7,0
DA:9,0
DA:10,0
DA:12,0
DA:23,0
DA:24,0
DA:25,0
DA:26,0
DA:27,0
DA:28,0
DA:29,0
DA:30,0
DA:32,0
DA:34,0
DA:35,0
DA:38,0
DA:39,0
DA:42,0
DA:43,0
DA:44,0
DA:46,0
DA:50,0
DA:51,0
DA:52,0
DA:56,0
DA:57,0
DA:58,0
DA:59,0
DA:60,0
DA:61,0
DA:65,0
DA:66,0
DA:67,0
DA:68,0
DA:72,0
DA:73,0
DA:74,0
DA:78,0
DA:79,0
DA:81,0
DA:82,0
DA:83,0
DA:85,0
DA:86,0
DA:90,0
DA:95,0
DA:97,0
DA:98,0
DA:99,0
DA:103,0
DA:106,0
DA:107,0
DA:111,0
DA:122,0
DA:132,0
DA:149,0
DA:158,0
DA:174,0
DA:182,0
DA:211,0
DA:219,0
DA:240,0
DA:243,0
DA:248,0
DA:282,0
DA:293,0
LF:69
LH:0
BRDA:17,0,0,0
BRDA:43,1,0,0
BRDA:43,1,1,0
BRDA:51,2,0,0
BRDA:57,3,0,0
BRDA:57,3,1,0
BRDA:57,4,0,0
BRDA:57,4,1,0
BRDA:60,5,0,0
BRDA:67,6,0,0
BRDA:73,7,0,0
BRDA:79,8,0,0
BRDA:98,9,0,0
BRDA:103,10,0,0
BRDA:103,10,1,0
BRDA:111,11,0,0
BRDA:111,11,1,0
BRDA:124,12,0,0
BRDA:124,12,1,0
BRDA:134,13,0,0
BRDA:134,13,1,0
BRDA:160,14,0,0
BRDA:160,14,1,0
BRDA:170,15,0,0
BRDA:180,16,0,0
BRDA:180,16,1,0
BRDA:199,17,0,0
BRDA:203,18,0,0
BRDA:223,19,0,0
BRDA:226,20,0,0
BRDA:226,20,1,0
BRDA:252,21,0,0
BRDA:252,21,1,0
BRDA:275,22,0,0
BRDA:285,23,0,0
BRDA:285,23,1,0
BRDA:296,24,0,0
BRDA:296,24,1,0
BRF:38
BRH:0
end_of_record
TN:
SF:app/components/DetailView.tsx
FN:15,DetailView
FN:19,(anonymous_2)
FN:24,(anonymous_3)
FN:29,(anonymous_4)
FN:33,(anonymous_5)
FN:39,(anonymous_6)
FN:41,(anonymous_7)
FN:44,(anonymous_8)
FN:46,(anonymous_9)
FN:51,(anonymous_10)
FN:52,(anonymous_11)
FN:58,(anonymous_12)
FN:73,(anonymous_13)
FN:76,(anonymous_14)
FN:82,(anonymous_15)
FN:100,(anonymous_16)
FN:119,(anonymous_18)
FN:139,(anonymous_20)
FN:159,(anonymous_21)
FN:167,(anonymous_22)
FNF:20
FNH:0
FNDA:0,DetailView
FNDA:0,(anonymous_2)
FNDA:0,(anonymous_3)
FNDA:0,(anonymous_4)
FNDA:0,(anonymous_5)
FNDA:0,(anonymous_6)
FNDA:0,(anonymous_7)
FNDA:0,(anonymous_8)
FNDA:0,(anonymous_9)
FNDA:0,(anonymous_10)
FNDA:0,(anonymous_11)
FNDA:0,(anonymous_12)
FNDA:0,(anonymous_13)
FNDA:0,(anonymous_14)
FNDA:0,(anonymous_15)
FNDA:0,(anonymous_16)
FNDA:0,(anonymous_18)
FNDA:0,(anonymous_20)
FNDA:0,(anonymous_21)
FNDA:0,(anonymous_22)
DA:3,0
DA:4,0
DA:5,0
DA:6,0
DA:7,0
DA:15,0
DA:16,0
DA:17,0
DA:18,0
DA:19,0
DA:20,0
DA:21,0
DA:24,0
DA:25,0
DA:26,0
DA:29,0
DA:30,0
DA:33,0
DA:34,0
DA:37,0
DA:38,0
DA:39,0
DA:40,0
DA:41,0
DA:42,0
DA:44,0
DA:46,0
DA:51,0
DA:52,0
DA:58,0
DA:59,0
DA:61,0
DA:62,0
DA:64,0
DA:65,0
DA:67,0
DA:69,0
DA:73,0
DA:74,0
DA:75,0
DA:76,0
DA:82,0
DA:83,0
DA:85,0
DA:86,0
DA:87,0
DA:89,0
DA:90,0
DA:93,0
DA:100,0
DA:120,0
DA:139,0
DA:159,0
DA:167,0
LF:54
LH:0
BRDA:21,0,0,0
BRDA:21,0,1,0
BRDA:38,1,0,0
BRDA:38,1,1,0
BRDA:40,2,0,0
BRDA:59,3,0,0
BRDA:67,4,0,0
BRDA:67,4,1,0
BRDA:83,5,0,0
BRDA:125,6,0,0
BRDA:125,6,1,0
BRDA:141,7,0,0
BRDA:141,7,1,0
BRDA:145,8,0,0
BRDA:145,8,1,0
BRDA:148,9,0,0
BRDA:156,10,0,0
BRDA:158,11,0,0
BRDA:158,11,1,0
BRDA:166,12,0,0
BRDA:166,12,1,0
BRDA:169,13,0,0
BRDA:169,13,1,0
BRDA:187,14,0,0
BRDA:199,15,0,0
BRDA:199,15,1,0
BRDA:204,16,0,0
BRDA:204,16,1,0
BRF:28
BRH:0
end_of_record
TN:
SF:app/components/LoadingState.tsx
FN:4,LoadingState
FNF:1
FNH:0
FNDA:0,LoadingState
DA:2,0
DA:4,0
LF:2
LH:0
BRF:0
BRH:0
end_of_record
TN:
SF:app/components/MarketingSubMenu.tsx
FN:11,MarketingSubMenu
FN:14,(anonymous_3)
FNF:2
FNH:0
FNDA:0,MarketingSubMenu
FNDA:0,(anonymous_3)
DA:3,0
DA:4,0
DA:5,0
DA:11,0
DA:12,0
DA:14,0
DA:15,0
LF:7
LH:0
BRDA:26,0,0,0
BRDA:31,1,0,0
BRF:2
BRH:0
end_of_record
TN:
SF:app/components/NavItem.tsx
FN:11,NavItem
FNF:1
FNH:0
FNDA:0,NavItem
DA:1,0
DA:11,0
LF:2
LH:0
BRDA:16,0,0,0
BRDA:16,0,1,0
BRDA:21,1,0,0
BRDA:21,1,1,0
BRDA:24,2,0,0
BRF:5
BRH:0
end_of_record
TN:
SF:app/components/Navigation.tsx
FN:27,Navigation
FN:33,(anonymous_6)
FN:46,(anonymous_7)
FN:49,(anonymous_8)
FN:76,(anonymous_9)
FN:113,(anonymous_10)
FNF:6
FNH:0
FNDA:0,Navigation
FNDA:0,(anonymous_6)
FNDA:0,(anonymous_7)
FNDA:0,(anonymous_8)
FNDA:0,(anonymous_9)
FNDA:0,(anonymous_10)
DA:4,0
DA:5,0
DA:6,0
DA:27,0
DA:28,0
DA:34,0
DA:35,0
DA:37,0
DA:47,0
DA:48,0
DA:49,0
DA:50,0
DA:77,0
DA:78,0
DA:79,0
DA:80,0
DA:81,0
DA:82,0
DA:84,0
DA:114,0
LF:20
LH:0
BRDA:34,0,0,0
BRDA:34,0,1,0
BRDA:40,1,0,0
BRDA:44,2,0,0
BRDA:44,2,1,0
BRDA:47,3,0,0
BRDA:56,4,0,0
BRDA:56,4,1,0
BRDA:61,5,0,0
BRDA:73,6,0,0
BRDA:73,6,1,0
BRDA:74,7,0,0
BRDA:74,7,1,0
BRDA:78,8,0,0
BRDA:81,9,0,0
BRDA:81,9,1,0
BRDA:88,10,0,0
BRDA:88,10,1,0
BRDA:89,11,0,0
BRDA:89,11,1,0
BRDA:93,12,0,0
BRDA:93,12,1,0
BRDA:98,13,0,0
BRDA:101,14,0,0
BRDA:103,15,0,0
BRDA:103,15,1,0
BRDA:111,16,0,0
BRDA:111,16,1,0
BRDA:111,16,2,0
BRDA:120,17,0,0
BRDA:120,17,1,0
BRDA:125,18,0,0
BRDA:125,18,1,0
BRF:33
BRH:0
end_of_record
TN:
SF:app/components/NavigationTemp.tsx
FN:27,Navigation
FN:33,(anonymous_6)
FN:46,(anonymous_7)
FN:49,(anonymous_8)
FN:76,(anonymous_9)
FN:113,(anonymous_10)
FNF:6
FNH:0
FNDA:0,Navigation
FNDA:0,(anonymous_6)
FNDA:0,(anonymous_7)
FNDA:0,(anonymous_8)
FNDA:0,(anonymous_9)
FNDA:0,(anonymous_10)
DA:4,1
DA:5,1
DA:6,1
DA:27,0
DA:28,0
DA:34,0
DA:35,0
DA:37,0
DA:47,0
DA:48,0
DA:49,0
DA:50,0
DA:77,0
DA:78,0
DA:79,0
DA:80,0
DA:81,0
DA:82,0
DA:84,0
DA:114,0
LF:20
LH:3
BRDA:34,0,0,0
BRDA:34,0,1,0
BRDA:40,1,0,0
BRDA:44,2,0,0
BRDA:44,2,1,0
BRDA:47,3,0,0
BRDA:56,4,0,0
BRDA:56,4,1,0
BRDA:61,5,0,0
BRDA:73,6,0,0
BRDA:73,6,1,0
BRDA:74,7,0,0
BRDA:74,7,1,0
BRDA:78,8,0,0
BRDA:81,9,0,0
BRDA:81,9,1,0
BRDA:88,10,0,0
BRDA:88,10,1,0
BRDA:89,11,0,0
BRDA:89,11,1,0
BRDA:93,12,0,0
BRDA:93,12,1,0
BRDA:98,13,0,0
BRDA:101,14,0,0
BRDA:103,15,0,0
BRDA:103,15,1,0
BRDA:111,16,0,0
BRDA:111,16,1,0
BRDA:111,16,2,0
BRDA:120,17,0,0
BRDA:120,17,1,0
BRDA:125,18,0,0
BRDA:125,18,1,0
BRF:33
BRH:0
end_of_record
TN:
SF:app/components/Sidebar.tsx
FN:14,(anonymous_5)
FN:46,(anonymous_6)
FNF:2
FNH:0
FNDA:0,(anonymous_5)
FNDA:0,(anonymous_6)
DA:2,1
DA:3,1
DA:4,1
DA:5,1
DA:6,1
DA:7,1
DA:8,1
DA:14,1
DA:15,0
DA:16,0
DA:47,0
DA:72,1
LF:12
LH:9
BRDA:22,0,0,0
BRDA:22,0,1,0
BRDA:31,1,0,0
BRDA:31,1,1,0
BRDA:32,2,0,0
BRDA:32,2,1,0
BRDA:47,3,0,0
BRDA:47,3,1,0
BRF:8
BRH:0
end_of_record
TN:
SF:app/components/SidebarFooter.tsx
FN:11,SidebarFooter
FN:27,(anonymous_3)
FNF:2
FNH:0
FNDA:0,SidebarFooter
FNDA:0,(anonymous_3)
DA:1,0
DA:2,0
DA:11,0
DA:27,0
LF:4
LH:0
BRDA:20,0,0,0
BRDA:20,0,1,0
BRDA:24,1,0,0
BRDA:24,1,1,0
BRDA:29,2,0,0
BRDA:29,2,1,0
BRDA:35,3,0,0
BRDA:35,3,1,0
BRF:8
BRH:0
end_of_record
TN:
SF:app/components/SupportSubMenu.tsx
FN:11,SupportSubMenu
FN:14,(anonymous_3)
FNF:2
FNH:0
FNDA:0,SupportSubMenu
FNDA:0,(anonymous_3)
DA:3,0
DA:4,0
DA:5,0
DA:11,0
DA:12,0
DA:14,0
DA:15,0
LF:7
LH:0
BRDA:26,0,0,0
BRDA:31,1,0,0
BRF:2
BRH:0
end_of_record
TN:
SF:app/components/sidebarConfig.ts
FNF:0
FNH:0
DA:1,1
LF:1
LH:1
BRF:0
BRH:0
end_of_record
TN:
SF:app/components/DataGrid/GalleryView.tsx
FN:6,GalleryView
FN:7,(anonymous_2)
FN:8,(anonymous_3)
FN:15,(anonymous_4)
FN:19,(anonymous_5)
FN:23,(anonymous_6)
FN:23,(anonymous_7)
FN:36,(anonymous_8)
FNF:8
FNH:0
FNDA:0,GalleryView
FNDA:0,(anonymous_2)
FNDA:0,(anonymous_3)
FNDA:0,(anonymous_4)
FNDA:0,(anonymous_5)
FNDA:0,(anonymous_6)
FNDA:0,(anonymous_7)
FNDA:0,(anonymous_8)
DA:6,0
DA:7,0
DA:8,0
DA:9,0
DA:16,0
DA:19,0
DA:23,0
DA:37,0
LF:8
LH:0
BRDA:7,0,0,0
BRDA:7,0,1,0
BRDA:9,1,0,0
BRDA:9,1,1,0
BRDA:23,2,0,0
BRDA:25,3,0,0
BRDA:25,3,1,0
BRDA:42,4,0,0
BRDA:42,4,1,0
BRDA:42,5,0,0
BRDA:42,5,1,0
BRF:11
BRH:0
end_of_record
TN:
SF:app/customers/page.tsx
FN:18,CustomersPage
FN:22,(anonymous_3)
FN:26,(anonymous_4)
FN:41,(anonymous_5)
FN:58,(anonymous_6)
FN:59,(anonymous_7)
FN:74,(anonymous_8)
FN:108,(anonymous_9)
FN:112,(anonymous_10)
FN:112,(anonymous_11)
FN:113,(anonymous_12)
FNF:11
FNH:0
FNDA:0,CustomersPage
FNDA:0,(anonymous_3)
FNDA:0,(anonymous_4)
FNDA:0,(anonymous_5)
FNDA:0,(anonymous_6)
FNDA:0,(anonymous_7)
FNDA:0,(anonymous_8)
FNDA:0,(anonymous_9)
FNDA:0,(anonymous_10)
FNDA:0,(anonymous_11)
FNDA:0,(anonymous_12)
DA:3,0
DA:4,0
DA:5,0
DA:6,0
DA:18,0
DA:19,0
DA:20,0
DA:22,0
DA:23,0
DA:26,0
DA:27,0
DA:28,0
DA:29,0
DA:30,0
DA:32,0
DA:33,0
DA:35,0
DA:37,0
DA:41,0
DA:42,0
DA:43,0
DA:51,0
DA:52,0
DA:55,0
DA:58,0
DA:59,0
DA:60,0
DA:64,0
DA:65,0
DA:69,0
DA:108,0
DA:111,0
DA:112,0
DA:113,0
DA:115,0
LF:35
LH:0
BRDA:29,0,0,0
BRDA:51,1,0,0
BRDA:60,2,0,0
BRDA:60,2,1,0
BRDA:115,3,0,0
BRF:5
BRH:0
end_of_record
TN:
SF:app/customers/[id]/page.tsx
FN:8,CustomerPage
FN:13,(anonymous_3)
FN:14,(anonymous_4)
FN:50,(anonymous_5)
FNF:4
FNH:0
FNDA:0,CustomerPage
FNDA:0,(anonymous_3)
FNDA:0,(anonymous_4)
FNDA:0,(anonymous_5)
DA:3,0
DA:4,0
DA:5,0
DA:6,0
DA:8,0
DA:9,0
DA:10,0
DA:11,0
DA:13,0
DA:14,0
DA:15,0
DA:16,0
DA:17,0
DA:18,0
DA:20,0
DA:21,0
DA:23,0
DA:25,0
DA:29,0
DA:30,0
DA:34,0
DA:42,0
DA:50,0
DA:51,0
DA:52,0
DA:60,0
DA:61,0
DA:62,0
DA:65,0
DA:66,0
DA:68,0
DA:69,0
LF:32
LH:0
BRDA:17,0,0,0
BRDA:29,1,0,0
BRDA:34,2,0,0
BRDA:42,3,0,0
BRDA:60,4,0,0
BRDA:62,5,0,0
BRDA:62,5,1,0
BRF:7
BRH:0
end_of_record
TN:
SF:app/dashboard/layout.tsx
FN:5,DashboardLayout
FNF:1
FNH:0
FNDA:0,DashboardLayout
DA:3,0
DA:5,0
LF:2
LH:0
BRF:0
BRH:0
end_of_record
TN:
SF:app/dashboard/page.tsx
FN:3,DashboardPage
FNF:1
FNH:0
FNDA:0,DashboardPage
DA:3,0
LF:1
LH:0
BRF:0
BRH:0
end_of_record
TN:
SF:app/example/page.tsx
FN:87,ExamplePage
FN:90,(anonymous_4)
FN:93,(anonymous_5)
FNF:3
FNH:0
FNDA:0,ExamplePage
FNDA:0,(anonymous_4)
FNDA:0,(anonymous_5)
DA:3,0
DA:4,0
DA:5,0
DA:17,0
DA:47,0
DA:87,0
DA:88,0
DA:90,0
DA:91,0
DA:93,0
DA:94,0
DA:96,0
DA:97,0
LF:13
LH:0
BRF:0
BRH:0
end_of_record
TN:
SF:app/facilities/page.tsx
FN:29,FacilitiesPage
FN:42,(anonymous_3)
FN:62,(anonymous_4)
FN:73,(anonymous_5)
FN:83,(anonymous_6)
FN:111,(anonymous_7)
FN:112,(anonymous_8)
FN:118,(anonymous_9)
FN:120,(anonymous_10)
FN:126,(anonymous_11)
FN:146,(anonymous_12)
FN:150,(anonymous_13)
FN:150,(anonymous_14)
FN:151,(anonymous_15)
FNF:14
FNH:0
FNDA:0,FacilitiesPage
FNDA:0,(anonymous_3)
FNDA:0,(anonymous_4)
FNDA:0,(anonymous_5)
FNDA:0,(anonymous_6)
FNDA:0,(anonymous_7)
FNDA:0,(anonymous_8)
FNDA:0,(anonymous_9)
FNDA:0,(anonymous_10)
FNDA:0,(anonymous_11)
FNDA:0,(anonymous_12)
FNDA:0,(anonymous_13)
FNDA:0,(anonymous_14)
FNDA:0,(anonymous_15)
DA:3,0
DA:4,0
DA:5,0
DA:6,0
DA:29,0
DA:30,0
DA:31,0
DA:32,0
DA:38,0
DA:39,0
DA:40,0
DA:42,0
DA:49,0
DA:50,0
DA:51,0
DA:59,0
DA:60,0
DA:61,0
DA:62,0
DA:67,0
DA:69,0
DA:73,0
DA:74,0
DA:83,0
DA:84,0
DA:85,0
DA:93,0
DA:94,0
DA:98,0
DA:106,0
DA:107,0
DA:111,0
DA:112,0
DA:118,0
DA:119,0
DA:120,0
DA:126,0
DA:127,0
DA:128,0
DA:131,0
DA:146,0
DA:149,0
DA:150,0
DA:151,0
DA:153,0
LF:45
LH:0
BRDA:54,0,0,0
BRDA:54,0,1,0
BRDA:55,1,0,0
BRDA:55,1,1,0
BRDA:56,2,0,0
BRDA:56,2,1,0
BRDA:61,3,0,0
BRDA:61,3,1,0
BRDA:93,4,0,0
BRDA:153,5,0,0
BRDA:153,6,0,0
BRDA:153,6,1,0
BRF:12
BRH:0
end_of_record
TN:
SF:app/facilities/[id]/page.tsx
FN:8,FacilityPage
FN:13,(anonymous_3)
FN:14,(anonymous_4)
FN:50,(anonymous_5)
FNF:4
FNH:0
FNDA:0,FacilityPage
FNDA:0,(anonymous_3)
FNDA:0,(anonymous_4)
FNDA:0,(anonymous_5)
DA:3,0
DA:4,0
DA:5,0
DA:6,0
DA:8,0
DA:9,0
DA:10,0
DA:11,0
DA:13,0
DA:14,0
DA:15,0
DA:16,0
DA:17,0
DA:18,0
DA:20,0
DA:21,0
DA:23,0
DA:25,0
DA:29,0
DA:30,0
DA:34,0
DA:42,0
DA:50,0
DA:51,0
DA:52,0
DA:60,0
DA:61,0
DA:62,0
DA:65,0
DA:66,0
DA:68,0
DA:69,0
LF:32
LH:0
BRDA:17,0,0,0
BRDA:29,1,0,0
BRDA:34,2,0,0
BRDA:42,3,0,0
BRDA:60,4,0,0
BRDA:62,5,0,0
BRDA:62,5,1,0
BRF:7
BRH:0
end_of_record
TN:
SF:app/indigenous-communities/page.tsx
FN:23,IndigenousCommunitiesPage
FN:36,(anonymous_3)
FN:56,(anonymous_4)
FN:67,(anonymous_5)
FN:77,(anonymous_6)
FN:105,(anonymous_7)
FN:106,(anonymous_8)
FN:112,(anonymous_9)
FN:114,(anonymous_10)
FN:120,(anonymous_11)
FN:134,(anonymous_12)
FN:138,(anonymous_13)
FN:138,(anonymous_14)
FN:139,(anonymous_15)
FNF:14
FNH:0
FNDA:0,IndigenousCommunitiesPage
FNDA:0,(anonymous_3)
FNDA:0,(anonymous_4)
FNDA:0,(anonymous_5)
FNDA:0,(anonymous_6)
FNDA:0,(anonymous_7)
FNDA:0,(anonymous_8)
FNDA:0,(anonymous_9)
FNDA:0,(anonymous_10)
FNDA:0,(anonymous_11)
FNDA:0,(anonymous_12)
FNDA:0,(anonymous_13)
FNDA:0,(anonymous_14)
FNDA:0,(anonymous_15)
DA:3,0
DA:4,0
DA:5,0
DA:6,0
DA:23,0
DA:24,0
DA:25,0
DA:26,0
DA:32,0
DA:33,0
DA:34,0
DA:36,0
DA:43,0
DA:44,0
DA:45,0
DA:53,0
DA:54,0
DA:55,0
DA:56,0
DA:61,0
DA:63,0
DA:67,0
DA:68,0
DA:77,0
DA:78,0
DA:79,0
DA:87,0
DA:88,0
DA:92,0
DA:100,0
DA:101,0
DA:105,0
DA:106,0
DA:112,0
DA:113,0
DA:114,0
DA:120,0
DA:121,0
DA:122,0
DA:125,0
DA:134,0
DA:137,0
DA:138,0
DA:139,0
DA:141,0
LF:45
LH:0
BRDA:48,0,0,0
BRDA:48,0,1,0
BRDA:49,1,0,0
BRDA:49,1,1,0
BRDA:50,2,0,0
BRDA:50,2,1,0
BRDA:55,3,0,0
BRDA:55,3,1,0
BRDA:87,4,0,0
BRDA:141,5,0,0
BRDA:141,6,0,0
BRDA:141,6,1,0
BRF:12
BRH:0
end_of_record
TN:
SF:app/indigenous-communities/[id]/page.tsx
FN:8,IndigenousCommunityPage
FN:13,(anonymous_3)
FN:14,(anonymous_4)
FN:50,(anonymous_5)
FNF:4
FNH:0
FNDA:0,IndigenousCommunityPage
FNDA:0,(anonymous_3)
FNDA:0,(anonymous_4)
FNDA:0,(anonymous_5)
DA:3,0
DA:4,0
DA:5,0
DA:6,0
DA:8,0
DA:9,0
DA:10,0
DA:11,0
DA:13,0
DA:14,0
DA:15,0
DA:16,0
DA:17,0
DA:18,0
DA:20,0
DA:21,0
DA:23,0
DA:25,0
DA:29,0
DA:30,0
DA:34,0
DA:42,0
DA:50,0
DA:51,0
DA:52,0
DA:60,0
DA:61,0
DA:62,0
DA:65,0
DA:66,0
DA:68,0
DA:69,0
LF:32
LH:0
BRDA:17,0,0,0
BRDA:29,1,0,0
BRDA:34,2,0,0
BRDA:42,3,0,0
BRDA:60,4,0,0
BRDA:62,5,0,0
BRDA:62,5,1,0
BRF:7
BRH:0
end_of_record
TN:
SF:app/lib/api.ts
FN:8,withAuth
FN:25,(anonymous_6)
FN:29,(anonymous_7)
FN:35,(anonymous_8)
FNF:4
FNH:4
FNDA:5,withAuth
FNDA:4,(anonymous_6)
FNDA:1,(anonymous_7)
FNDA:2,(anonymous_8)
DA:1,1
DA:2,1
DA:3,1
DA:8,5
DA:12,5
DA:13,5
DA:14,5
DA:15,0
DA:17,5
DA:19,0
DA:20,0
DA:25,4
DA:26,4
DA:29,1
DA:30,1
DA:34,2
DA:35,2
LF:17
LH:14
BRDA:14,0,0,0
BRDA:25,1,0,4
BRDA:29,2,0,0
BRF:3
BRH:1
end_of_record
TN:
SF:app/lib/db.ts
FN:5,findById
FN:17,updateById
FNF:2
FNH:0
FNDA:0,findById
FNDA:0,updateById
DA:1,0
DA:5,0
DA:6,0
DA:7,0
DA:10,0
DA:12,0
DA:13,0
DA:17,0
DA:18,0
DA:19,0
DA:23,0
DA:25,0
DA:26,0
LF:13
LH:0
BRF:0
BRH:0
end_of_record
TN:
SF:app/lib/field-visibility-client.ts
FN:5,getFieldOrder
FN:21,(anonymous_8)
FN:32,saveFieldOrder
FN:48,resetFieldOrder
FN:60,getFieldVisibility
FN:83,saveFieldVisibility
FN:99,resetFieldVisibility
FNF:7
FNH:0
FNDA:0,getFieldOrder
FNDA:0,(anonymous_8)
FNDA:0,saveFieldOrder
FNDA:0,resetFieldOrder
FNDA:0,getFieldVisibility
FNDA:0,saveFieldVisibility
FNDA:0,resetFieldVisibility
DA:5,0
DA:6,0
DA:7,0
DA:10,0
DA:11,0
DA:13,0
DA:14,0
DA:17,0
DA:18,0
DA:21,0
DA:22,0
DA:24,0
DA:25,0
DA:32,0
DA:33,0
DA:34,0
DA:37,0
DA:38,0
DA:39,0
DA:41,0
DA:48,0
DA:49,0
DA:50,0
DA:53,0
DA:54,0
DA:60,0
DA:61,0
DA:62,0
DA:65,0
DA:66,0
DA:68,0
DA:69,0
DA:72,0
DA:73,0
DA:75,0
DA:76,0
DA:83,0
DA:84,0
DA:85,0
DA:88,0
DA:89,0
DA:90,0
DA:92,0
DA:99,0
DA:100,0
DA:101,0
DA:104,0
DA:105,0
LF:48
LH:0
BRDA:6,0,0,0
BRDA:13,1,0,0
BRDA:33,2,0,0
BRDA:49,3,0,0
BRDA:61,4,0,0
BRDA:68,5,0,0
BRDA:84,6,0,0
BRDA:100,7,0,0
BRF:8
BRH:0
end_of_record
TN:
SF:app/lib/field-visibility.ts
FN:11,getFieldVisibility
FN:26,setFieldVisibility
FN:43,getVisibleFields
FN:47,(anonymous_7)
FNF:4
FNH:0
FNDA:0,getFieldVisibility
FNDA:0,setFieldVisibility
FNDA:0,getVisibleFields
FNDA:0,(anonymous_7)
DA:1,0
DA:9,0
DA:11,0
DA:12,0
DA:13,0
DA:15,0
DA:16,0
DA:19,0
DA:20,0
DA:22,0
DA:26,0
DA:27,0
DA:28,0
DA:30,0
DA:31,0
DA:34,0
DA:37,0
DA:43,0
DA:44,0
DA:45,0
DA:47,0
LF:21
LH:0
BRDA:15,0,0,0
BRDA:30,1,0,0
BRDA:45,2,0,0
BRDA:45,2,1,0
BRF:4
BRH:0
end_of_record
TN:
SF:app/lib/prisma.ts
FNF:0
FNH:0
DA:1,1
DA:3,1
DA:8,5
DA:10,1
DA:11,1
LF:5
LH:5
BRDA:8,0,0,1
BRDA:8,0,1,1
BRDA:10,1,0,1
BRF:3
BRH:3
end_of_record
TN:
SF:app/lib/utils.ts
FN:8,cn
FN:15,formatDate
FN:26,isDefined
FN:33,get
FN:34,(anonymous_9)
FN:38,(anonymous_10)
FNF:6
FNH:0
FNDA:0,cn
FNDA:0,formatDate
FNDA:0,isDefined
FNDA:0,get
FNDA:0,(anonymous_9)
FNDA:0,(anonymous_10)
DA:1,1
DA:2,1
DA:8,0
DA:9,0
DA:15,0
DA:16,0
DA:26,0
DA:27,0
DA:33,0
DA:34,0
DA:35,0
DA:38,0
DA:39,0
DA:40,0
LF:14
LH:2
BRDA:27,0,0,0
BRDA:27,0,1,0
BRDA:38,1,0,0
BRDA:38,1,1,0
BRDA:38,2,0,0
BRDA:38,2,1,0
BRDA:39,3,0,0
BRDA:39,3,1,0
BRDA:40,4,0,0
BRDA:40,4,1,0
BRDA:40,5,0,0
BRDA:40,5,1,0
BRF:12
BRH:0
end_of_record
TN:
SF:app/login/layout.tsx
FN:11,LoginLayout
FN:15,(anonymous_2)
FNF:2
FNH:2
FNDA:4,LoginLayout
FNDA:4,(anonymous_2)
DA:3,1
DA:4,1
DA:5,1
DA:11,4
DA:12,4
DA:13,4
DA:15,4
DA:16,4
DA:17,1
LF:9
LH:9
BRDA:16,0,0,1
BRF:1
BRH:1
end_of_record
TN:
SF:app/login/page.tsx
FN:9,LoginPage
FN:19,(anonymous_3)
FN:79,(anonymous_4)
FN:95,(anonymous_5)
FNF:4
FNH:4
FNDA:20,LoginPage
FNDA:4,(anonymous_3)
FNDA:4,(anonymous_4)
FNDA:4,(anonymous_5)
DA:3,1
DA:4,1
DA:5,1
DA:6,1
DA:7,1
DA:9,5
DA:10,20
DA:11,20
DA:12,20
DA:13,20
DA:14,20
DA:15,20
DA:17,20
DA:19,20
DA:20,4
DA:21,4
DA:22,4
DA:24,4
DA:25,4
DA:32,4
DA:33,1
DA:34,3
DA:35,2
DA:36,2
DA:39,0
DA:40,0
DA:42,4
DA:79,4
DA:95,4
LF:29
LH:27
BRDA:17,0,0,20
BRDA:17,0,1,15
BRDA:32,1,0,1
BRDA:32,1,1,3
BRDA:34,2,0,2
BRDA:62,3,0,20
BRDA:105,4,0,4
BRDA:105,4,1,16
BRF:8
BRH:8
end_of_record
TN:
SF:app/marketing/loading.tsx
FN:1,Loading
FNF:1
FNH:0
FNDA:0,Loading
DA:1,0
LF:1
LH:0
BRF:0
BRH:0
end_of_record
TN:
SF:app/marketing/page.tsx
FN:18,MarketingPage
FN:23,(anonymous_3)
FN:24,(anonymous_4)
FN:43,(anonymous_5)
FN:54,(anonymous_6)
FN:58,(anonymous_7)
FN:58,(anonymous_8)
FN:59,(anonymous_9)
FN:61,(anonymous_10)
FN:75,(anonymous_11)
FNF:10
FNH:0
FNDA:0,MarketingPage
FNDA:0,(anonymous_3)
FNDA:0,(anonymous_4)
FNDA:0,(anonymous_5)
FNDA:0,(anonymous_6)
FNDA:0,(anonymous_7)
FNDA:0,(anonymous_8)
FNDA:0,(anonymous_9)
FNDA:0,(anonymous_10)
FNDA:0,(anonymous_11)
DA:3,0
DA:4,0
DA:5,0
DA:6,0
DA:7,0
DA:18,0
DA:19,0
DA:20,0
DA:21,0
DA:23,0
DA:24,0
DA:25,0
DA:26,0
DA:27,0
DA:28,0
DA:30,0
DA:31,0
DA:33,0
DA:35,0
DA:39,0
DA:42,0
DA:54,0
DA:57,0
DA:58,0
DA:59,0
DA:61,0
DA:62,0
DA:63,0
DA:64,0
DA:71,0
DA:72,0
DA:74,0
DA:75,0
DA:77,0
DA:79,0
LF:35
LH:0
BRDA:27,0,0,0
BRDA:71,1,0,0
BRDA:75,2,0,0
BRDA:75,2,1,0
BRDA:93,3,0,0
BRF:5
BRH:0
end_of_record
TN:
SF:app/marketing/[id]/page.tsx
FN:8,MarketingDetailPage
FN:13,(anonymous_3)
FN:14,(anonymous_4)
FN:50,(anonymous_5)
FNF:4
FNH:0
FNDA:0,MarketingDetailPage
FNDA:0,(anonymous_3)
FNDA:0,(anonymous_4)
FNDA:0,(anonymous_5)
DA:3,0
DA:4,0
DA:5,0
DA:6,0
DA:8,0
DA:9,0
DA:10,0
DA:11,0
DA:13,0
DA:14,0
DA:15,0
DA:16,0
DA:17,0
DA:18,0
DA:20,0
DA:21,0
DA:23,0
DA:25,0
DA:29,0
DA:30,0
DA:34,0
DA:42,0
DA:50,0
DA:51,0
DA:52,0
DA:60,0
DA:61,0
DA:62,0
DA:65,0
DA:66,0
DA:68,0
DA:69,0
LF:32
LH:0
BRDA:17,0,0,0
BRDA:29,1,0,0
BRDA:34,2,0,0
BRDA:42,3,0,0
BRDA:60,4,0,0
BRDA:62,5,0,0
BRDA:62,5,1,0
BRF:7
BRH:0
end_of_record
TN:
SF:app/marketing/campaigns/loading.tsx
FN:1,Loading
FNF:1
FNH:0
FNDA:0,Loading
DA:1,0
LF:1
LH:0
BRF:0
BRH:0
end_of_record
TN:
SF:app/marketing/campaigns/[id]/edm/[edmId]/loading.tsx
FN:1,Loading
FNF:1
FNH:0
FNDA:0,Loading
DA:1,0
LF:1
LH:0
BRF:0
BRH:0
end_of_record
TN:
SF:app/marketing/campaigns/[id]/edm/[edmId]/page.tsx
FN:10,generateMetadata
FN:17,CampaignEdmPage
FNF:2
FNH:0
FNDA:0,generateMetadata
FNDA:0,CampaignEdmPage
DA:10,0
DA:11,0
DA:12,0
DA:17,0
DA:18,0
LF:5
LH:0
BRF:0
BRH:0
end_of_record
TN:
SF:app/marketing/campaigns/components/CampaignDetails.tsx
FN:17,CampaignDetails
FNF:1
FNH:0
FNDA:0,CampaignDetails
DA:1,0
DA:2,0
DA:17,0
LF:3
LH:0
BRDA:36,0,0,0
BRDA:36,0,1,0
BRF:2
BRH:0
end_of_record
TN:
SF:app/marketing/campaigns/components/CampaignList.tsx
FN:18,CampaignList
FN:29,(anonymous_3)
FNF:2
FNH:0
FNDA:0,CampaignList
FNDA:0,(anonymous_3)
DA:1,0
DA:2,0
DA:3,0
DA:18,0
DA:30,0
LF:5
LH:0
BRDA:42,0,0,0
BRDA:42,0,1,0
BRF:2
BRH:0
end_of_record
TN:
SF:app/marketing/campaigns/components/CreateCampaignDialog.tsx
FN:11,CreateCampaignDialog
FN:17,(anonymous_3)
FN:57,(anonymous_4)
FN:69,(anonymous_5)
FN:84,(anonymous_6)
FN:97,(anonymous_7)
FNF:6
FNH:0
FNDA:0,CreateCampaignDialog
FNDA:0,(anonymous_3)
FNDA:0,(anonymous_4)
FNDA:0,(anonymous_5)
FNDA:0,(anonymous_6)
FNDA:0,(anonymous_7)
DA:3,0
DA:4,0
DA:5,0
DA:11,0
DA:12,0
DA:13,0
DA:14,0
DA:15,0
DA:17,0
DA:18,0
DA:19,0
DA:20,0
DA:33,0
DA:34,0
DA:37,0
DA:57,0
DA:69,0
DA:84,0
DA:97,0
LF:19
LH:0
BRDA:33,0,0,0
BRF:1
BRH:0
end_of_record
TN:
SF:app/marketing/campaigns/components/CreateEDMDialog.tsx
FN:10,CreateEDMDialog
FN:15,(anonymous_3)
FN:53,(anonymous_4)
FN:66,(anonymous_5)
FN:78,(anonymous_6)
FNF:5
FNH:0
FNDA:0,CreateEDMDialog
FNDA:0,(anonymous_3)
FNDA:0,(anonymous_4)
FNDA:0,(anonymous_5)
FNDA:0,(anonymous_6)
DA:1,0
DA:2,0
DA:3,0
DA:10,0
DA:11,0
DA:12,0
DA:13,0
DA:15,0
DA:16,0
DA:17,0
DA:18,0
DA:29,0
DA:30,0
DA:33,0
DA:53,0
DA:66,0
DA:78,0
LF:17
LH:0
BRDA:29,0,0,0
BRF:1
BRH:0
end_of_record
TN:
SF:app/marketing/campaigns/components/EDMList.tsx
FN:18,EDMList
FN:29,(anonymous_3)
FNF:2
FNH:0
FNDA:0,EDMList
FNDA:0,(anonymous_3)
DA:1,0
DA:2,0
DA:3,0
DA:18,0
DA:30,0
LF:5
LH:0
BRDA:42,0,0,0
BRDA:42,0,1,0
BRDA:46,1,0,0
BRF:3
BRH:0
end_of_record
TN:
SF:app/marketing/campaigns/components/ListCreator.tsx
FN:12,ListCreator
FN:17,(anonymous_3)
FN:27,(anonymous_4)
FN:49,(anonymous_5)
FN:72,(anonymous_6)
FN:81,(anonymous_7)
FN:108,(anonymous_8)
FNF:7
FNH:0
FNDA:0,ListCreator
FNDA:0,(anonymous_3)
FNDA:0,(anonymous_4)
FNDA:0,(anonymous_5)
FNDA:0,(anonymous_6)
FNDA:0,(anonymous_7)
FNDA:0,(anonymous_8)
DA:3,0
DA:4,0
DA:5,0
DA:12,0
DA:13,0
DA:14,0
DA:15,0
DA:17,0
DA:18,0
DA:19,0
DA:20,0
DA:21,0
DA:23,0
DA:27,0
DA:28,0
DA:29,0
DA:39,0
DA:40,0
DA:43,0
DA:47,0
DA:49,0
DA:72,0
DA:81,0
DA:109,0
LF:24
LH:0
BRDA:39,0,0,0
BRDA:47,1,0,0
BRDA:50,2,0,0
BRDA:50,2,1,0
BRDA:92,3,0,0
BRF:5
BRH:0
end_of_record
TN:
SF:app/marketing/components/EDMDetails.tsx
FN:15,EDMDetails
FNF:1
FNH:0
FNDA:0,EDMDetails
DA:1,0
DA:2,0
DA:15,0
LF:3
LH:0
BRF:0
BRH:0
end_of_record
TN:
SF:app/marketing/components/RecipientLists.tsx
FN:14,RecipientLists
FN:25,(anonymous_3)
FNF:2
FNH:0
FNDA:0,RecipientLists
FNDA:0,(anonymous_3)
DA:1,0
DA:2,0
DA:14,0
DA:26,0
LF:4
LH:0
BRF:0
BRH:0
end_of_record
TN:
SF:app/marketing/email-analytics/loading.tsx
FN:3,Loading
FNF:1
FNH:0
FNDA:0,Loading
DA:1,0
DA:3,0
LF:2
LH:0
BRF:0
BRH:0
end_of_record
TN:
SF:app/marketing/email-analytics/page.tsx
FN:18,EmailAnalyticsPage
FN:23,(anonymous_3)
FN:24,(anonymous_4)
FN:52,(anonymous_5)
FN:56,(anonymous_6)
FN:56,(anonymous_7)
FN:57,(anonymous_8)
FN:59,(anonymous_9)
FN:73,(anonymous_10)
FNF:9
FNH:0
FNDA:0,EmailAnalyticsPage
FNDA:0,(anonymous_3)
FNDA:0,(anonymous_4)
FNDA:0,(anonymous_5)
FNDA:0,(anonymous_6)
FNDA:0,(anonymous_7)
FNDA:0,(anonymous_8)
FNDA:0,(anonymous_9)
FNDA:0,(anonymous_10)
DA:3,0
DA:4,0
DA:5,0
DA:6,0
DA:7,0
DA:18,0
DA:19,0
DA:20,0
DA:21,0
DA:23,0
DA:24,0
DA:25,0
DA:26,0
DA:27,0
DA:28,0
DA:30,0
DA:31,0
DA:33,0
DA:35,0
DA:39,0
DA:42,0
DA:52,0
DA:55,0
DA:56,0
DA:57,0
DA:59,0
DA:60,0
DA:61,0
DA:62,0
DA:69,0
DA:70,0
DA:72,0
DA:73,0
DA:75,0
DA:77,0
LF:35
LH:0
BRDA:27,0,0,0
BRDA:69,1,0,0
BRDA:73,2,0,0
BRDA:73,2,1,0
BRDA:91,3,0,0
BRF:5
BRH:0
end_of_record
TN:
SF:app/marketing/lists/page.tsx
FN:28,MarketingListsPage
FN:34,(anonymous_3)
FN:35,(anonymous_4)
FN:63,(anonymous_5)
FN:94,(anonymous_6)
FN:109,(anonymous_7)
FN:117,(anonymous_8)
FN:123,(anonymous_9)
FN:141,(anonymous_10)
FNF:9
FNH:0
FNDA:0,MarketingListsPage
FNDA:0,(anonymous_3)
FNDA:0,(anonymous_4)
FNDA:0,(anonymous_5)
FNDA:0,(anonymous_6)
FNDA:0,(anonymous_7)
FNDA:0,(anonymous_8)
FNDA:0,(anonymous_9)
FNDA:0,(anonymous_10)
DA:3,0
DA:4,0
DA:16,0
DA:28,0
DA:29,0
DA:30,0
DA:31,0
DA:32,0
DA:34,0
DA:35,0
DA:36,0
DA:37,0
DA:38,0
DA:39,0
DA:41,0
DA:42,0
DA:44,0
DA:46,0
DA:50,0
DA:53,0
DA:63,0
DA:64,0
DA:65,0
DA:66,0
DA:74,0
DA:75,0
DA:78,0
DA:79,0
DA:80,0
DA:81,0
DA:83,0
DA:94,0
DA:109,0
DA:117,0
DA:123,0
DA:142,0
LF:36
LH:0
BRDA:38,0,0,0
BRDA:74,1,0,0
BRDA:99,2,0,0
BRF:3
BRH:0
end_of_record
TN:
SF:app/marketing/lists/[id]/page.tsx
FN:6,MarketingListPage
FN:11,(anonymous_2)
FN:12,(anonymous_3)
FNF:3
FNH:0
FNDA:0,MarketingListPage
FNDA:0,(anonymous_2)
FNDA:0,(anonymous_3)
DA:3,0
DA:4,0
DA:6,0
DA:7,0
DA:8,0
DA:9,0
DA:11,0
DA:12,0
DA:13,0
DA:14,0
DA:15,0
DA:16,0
DA:18,0
DA:19,0
DA:21,0
DA:23,0
DA:27,0
DA:28,0
DA:32,0
DA:36,0
LF:20
LH:0
BRDA:15,0,0,0
BRDA:27,1,0,0
BRDA:32,2,0,0
BRDA:36,3,0,0
BRF:4
BRH:0
end_of_record
TN:
SF:app/marketing/templates/page.tsx
FN:14,TemplatesPage
FN:18,(anonymous_3)
FN:19,(anonymous_4)
FN:52,(anonymous_5)
FNF:4
FNH:0
FNDA:0,TemplatesPage
FNDA:0,(anonymous_3)
FNDA:0,(anonymous_4)
FNDA:0,(anonymous_5)
DA:3,0
DA:4,0
DA:14,0
DA:15,0
DA:16,0
DA:18,0
DA:19,0
DA:20,0
DA:21,0
DA:22,0
DA:23,0
DA:25,0
DA:26,0
DA:28,0
DA:30,0
DA:34,0
DA:37,0
DA:53,0
LF:18
LH:0
BRDA:22,0,0,0
BRF:1
BRH:0
end_of_record
TN:
SF:app/observations/page.tsx
FN:17,ObservationsPage
FN:22,(anonymous_3)
FN:23,(anonymous_4)
FN:42,(anonymous_5)
FN:52,(anonymous_6)
FN:56,(anonymous_7)
FN:56,(anonymous_8)
FN:57,(anonymous_9)
FN:59,(anonymous_10)
FN:73,(anonymous_11)
FNF:10
FNH:0
FNDA:0,ObservationsPage
FNDA:0,(anonymous_3)
FNDA:0,(anonymous_4)
FNDA:0,(anonymous_5)
FNDA:0,(anonymous_6)
FNDA:0,(anonymous_7)
FNDA:0,(anonymous_8)
FNDA:0,(anonymous_9)
FNDA:0,(anonymous_10)
FNDA:0,(anonymous_11)
DA:3,0
DA:4,0
DA:5,0
DA:6,0
DA:7,0
DA:17,0
DA:18,0
DA:19,0
DA:20,0
DA:22,0
DA:23,0
DA:24,0
DA:25,0
DA:26,0
DA:27,0
DA:29,0
DA:30,0
DA:32,0
DA:34,0
DA:38,0
DA:41,0
DA:52,0
DA:55,0
DA:56,0
DA:57,0
DA:59,0
DA:60,0
DA:61,0
DA:62,0
DA:69,0
DA:70,0
DA:72,0
DA:73,0
DA:75,0
DA:77,0
LF:35
LH:0
BRDA:26,0,0,0
BRDA:69,1,0,0
BRDA:73,2,0,0
BRDA:73,2,1,0
BRDA:91,3,0,0
BRF:5
BRH:0
end_of_record
TN:
SF:app/observations/[id]/page.tsx
FN:8,ObservationPage
FN:13,(anonymous_3)
FN:14,(anonymous_4)
FN:50,(anonymous_5)
FNF:4
FNH:0
FNDA:0,ObservationPage
FNDA:0,(anonymous_3)
FNDA:0,(anonymous_4)
FNDA:0,(anonymous_5)
DA:3,0
DA:4,0
DA:5,0
DA:6,0
DA:8,0
DA:9,0
DA:10,0
DA:11,0
DA:13,0
DA:14,0
DA:15,0
DA:16,0
DA:17,0
DA:18,0
DA:20,0
DA:21,0
DA:23,0
DA:25,0
DA:29,0
DA:30,0
DA:34,0
DA:42,0
DA:50,0
DA:51,0
DA:52,0
DA:60,0
DA:61,0
DA:62,0
DA:65,0
DA:66,0
DA:68,0
DA:69,0
LF:32
LH:0
BRDA:17,0,0,0
BRDA:29,1,0,0
BRDA:34,2,0,0
BRDA:42,3,0,0
BRDA:60,4,0,0
BRDA:62,5,0,0
BRDA:62,5,1,0
BRF:7
BRH:0
end_of_record
TN:
SF:app/outfall-types/page.tsx
FN:16,OutfallTypesPage
FN:20,(anonymous_3)
FN:24,(anonymous_4)
FN:39,(anonymous_5)
FN:56,(anonymous_6)
FN:57,(anonymous_7)
FN:95,(anonymous_8)
FN:99,(anonymous_9)
FN:99,(anonymous_10)
FN:100,(anonymous_11)
FNF:10
FNH:0
FNDA:0,OutfallTypesPage
FNDA:0,(anonymous_3)
FNDA:0,(anonymous_4)
FNDA:0,(anonymous_5)
FNDA:0,(anonymous_6)
FNDA:0,(anonymous_7)
FNDA:0,(anonymous_8)
FNDA:0,(anonymous_9)
FNDA:0,(anonymous_10)
FNDA:0,(anonymous_11)
DA:3,0
DA:4,0
DA:5,0
DA:6,0
DA:16,0
DA:17,0
DA:18,0
DA:20,0
DA:21,0
DA:24,0
DA:25,0
DA:26,0
DA:27,0
DA:28,0
DA:30,0
DA:31,0
DA:33,0
DA:35,0
DA:39,0
DA:40,0
DA:41,0
DA:49,0
DA:50,0
DA:53,0
DA:56,0
DA:57,0
DA:58,0
DA:62,0
DA:63,0
DA:67,0
DA:95,0
DA:98,0
DA:99,0
DA:100,0
DA:102,0
LF:35
LH:0
BRDA:27,0,0,0
BRDA:31,1,0,0
BRDA:31,1,1,0
BRDA:49,2,0,0
BRDA:58,3,0,0
BRDA:58,3,1,0
BRDA:102,4,0,0
BRF:7
BRH:0
end_of_record
TN:
SF:app/outfall-types/[id]/page.tsx
FN:8,OutfallTypePage
FN:13,(anonymous_3)
FN:14,(anonymous_4)
FN:50,(anonymous_5)
FNF:4
FNH:0
FNDA:0,OutfallTypePage
FNDA:0,(anonymous_3)
FNDA:0,(anonymous_4)
FNDA:0,(anonymous_5)
DA:3,0
DA:4,0
DA:5,0
DA:6,0
DA:8,0
DA:9,0
DA:10,0
DA:11,0
DA:13,0
DA:14,0
DA:15,0
DA:16,0
DA:17,0
DA:18,0
DA:20,0
DA:21,0
DA:23,0
DA:25,0
DA:29,0
DA:30,0
DA:34,0
DA:42,0
DA:50,0
DA:51,0
DA:52,0
DA:60,0
DA:61,0
DA:62,0
DA:65,0
DA:66,0
DA:68,0
DA:69,0
LF:32
LH:0
BRDA:17,0,0,0
BRDA:29,1,0,0
BRDA:34,2,0,0
BRDA:42,3,0,0
BRDA:60,4,0,0
BRDA:62,5,0,0
BRDA:62,5,1,0
BRF:7
BRH:0
end_of_record
TN:
SF:app/outfalls/page.tsx
FN:27,OutfallsPage
FN:40,(anonymous_3)
FN:60,(anonymous_4)
FN:71,(anonymous_5)
FN:81,(anonymous_6)
FN:109,(anonymous_7)
FN:110,(anonymous_8)
FN:116,(anonymous_9)
FN:118,(anonymous_10)
FN:124,(anonymous_11)
FN:134,(anonymous_12)
FNF:11
FNH:0
FNDA:0,OutfallsPage
FNDA:0,(anonymous_3)
FNDA:0,(anonymous_4)
FNDA:0,(anonymous_5)
FNDA:0,(anonymous_6)
FNDA:0,(anonymous_7)
FNDA:0,(anonymous_8)
FNDA:0,(anonymous_9)
FNDA:0,(anonymous_10)
FNDA:0,(anonymous_11)
FNDA:0,(anonymous_12)
DA:3,0
DA:4,0
DA:5,0
DA:6,0
DA:27,0
DA:28,0
DA:29,0
DA:30,0
DA:36,0
DA:37,0
DA:38,0
DA:40,0
DA:47,0
DA:48,0
DA:49,0
DA:57,0
DA:58,0
DA:59,0
DA:60,0
DA:65,0
DA:67,0
DA:71,0
DA:72,0
DA:81,0
DA:82,0
DA:83,0
DA:91,0
DA:92,0
DA:96,0
DA:104,0
DA:105,0
DA:109,0
DA:110,0
DA:116,0
DA:117,0
DA:118,0
DA:124,0
DA:125,0
DA:126,0
DA:129,0
DA:161,0
LF:41
LH:0
BRDA:52,0,0,0
BRDA:52,0,1,0
BRDA:53,1,0,0
BRDA:53,1,1,0
BRDA:54,2,0,0
BRDA:54,2,1,0
BRDA:59,3,0,0
BRDA:59,3,1,0
BRDA:91,4,0,0
BRDA:161,5,0,0
BRDA:161,6,0,0
BRDA:161,6,1,0
BRF:12
BRH:0
end_of_record
TN:
SF:app/outfalls/[id]/page.tsx
FN:8,OutfallPage
FN:13,(anonymous_3)
FN:14,(anonymous_4)
FN:50,(anonymous_5)
FNF:4
FNH:0
FNDA:0,OutfallPage
FNDA:0,(anonymous_3)
FNDA:0,(anonymous_4)
FNDA:0,(anonymous_5)
DA:3,0
DA:4,0
DA:5,0
DA:6,0
DA:8,0
DA:9,0
DA:10,0
DA:11,0
DA:13,0
DA:14,0
DA:15,0
DA:16,0
DA:17,0
DA:18,0
DA:20,0
DA:21,0
DA:23,0
DA:25,0
DA:29,0
DA:30,0
DA:34,0
DA:42,0
DA:50,0
DA:51,0
DA:52,0
DA:60,0
DA:61,0
DA:64,0
DA:65,0
DA:67,0
DA:68,0
LF:31
LH:0
BRDA:17,0,0,0
BRDA:29,1,0,0
BRDA:34,2,0,0
BRDA:42,3,0,0
BRDA:60,4,0,0
BRF:5
BRH:0
end_of_record
TN:
SF:app/people/page.tsx
FN:30,PeoplePage
FN:43,(anonymous_3)
FN:63,(anonymous_4)
FN:74,(anonymous_5)
FN:84,(anonymous_6)
FN:112,(anonymous_7)
FN:113,(anonymous_8)
FN:119,(anonymous_9)
FN:121,(anonymous_10)
FN:127,(anonymous_11)
FN:147,(anonymous_12)
FN:151,(anonymous_13)
FN:151,(anonymous_14)
FN:152,(anonymous_15)
FNF:14
FNH:0
FNDA:0,PeoplePage
FNDA:0,(anonymous_3)
FNDA:0,(anonymous_4)
FNDA:0,(anonymous_5)
FNDA:0,(anonymous_6)
FNDA:0,(anonymous_7)
FNDA:0,(anonymous_8)
FNDA:0,(anonymous_9)
FNDA:0,(anonymous_10)
FNDA:0,(anonymous_11)
FNDA:0,(anonymous_12)
FNDA:0,(anonymous_13)
FNDA:0,(anonymous_14)
FNDA:0,(anonymous_15)
DA:3,0
DA:4,0
DA:5,0
DA:6,0
DA:30,0
DA:31,0
DA:32,0
DA:33,0
DA:39,0
DA:40,0
DA:41,0
DA:43,0
DA:50,0
DA:51,0
DA:52,0
DA:60,0
DA:61,0
DA:62,0
DA:63,0
DA:68,0
DA:70,0
DA:74,0
DA:75,0
DA:84,0
DA:85,0
DA:86,0
DA:94,0
DA:95,0
DA:99,0
DA:107,0
DA:108,0
DA:112,0
DA:113,0
DA:119,0
DA:120,0
DA:121,0
DA:127,0
DA:128,0
DA:129,0
DA:132,0
DA:147,0
DA:150,0
DA:151,0
DA:152,0
DA:154,0
LF:45
LH:0
BRDA:55,0,0,0
BRDA:55,0,1,0
BRDA:56,1,0,0
BRDA:56,1,1,0
BRDA:57,2,0,0
BRDA:57,2,1,0
BRDA:62,3,0,0
BRDA:62,3,1,0
BRDA:94,4,0,0
BRDA:154,5,0,0
BRDA:154,6,0,0
BRDA:154,6,1,0
BRF:12
BRH:0
end_of_record
TN:
SF:app/people/[id]/page.tsx
FN:8,PersonPage
FN:13,(anonymous_3)
FN:14,(anonymous_4)
FN:50,(anonymous_5)
FNF:4
FNH:0
FNDA:0,PersonPage
FNDA:0,(anonymous_3)
FNDA:0,(anonymous_4)
FNDA:0,(anonymous_5)
DA:3,0
DA:4,0
DA:5,0
DA:6,0
DA:8,0
DA:9,0
DA:10,0
DA:11,0
DA:13,0
DA:14,0
DA:15,0
DA:16,0
DA:17,0
DA:18,0
DA:20,0
DA:21,0
DA:23,0
DA:25,0
DA:29,0
DA:30,0
DA:34,0
DA:42,0
DA:50,0
DA:51,0
DA:52,0
DA:60,0
DA:61,0
DA:62,0
DA:65,0
DA:66,0
DA:68,0
DA:69,0
LF:32
LH:0
BRDA:17,0,0,0
BRDA:29,1,0,0
BRDA:34,2,0,0
BRDA:42,3,0,0
BRDA:60,4,0,0
BRDA:62,5,0,0
BRDA:62,5,1,0
BRF:7
BRH:0
end_of_record
TN:
SF:app/politicians/page.tsx
FN:20,PoliticiansPage
FN:24,(anonymous_3)
FN:25,(anonymous_4)
FN:40,(anonymous_5)
FN:69,(anonymous_6)
FN:81,(anonymous_7)
FN:85,(anonymous_8)
FN:85,(anonymous_9)
FN:86,(anonymous_10)
FNF:9
FNH:0
FNDA:0,PoliticiansPage
FNDA:0,(anonymous_3)
FNDA:0,(anonymous_4)
FNDA:0,(anonymous_5)
FNDA:0,(anonymous_6)
FNDA:0,(anonymous_7)
FNDA:0,(anonymous_8)
FNDA:0,(anonymous_9)
FNDA:0,(anonymous_10)
DA:3,0
DA:4,0
DA:5,0
DA:6,0
DA:20,0
DA:21,0
DA:22,0
DA:24,0
DA:25,0
DA:26,0
DA:27,0
DA:28,0
DA:29,0
DA:31,0
DA:33,0
DA:37,0
DA:40,0
DA:41,0
DA:42,0
DA:50,0
DA:51,0
DA:55,0
DA:56,0
DA:57,0
DA:59,0
DA:60,0
DA:64,0
DA:69,0
DA:81,0
DA:84,0
DA:85,0
DA:86,0
DA:88,0
LF:33
LH:0
BRDA:29,0,0,0
BRDA:29,0,1,0
BRDA:50,1,0,0
BRDA:57,2,0,0
BRDA:57,2,1,0
BRDA:88,3,0,0
BRF:6
BRH:0
end_of_record
TN:
SF:app/politicians/[id]/page.tsx
FN:8,PoliticianPage
FN:13,(anonymous_3)
FN:14,(anonymous_4)
FN:50,(anonymous_5)
FNF:4
FNH:0
FNDA:0,PoliticianPage
FNDA:0,(anonymous_3)
FNDA:0,(anonymous_4)
FNDA:0,(anonymous_5)
DA:3,0
DA:4,0
DA:5,0
DA:6,0
DA:8,0
DA:9,0
DA:10,0
DA:11,0
DA:13,0
DA:14,0
DA:15,0
DA:16,0
DA:17,0
DA:18,0
DA:20,0
DA:21,0
DA:23,0
DA:25,0
DA:29,0
DA:30,0
DA:34,0
DA:42,0
DA:50,0
DA:51,0
DA:52,0
DA:60,0
DA:61,0
DA:62,0
DA:65,0
DA:66,0
DA:68,0
DA:69,0
LF:32
LH:0
BRDA:17,0,0,0
BRDA:29,1,0,0
BRDA:34,2,0,0
BRDA:42,3,0,0
BRDA:60,4,0,0
BRDA:62,5,0,0
BRDA:62,5,1,0
BRF:7
BRH:0
end_of_record
TN:
SF:app/saved-views/layout.tsx
FN:8,SavedViewsLayout
FNF:1
FNH:0
FNDA:0,SavedViewsLayout
DA:3,0
DA:8,0
LF:2
LH:0
BRF:0
BRH:0
end_of_record
TN:
SF:app/saved-views/page.tsx
FN:5,SavedViewsPage
FNF:1
FNH:0
FNDA:0,SavedViewsPage
DA:3,0
DA:5,0
LF:2
LH:0
BRF:0
BRH:0
end_of_record
TN:
SF:app/support/page.tsx
FN:19,SupportTicketsPage
FN:23,(anonymous_3)
FN:24,(anonymous_4)
FN:39,(anonymous_5)
FNF:4
FNH:0
FNDA:0,SupportTicketsPage
FNDA:0,(anonymous_3)
FNDA:0,(anonymous_4)
FNDA:0,(anonymous_5)
DA:3,0
DA:4,0
DA:17,0
DA:19,0
DA:20,0
DA:21,0
DA:23,0
DA:24,0
DA:25,0
DA:26,0
DA:27,0
DA:28,0
DA:30,0
DA:32,0
DA:36,0
DA:39,0
DA:40,0
DA:41,0
DA:49,0
DA:50,0
DA:54,0
DA:55,0
DA:56,0
DA:58,0
DA:59,0
DA:63,0
DA:73,0
LF:27
LH:0
BRDA:28,0,0,0
BRDA:28,0,1,0
BRDA:49,1,0,0
BRDA:56,2,0,0
BRDA:56,2,1,0
BRDA:73,3,0,0
BRF:6
BRH:0
end_of_record
TN:
SF:app/support/[id]/page.tsx
FN:8,SupportTicketPage
FN:13,(anonymous_3)
FN:14,(anonymous_4)
FN:50,(anonymous_5)
FNF:4
FNH:0
FNDA:0,SupportTicketPage
FNDA:0,(anonymous_3)
FNDA:0,(anonymous_4)
FNDA:0,(anonymous_5)
DA:3,0
DA:4,0
DA:5,0
DA:6,0
DA:8,0
DA:9,0
DA:10,0
DA:11,0
DA:13,0
DA:14,0
DA:15,0
DA:16,0
DA:17,0
DA:18,0
DA:20,0
DA:21,0
DA:23,0
DA:25,0
DA:29,0
DA:30,0
DA:34,0
DA:42,0
DA:50,0
DA:51,0
DA:52,0
DA:60,0
DA:61,0
DA:62,0
DA:65,0
DA:66,0
DA:68,0
DA:69,0
LF:32
LH:0
BRDA:17,0,0,0
BRDA:29,1,0,0
BRDA:34,2,0,0
BRDA:42,3,0,0
BRDA:60,4,0,0
BRDA:62,5,0,0
BRDA:62,5,1,0
BRF:7
BRH:0
end_of_record
TN:
SF:app/users/page.tsx
FN:22,UsersPage
FN:26,(anonymous_3)
FN:27,(anonymous_4)
FN:42,(anonymous_5)
FN:66,(anonymous_6)
FN:95,(anonymous_7)
FN:99,(anonymous_8)
FN:99,(anonymous_9)
FN:100,(anonymous_10)
FN:123,(anonymous_11)
FNF:10
FNH:0
FNDA:0,UsersPage
FNDA:0,(anonymous_3)
FNDA:0,(anonymous_4)
FNDA:0,(anonymous_5)
FNDA:0,(anonymous_6)
FNDA:0,(anonymous_7)
FNDA:0,(anonymous_8)
FNDA:0,(anonymous_9)
FNDA:0,(anonymous_10)
FNDA:0,(anonymous_11)
DA:3,0
DA:4,0
DA:5,0
DA:6,0
DA:22,0
DA:23,0
DA:24,0
DA:26,0
DA:27,0
DA:28,0
DA:29,0
DA:30,0
DA:31,0
DA:33,0
DA:35,0
DA:39,0
DA:42,0
DA:43,0
DA:44,0
DA:52,0
DA:53,0
DA:57,0
DA:58,0
DA:59,0
DA:61,0
DA:62,0
DA:66,0
DA:67,0
DA:68,0
DA:76,0
DA:77,0
DA:80,0
DA:81,0
DA:85,0
DA:95,0
DA:98,0
DA:99,0
DA:100,0
DA:102,0
DA:124,0
DA:125,0
DA:126,0
LF:42
LH:0
BRDA:31,0,0,0
BRDA:31,0,1,0
BRDA:52,1,0,0
BRDA:59,2,0,0
BRDA:59,2,1,0
BRDA:76,3,0,0
BRDA:102,4,0,0
BRDA:125,5,0,0
BRF:8
BRH:0
end_of_record
TN:
SF:app/users/[id]/page.tsx
FN:8,UserDetailPage
FN:13,(anonymous_3)
FN:14,(anonymous_4)
FN:50,(anonymous_5)
FNF:4
FNH:0
FNDA:0,UserDetailPage
FNDA:0,(anonymous_3)
FNDA:0,(anonymous_4)
FNDA:0,(anonymous_5)
DA:3,0
DA:4,0
DA:5,0
DA:6,0
DA:8,0
DA:9,0
DA:10,0
DA:11,0
DA:13,0
DA:14,0
DA:15,0
DA:16,0
DA:17,0
DA:18,0
DA:20,0
DA:21,0
DA:23,0
DA:25,0
DA:29,0
DA:30,0
DA:34,0
DA:42,0
DA:50,0
DA:51,0
DA:52,0
DA:60,0
DA:61,0
DA:62,0
DA:65,0
DA:66,0
DA:68,0
DA:69,0
LF:32
LH:0
BRDA:17,0,0,0
BRDA:29,1,0,0
BRDA:34,2,0,0
BRDA:42,3,0,0
BRDA:60,4,0,0
BRDA:62,5,0,0
BRDA:62,5,1,0
BRF:7
BRH:0
end_of_record
TN:
SF:app/water-authorities/page.tsx
FN:25,WaterAuthoritiesPage
FN:38,(anonymous_3)
FN:58,(anonymous_4)
FN:69,(anonymous_5)
FN:79,(anonymous_6)
FN:107,(anonymous_7)
FN:108,(anonymous_8)
FN:114,(anonymous_9)
FN:116,(anonymous_10)
FN:122,(anonymous_11)
FN:137,(anonymous_12)
FN:141,(anonymous_13)
FN:141,(anonymous_14)
FN:142,(anonymous_15)
FNF:14
FNH:0
FNDA:0,WaterAuthoritiesPage
FNDA:0,(anonymous_3)
FNDA:0,(anonymous_4)
FNDA:0,(anonymous_5)
FNDA:0,(anonymous_6)
FNDA:0,(anonymous_7)
FNDA:0,(anonymous_8)
FNDA:0,(anonymous_9)
FNDA:0,(anonymous_10)
FNDA:0,(anonymous_11)
FNDA:0,(anonymous_12)
FNDA:0,(anonymous_13)
FNDA:0,(anonymous_14)
FNDA:0,(anonymous_15)
DA:3,0
DA:4,0
DA:5,0
DA:6,0
DA:25,0
DA:26,0
DA:27,0
DA:28,0
DA:34,0
DA:35,0
DA:36,0
DA:38,0
DA:45,0
DA:46,0
DA:47,0
DA:55,0
DA:56,0
DA:57,0
DA:58,0
DA:63,0
DA:65,0
DA:69,0
DA:70,0
DA:79,0
DA:80,0
DA:81,0
DA:89,0
DA:90,0
DA:94,0
DA:102,0
DA:103,0
DA:107,0
DA:108,0
DA:114,0
DA:115,0
DA:116,0
DA:122,0
DA:123,0
DA:124,0
DA:127,0
DA:137,0
DA:140,0
DA:141,0
DA:142,0
DA:144,0
LF:45
LH:0
BRDA:50,0,0,0
BRDA:50,0,1,0
BRDA:51,1,0,0
BRDA:51,1,1,0
BRDA:52,2,0,0
BRDA:52,2,1,0
BRDA:57,3,0,0
BRDA:57,3,1,0
BRDA:89,4,0,0
BRDA:144,5,0,0
BRDA:144,6,0,0
BRDA:144,6,1,0
BRF:12
BRH:0
end_of_record
TN:
SF:app/water-authorities/[id]/page.tsx
FN:8,WaterAuthorityPage
FN:13,(anonymous_3)
FN:14,(anonymous_4)
FN:50,(anonymous_5)
FNF:4
FNH:0
FNDA:0,WaterAuthorityPage
FNDA:0,(anonymous_3)
FNDA:0,(anonymous_4)
FNDA:0,(anonymous_5)
DA:3,0
DA:4,0
DA:5,0
DA:6,0
DA:8,0
DA:9,0
DA:10,0
DA:11,0
DA:13,0
DA:14,0
DA:15,0
DA:16,0
DA:17,0
DA:18,0
DA:20,0
DA:21,0
DA:23,0
DA:25,0
DA:29,0
DA:30,0
DA:34,0
DA:42,0
DA:50,0
DA:51,0
DA:52,0
DA:60,0
DA:61,0
DA:62,0
DA:65,0
DA:66,0
DA:68,0
DA:69,0
LF:32
LH:0
BRDA:17,0,0,0
BRDA:29,1,0,0
BRDA:34,2,0,0
BRDA:42,3,0,0
BRDA:60,4,0,0
BRDA:62,5,0,0
BRDA:62,5,1,0
BRF:7
BRH:0
end_of_record
